2026-02-05T03:24:37.5251006Z     __ __          __      __    _ __     
2026-02-05T03:24:37.5288326Z    / //_/_  _ ____/ /_  __/ /   (_) /____ 
2026-02-05T03:24:37.5288429Z   / ,< / / / / __  / / / / /   / / __/ _  
2026-02-05T03:24:37.5288464Z  / /| / /_/ / /_/ / /_/ / /___/ / /_/  __/
2026-02-05T03:24:37.5288494Z /_/ |_\__,_/\__,_/\__,_/_____/_/\__/\___/ 
2026-02-05T03:24:37.5288530Z 
2026-02-05T03:24:37.5288571Z                                           
2026-02-05T03:24:37.5288619Z DEBUG CONSOLE | AZURE APP SERVICE ON LINUX
2026-02-05T03:24:37.5288648Z 
2026-02-05T03:24:37.5288679Z Documentation: http://aka.ms/webapp-linux
2026-02-05T03:24:37.5288710Z Kudu Version : 20260116.3
2026-02-05T03:24:37.5288742Z Commit       : d04865a6c4b9cf2d3a66d8ec6b42fe7e2f93f36f
2026-02-05T03:24:37.5288774Z Instance Name: 10-30-2-124
2026-02-05T03:24:37.5288808Z Instance Id  : 5d43112dac899e79c5f159102c851f071cec9160838765e615962ec31a27c96f
2026-02-05T03:24:37.5288836Z 
2026-02-05T03:24:40.6831660Z chown: changing ownership of '/temp': Operation not permitted
2026-02-05T03:24:40.6831863Z chmod: changing permissions of '/temp': Operation not permitted
2026-02-05T03:24:41.5033779Z  * Restarting OpenBSD Secure Shell server sshd
2026-02-05T03:24:41.5351159Z    ...done.
2026-02-05T03:24:41.6964904Z node not running, starting node /opt/webssh/index.js
2026-02-05T03:24:46.3150946Z Thu Feb 5 03:24:46 UTC 2026 running .net core
2026-02-05T03:24:47.6758294Z Startup : 03.24.47.663269
2026-02-05T03:24:47.7027037Z Configure Services : 03.24.47.702504
2026-02-05T03:24:48.7461865Z Configure : 03.24.48.745995
2026-02-05T03:24:48.8890048Z Setting Up Routes : 03.24.48.888834
2026-02-05T03:24:48.9130209Z Exiting Configure : 03.24.48.912921
2026-02-05T03:24:48.9991087Z Hosting environment: Production
2026-02-05T03:24:48.9998419Z Content root path: /opt/Kudu
2026-02-05T03:24:48.9998589Z Now listening on: http://0.0.0.0:8181
2026-02-05T03:24:48.9998906Z Application started. Press Ctrl+C to shut down.
