2026-02-05T03:03:05.4417351Z Container start method called.
2026-02-05T03:03:05.4546290Z Establishing network.
2026-02-05T03:03:05.4549078Z Pulling image: appsvc/dotnetcore:10.0_20260115.4.tuxprod.
2026-02-05T03:03:35.6399382Z Image appsvc/dotnetcore:10.0_20260115.4.tuxprod is pulled from registry 10.1.0.4:13209
2026-02-05T03:03:35.6427949Z Container is starting.
2026-02-05T03:03:35.6469585Z Establishing user namespace if not established already.
2026-02-05T03:03:35.6471519Z Establishing network if not established already.
2026-02-05T03:03:35.6472990Z Mounting volumes.
2026-02-05T03:03:35.6495610Z Nested mountpoint 
2026-02-05T03:03:35.6644276Z Nested mountpoint volatile/logs
2026-02-05T03:03:35.6697650Z Nested mountpoint 
2026-02-05T03:03:35.7209685Z Nested mountpoint 
2026-02-05T03:03:35.7220822Z Nested mountpoint 
2026-02-05T03:03:35.8893813Z Creating container.
2026-02-05T03:03:35.8895378Z Creating pipes for streaming container io.
2026-02-05T03:03:35.8896647Z Creating stdout named pipe at /podr/container/pipe/7d5e1517e608_ponovaweight-app/stdout_c79d9463e06e4bba87a070cc3bb9a7c9.
2026-02-05T03:03:35.8921379Z Successfully created stdout named pipe at: /podr/container/pipe/7d5e1517e608_ponovaweight-app/stdout_c79d9463e06e4bba87a070cc3bb9a7c9.
2026-02-05T03:03:35.8924847Z Opening named pipe /podr/container/pipe/7d5e1517e608_ponovaweight-app/stdout_c79d9463e06e4bba87a070cc3bb9a7c9 for reading in non-blocking mode.
2026-02-05T03:03:35.8926905Z Successfully opened named pipe: /podr/container/pipe/7d5e1517e608_ponovaweight-app/stdout_c79d9463e06e4bba87a070cc3bb9a7c9.
2026-02-05T03:03:35.8934626Z Successfully removed non-blocking flag from /podr/container/pipe/7d5e1517e608_ponovaweight-app/stdout_c79d9463e06e4bba87a070cc3bb9a7c9.
2026-02-05T03:03:35.8939628Z Creating stderr named pipe at /podr/container/pipe/7d5e1517e608_ponovaweight-app/stderr_1f622ddbcec849d58739b8d29dbaf1b8.
2026-02-05T03:03:35.8947729Z Successfully created stderr named pipe at: /podr/container/pipe/7d5e1517e608_ponovaweight-app/stderr_1f622ddbcec849d58739b8d29dbaf1b8.
2026-02-05T03:03:35.8961870Z Opening named pipe /podr/container/pipe/7d5e1517e608_ponovaweight-app/stderr_1f622ddbcec849d58739b8d29dbaf1b8 for reading in non-blocking mode.
2026-02-05T03:03:35.8963908Z Successfully opened named pipe: /podr/container/pipe/7d5e1517e608_ponovaweight-app/stderr_1f622ddbcec849d58739b8d29dbaf1b8.
2026-02-05T03:03:35.8967469Z Successfully removed non-blocking flag from /podr/container/pipe/7d5e1517e608_ponovaweight-app/stderr_1f622ddbcec849d58739b8d29dbaf1b8.
2026-02-05T03:03:35.8969773Z Creating container with image: appsvc/dotnetcore:10.0_20260115.4.tuxprod from registry: 10.1.0.4:13209 and fully qualified image name: 10.1.0.4:13209/appsvc/dotnetcore:10.0_20260115.4.tuxprod
2026-02-05T03:03:36.2864407Z Starting container: 7d5e1517e608_ponovaweight-app.
2026-02-05T03:03:36.3218060Z Starting watchers and probes.
2026-02-05T03:03:36.3313306Z Starting metrics collection.
2026-02-05T03:03:36.3317013Z Container is running.
2026-02-05T03:03:36.3774910Z Container start method finished after 30934 ms.
2026-02-05T03:03:50.6414366Z Site startup probe succeeded after 14.2284976 seconds.
2026-02-05T03:03:50.8108335Z Site is running with deployment version: bdccf7e0-7c72-49f4-a938-66367acbf1c4
2026-02-05T03:03:50.8151390Z Site started.
2026-02-05T03:03:50.9129512Z Site is running with patch version DOTNETCORE 10.0.2
2026-02-05T03:09:25.8329149Z Container start method called.
2026-02-05T03:09:25.8331635Z Establishing network.
2026-02-05T03:09:25.8333130Z Pulling image: appsvc/dotnetcore:10.0_20260115.4.tuxprod.
2026-02-05T03:09:30.9007838Z Image appsvc/dotnetcore:10.0_20260115.4.tuxprod is pulled from registry 10.1.0.6:13209
2026-02-05T03:09:30.9167983Z Container is starting.
2026-02-05T03:09:30.9434163Z Establishing user namespace if not established already.
2026-02-05T03:09:30.9436097Z Establishing network if not established already.
2026-02-05T03:09:30.9438514Z Mounting volumes.
2026-02-05T03:09:30.9440661Z Nested mountpoint 
2026-02-05T03:09:30.9534056Z Nested mountpoint volatile/logs
2026-02-05T03:09:31.2351012Z Nested mountpoint 
2026-02-05T03:09:31.2944073Z Nested mountpoint 
2026-02-05T03:09:31.4016333Z Nested mountpoint 
2026-02-05T03:09:36.3483774Z Creating container.
2026-02-05T03:09:36.3485003Z Creating pipes for streaming container io.
2026-02-05T03:09:36.3486114Z Creating stdout named pipe at /podr/container/pipe/419a533c0b5e_ponovaweight-app/stdout_dd63c419e97b4667a51d4824cd468adb.
2026-02-05T03:09:36.3488829Z Successfully created stdout named pipe at: /podr/container/pipe/419a533c0b5e_ponovaweight-app/stdout_dd63c419e97b4667a51d4824cd468adb.
2026-02-05T03:09:36.3490061Z Opening named pipe /podr/container/pipe/419a533c0b5e_ponovaweight-app/stdout_dd63c419e97b4667a51d4824cd468adb for reading in non-blocking mode.
2026-02-05T03:09:36.3491615Z Successfully opened named pipe: /podr/container/pipe/419a533c0b5e_ponovaweight-app/stdout_dd63c419e97b4667a51d4824cd468adb.
2026-02-05T03:09:36.4793138Z Successfully removed non-blocking flag from /podr/container/pipe/419a533c0b5e_ponovaweight-app/stdout_dd63c419e97b4667a51d4824cd468adb.
2026-02-05T03:09:36.5262489Z Creating stderr named pipe at /podr/container/pipe/419a533c0b5e_ponovaweight-app/stderr_9606ca3e5c504f9ca8905d7a20fa7a8d.
2026-02-05T03:09:36.5448782Z Successfully created stderr named pipe at: /podr/container/pipe/419a533c0b5e_ponovaweight-app/stderr_9606ca3e5c504f9ca8905d7a20fa7a8d.
2026-02-05T03:09:36.5459053Z Opening named pipe /podr/container/pipe/419a533c0b5e_ponovaweight-app/stderr_9606ca3e5c504f9ca8905d7a20fa7a8d for reading in non-blocking mode.
2026-02-05T03:09:36.6014800Z Successfully opened named pipe: /podr/container/pipe/419a533c0b5e_ponovaweight-app/stderr_9606ca3e5c504f9ca8905d7a20fa7a8d.
2026-02-05T03:09:36.6398555Z Successfully removed non-blocking flag from /podr/container/pipe/419a533c0b5e_ponovaweight-app/stderr_9606ca3e5c504f9ca8905d7a20fa7a8d.
2026-02-05T03:09:36.6401343Z Creating container with image: appsvc/dotnetcore:10.0_20260115.4.tuxprod from registry: 10.1.0.6:13209 and fully qualified image name: 10.1.0.6:13209/appsvc/dotnetcore:10.0_20260115.4.tuxprod
2026-02-05T03:09:41.9912118Z Starting container: 419a533c0b5e_ponovaweight-app.
2026-02-05T03:09:42.0756625Z Starting watchers and probes.
2026-02-05T03:09:42.0796859Z Starting metrics collection.
2026-02-05T03:09:42.0883990Z Container is running.
2026-02-05T03:09:42.2595879Z Container start method finished after 16425 ms.
2026-02-05T03:11:48.8867026Z Site startup probe succeeded after 126.6173682 seconds.
2026-02-05T03:11:49.4657335Z Site is running with deployment version: bdccf7e0-7c72-49f4-a938-66367acbf1c4
2026-02-05T03:11:49.4691341Z Site started.
2026-02-05T03:11:49.4731680Z Site is running with patch version DOTNETCORE 10.0.2
2026-02-05T03:12:11.3857122Z Container is terminating. Grace period: 5 seconds.
2026-02-05T03:12:11.7430962Z Stop and delete container. Retry count = 0
2026-02-05T03:12:11.7433960Z Stopping container: 7d5e1517e608_ponovaweight-app.
2026-02-05T03:12:20.3302381Z Deleting container: 7d5e1517e608_ponovaweight-app. Retry count = 0
2026-02-05T03:12:32.7005437Z Container spec TerminationMessagePolicy  path 
2026-02-05T03:12:32.7008237Z Container is terminated. Total time elapsed: 21314 ms.
2026-02-05T03:12:32.7973369Z Site: ponovaweight-app stopped.
2026-02-05T03:13:40.8066016Z Container start method called.
2026-02-05T03:13:40.8068396Z Establishing network.
2026-02-05T03:13:40.8070161Z Pulling image: appsvc/dotnetcore:10.0_20260115.4.tuxprod.
2026-02-05T03:13:40.9558701Z Container is starting.
2026-02-05T03:13:40.9560824Z Establishing user namespace if not established already.
2026-02-05T03:13:40.9562085Z Establishing network if not established already.
2026-02-05T03:13:40.9563372Z Mounting volumes.
2026-02-05T03:13:40.9566224Z Nested mountpoint 
2026-02-05T03:13:40.9878024Z Nested mountpoint volatile/logs
2026-02-05T03:13:41.0220916Z Nested mountpoint 
2026-02-05T03:13:41.0585458Z Nested mountpoint 
2026-02-05T03:13:41.0722192Z Nested mountpoint 
2026-02-05T03:13:41.2834162Z Creating container.
2026-02-05T03:13:41.2837169Z Creating pipes for streaming container io.
2026-02-05T03:13:41.2838995Z Creating stdout named pipe at /podr/container/pipe/fbe9df19fe6b_ponovaweight-app/stdout_5102716856164d77b298061d5958a199.
2026-02-05T03:13:41.2841643Z Successfully created stdout named pipe at: /podr/container/pipe/fbe9df19fe6b_ponovaweight-app/stdout_5102716856164d77b298061d5958a199.
2026-02-05T03:13:41.2843322Z Opening named pipe /podr/container/pipe/fbe9df19fe6b_ponovaweight-app/stdout_5102716856164d77b298061d5958a199 for reading in non-blocking mode.
2026-02-05T03:13:41.2846856Z Successfully opened named pipe: /podr/container/pipe/fbe9df19fe6b_ponovaweight-app/stdout_5102716856164d77b298061d5958a199.
2026-02-05T03:13:41.2848510Z Successfully removed non-blocking flag from /podr/container/pipe/fbe9df19fe6b_ponovaweight-app/stdout_5102716856164d77b298061d5958a199.
2026-02-05T03:13:41.2850204Z Creating stderr named pipe at /podr/container/pipe/fbe9df19fe6b_ponovaweight-app/stderr_694a7c1e85d74712b8a39c1d7e0e5c44.
2026-02-05T03:13:41.2852372Z Successfully created stderr named pipe at: /podr/container/pipe/fbe9df19fe6b_ponovaweight-app/stderr_694a7c1e85d74712b8a39c1d7e0e5c44.
2026-02-05T03:13:41.2853980Z Opening named pipe /podr/container/pipe/fbe9df19fe6b_ponovaweight-app/stderr_694a7c1e85d74712b8a39c1d7e0e5c44 for reading in non-blocking mode.
2026-02-05T03:13:41.2855715Z Successfully opened named pipe: /podr/container/pipe/fbe9df19fe6b_ponovaweight-app/stderr_694a7c1e85d74712b8a39c1d7e0e5c44.
2026-02-05T03:13:41.2858509Z Successfully removed non-blocking flag from /podr/container/pipe/fbe9df19fe6b_ponovaweight-app/stderr_694a7c1e85d74712b8a39c1d7e0e5c44.
2026-02-05T03:13:41.2860227Z Creating container with image: appsvc/dotnetcore:10.0_20260115.4.tuxprod from registry: 10.1.0.6:13209 and fully qualified image name: 10.1.0.6:13209/appsvc/dotnetcore:10.0_20260115.4.tuxprod
2026-02-05T03:13:41.9791712Z Starting container: fbe9df19fe6b_ponovaweight-app.
2026-02-05T03:13:42.0139929Z Starting watchers and probes.
2026-02-05T03:13:42.0252601Z Starting metrics collection.
2026-02-05T03:13:42.0254751Z Container is running.
2026-02-05T03:13:42.0802889Z Container start method finished after 1273 ms.
2026-02-05T03:14:19.5796076Z Site startup probe succeeded after 37.4871909 seconds.
2026-02-05T03:14:20.1000269Z Site is running with deployment version: bdccf7e0-7c72-49f4-a938-66367acbf1c4
2026-02-05T03:14:20.1005815Z Site started.
2026-02-05T03:14:20.1268977Z Site is running with patch version DOTNETCORE 10.0.2
2026-02-05T03:14:40.2171753Z Container is terminating. Grace period: 5 seconds.
2026-02-05T03:14:40.2866452Z Stop and delete container. Retry count = 0
2026-02-05T03:14:40.2868143Z Stopping container: 419a533c0b5e_ponovaweight-app.
2026-02-05T03:14:45.5016812Z Deleting container: 419a533c0b5e_ponovaweight-app. Retry count = 0
2026-02-05T03:14:45.9388683Z Container spec TerminationMessagePolicy  path 
2026-02-05T03:14:45.9390935Z Container is terminated. Total time elapsed: 5721 ms.
2026-02-05T03:14:45.9392309Z Site: ponovaweight-app stopped.
2026-02-05T03:16:26.2083894Z Container start method called.
2026-02-05T03:16:26.2091231Z Establishing network.
2026-02-05T03:16:26.2092380Z Pulling image: appsvc/dotnetcore:10.0_20260115.4.tuxprod.
2026-02-05T03:16:26.5108753Z Container is starting.
2026-02-05T03:16:26.5110703Z Establishing user namespace if not established already.
2026-02-05T03:16:26.5111620Z Establishing network if not established already.
2026-02-05T03:16:26.5112721Z Mounting volumes.
2026-02-05T03:16:26.5114241Z Nested mountpoint site/wwwroot
2026-02-05T03:16:26.5186976Z Nested mountpoint volatile/logs
2026-02-05T03:16:26.5513219Z Nested mountpoint 
2026-02-05T03:16:26.5719415Z Nested mountpoint 
2026-02-05T03:16:26.6635576Z Nested mountpoint 
2026-02-05T03:16:26.6656930Z Nested mountpoint 
2026-02-05T03:16:29.9894382Z Creating container.
2026-02-05T03:16:29.9906211Z Creating pipes for streaming container io.
2026-02-05T03:16:29.9908414Z Creating stdout named pipe at /podr/container/pipe/5e490e0a6cad_ponovaweight-app/stdout_52dc24ef691e48d38db8c77b12db7c25.
2026-02-05T03:16:29.9949081Z Successfully created stdout named pipe at: /podr/container/pipe/5e490e0a6cad_ponovaweight-app/stdout_52dc24ef691e48d38db8c77b12db7c25.
2026-02-05T03:16:29.9950094Z Opening named pipe /podr/container/pipe/5e490e0a6cad_ponovaweight-app/stdout_52dc24ef691e48d38db8c77b12db7c25 for reading in non-blocking mode.
2026-02-05T03:16:29.9951261Z Successfully opened named pipe: /podr/container/pipe/5e490e0a6cad_ponovaweight-app/stdout_52dc24ef691e48d38db8c77b12db7c25.
2026-02-05T03:16:29.9952240Z Successfully removed non-blocking flag from /podr/container/pipe/5e490e0a6cad_ponovaweight-app/stdout_52dc24ef691e48d38db8c77b12db7c25.
2026-02-05T03:16:29.9953260Z Creating stderr named pipe at /podr/container/pipe/5e490e0a6cad_ponovaweight-app/stderr_1af90c69f048409180d3241ae4bec2eb.
2026-02-05T03:16:29.9965967Z Successfully created stderr named pipe at: /podr/container/pipe/5e490e0a6cad_ponovaweight-app/stderr_1af90c69f048409180d3241ae4bec2eb.
2026-02-05T03:16:29.9967151Z Opening named pipe /podr/container/pipe/5e490e0a6cad_ponovaweight-app/stderr_1af90c69f048409180d3241ae4bec2eb for reading in non-blocking mode.
2026-02-05T03:16:29.9968434Z Successfully opened named pipe: /podr/container/pipe/5e490e0a6cad_ponovaweight-app/stderr_1af90c69f048409180d3241ae4bec2eb.
2026-02-05T03:16:29.9969504Z Successfully removed non-blocking flag from /podr/container/pipe/5e490e0a6cad_ponovaweight-app/stderr_1af90c69f048409180d3241ae4bec2eb.
2026-02-05T03:16:29.9970813Z Creating container with image: appsvc/dotnetcore:10.0_20260115.4.tuxprod from registry: 10.1.0.4:13209 and fully qualified image name: 10.1.0.4:13209/appsvc/dotnetcore:10.0_20260115.4.tuxprod
2026-02-05T03:16:30.8818388Z Starting container: 5e490e0a6cad_ponovaweight-app.
2026-02-05T03:16:30.9562639Z Starting watchers and probes.
2026-02-05T03:16:30.9565191Z Starting metrics collection.
2026-02-05T03:16:30.9566917Z Container is running.
2026-02-05T03:16:31.0455308Z Container start method finished after 4836 ms.
2026-02-05T03:16:47.1389713Z Site startup probe failed after 16.091588 seconds.
2026-02-05T03:16:47.5176306Z Failed to start site. Revert by stopping site.
2026-02-05T03:16:47.5259275Z Container is terminating. Grace period: 5 seconds.
2026-02-05T03:16:47.5566446Z Stop and delete container. Retry count = 0
2026-02-05T03:16:47.5567782Z Stopping container: 5e490e0a6cad_ponovaweight-app.
2026-02-05T03:16:52.7817913Z Deleting container: 5e490e0a6cad_ponovaweight-app. Retry count = 0
2026-02-05T03:16:53.0455041Z Container spec TerminationMessagePolicy  path 
2026-02-05T03:16:53.0470196Z Container is terminated. Total time elapsed: 5519 ms.
2026-02-05T03:16:53.0471304Z Site container: ponovaweight-app terminated during site startup.
2026-02-05T03:16:53.0644264Z Site: ponovaweight-app stopped.
2026-02-05T03:17:14.4211859Z Container is terminating. Grace period: 5 seconds.
2026-02-05T03:17:14.5079348Z Stop and delete container. Retry count = 0
2026-02-05T03:17:14.5173988Z Stopping container: fbe9df19fe6b_ponovaweight-app.
2026-02-05T03:17:20.9091898Z Deleting container: fbe9df19fe6b_ponovaweight-app. Retry count = 0
2026-02-05T03:17:26.3353156Z Container spec TerminationMessagePolicy  path 
2026-02-05T03:17:26.3355430Z Container is terminated. Total time elapsed: 11894 ms.
2026-02-05T03:17:26.3357175Z Site: ponovaweight-app stopped.
2026-02-05T03:22:42.1092040Z Container start method called.
2026-02-05T03:22:42.1562771Z Establishing network.
2026-02-05T03:22:42.1565322Z Pulling image: appsvc/dotnetcore:10.0_20260115.4.tuxprod.
2026-02-05T03:22:45.6934899Z Container is starting.
2026-02-05T03:22:45.7154866Z Establishing user namespace if not established already.
2026-02-05T03:22:45.7604146Z Establishing network if not established already.
2026-02-05T03:22:45.8219798Z Mounting volumes.
2026-02-05T03:22:45.9135738Z Nested mountpoint site/wwwroot
2026-02-05T03:22:45.9982657Z Nested mountpoint volatile/logs
2026-02-05T03:22:46.3749882Z Nested mountpoint 
2026-02-05T03:22:46.5608652Z Nested mountpoint 
2026-02-05T03:22:47.1511370Z Nested mountpoint 
2026-02-05T03:22:47.3437192Z Nested mountpoint 
2026-02-05T03:22:56.0621654Z Creating container.
2026-02-05T03:22:56.0626114Z Creating pipes for streaming container io.
2026-02-05T03:22:56.0628418Z Creating stdout named pipe at /podr/container/pipe/c2b7f44cf607_ponovaweight-app/stdout_00ce2916dc154dea93a4ab146378d0ae.
2026-02-05T03:22:56.0684166Z Successfully created stdout named pipe at: /podr/container/pipe/c2b7f44cf607_ponovaweight-app/stdout_00ce2916dc154dea93a4ab146378d0ae.
2026-02-05T03:22:56.0686283Z Opening named pipe /podr/container/pipe/c2b7f44cf607_ponovaweight-app/stdout_00ce2916dc154dea93a4ab146378d0ae for reading in non-blocking mode.
2026-02-05T03:22:56.0688008Z Successfully opened named pipe: /podr/container/pipe/c2b7f44cf607_ponovaweight-app/stdout_00ce2916dc154dea93a4ab146378d0ae.
2026-02-05T03:22:56.0689153Z Successfully removed non-blocking flag from /podr/container/pipe/c2b7f44cf607_ponovaweight-app/stdout_00ce2916dc154dea93a4ab146378d0ae.
2026-02-05T03:22:56.0690458Z Creating stderr named pipe at /podr/container/pipe/c2b7f44cf607_ponovaweight-app/stderr_0d5d4593205544559a8ceb394c0cd1a1.
2026-02-05T03:22:56.0731976Z Successfully created stderr named pipe at: /podr/container/pipe/c2b7f44cf607_ponovaweight-app/stderr_0d5d4593205544559a8ceb394c0cd1a1.
2026-02-05T03:22:56.0733274Z Opening named pipe /podr/container/pipe/c2b7f44cf607_ponovaweight-app/stderr_0d5d4593205544559a8ceb394c0cd1a1 for reading in non-blocking mode.
2026-02-05T03:22:56.0735060Z Successfully opened named pipe: /podr/container/pipe/c2b7f44cf607_ponovaweight-app/stderr_0d5d4593205544559a8ceb394c0cd1a1.
2026-02-05T03:22:56.0756146Z Successfully removed non-blocking flag from /podr/container/pipe/c2b7f44cf607_ponovaweight-app/stderr_0d5d4593205544559a8ceb394c0cd1a1.
2026-02-05T03:22:56.0822372Z Creating container with image: appsvc/dotnetcore:10.0_20260115.4.tuxprod from registry: 10.1.0.4:13209 and fully qualified image name: 10.1.0.4:13209/appsvc/dotnetcore:10.0_20260115.4.tuxprod
2026-02-05T03:23:01.1166571Z Starting container: c2b7f44cf607_ponovaweight-app.
2026-02-05T03:23:01.6931705Z Starting watchers and probes.
2026-02-05T03:23:01.7298484Z Starting metrics collection.
2026-02-05T03:23:01.7299846Z Container is running.
2026-02-05T03:23:02.1444855Z Container start method finished after 19988 ms.
2026-02-05T03:23:43.5140590Z Site startup probe succeeded after 41.1701417 seconds.
2026-02-05T03:23:43.6433250Z Site is running with deployment version: bdccf7e0-7c72-49f4-a938-66367acbf1c4
2026-02-05T03:23:43.6455873Z Site started.
2026-02-05T03:23:43.6765935Z Site is running with patch version DOTNETCORE 10.0.2
2026-02-05T03:24:43.8776832Z Container start method called.
2026-02-05T03:24:43.8827270Z Establishing network.
2026-02-05T03:24:43.8830877Z Pulling image: appsvc/dotnetcore:10.0_20260115.4.tuxprod.
2026-02-05T03:24:44.1369218Z Container is starting.
2026-02-05T03:24:44.1371169Z Establishing user namespace if not established already.
2026-02-05T03:24:44.1372771Z Establishing network if not established already.
2026-02-05T03:24:44.1374428Z Mounting volumes.
2026-02-05T03:24:44.1376431Z Nested mountpoint site/wwwroot
2026-02-05T03:24:44.1418113Z Nested mountpoint volatile/logs
2026-02-05T03:24:44.1458742Z Nested mountpoint 
2026-02-05T03:24:44.1614806Z Nested mountpoint 
2026-02-05T03:24:44.2101533Z Nested mountpoint 
2026-02-05T03:24:44.2136603Z Nested mountpoint 
2026-02-05T03:24:47.2515388Z Creating container.
2026-02-05T03:24:47.2539875Z Creating pipes for streaming container io.
2026-02-05T03:24:47.2549971Z Creating stdout named pipe at /podr/container/pipe/9554c7ced931_ponovaweight-app/stdout_a96d291aa6ca4702ae5c3de2a89ce3cd.
2026-02-05T03:24:47.2586552Z Successfully created stdout named pipe at: /podr/container/pipe/9554c7ced931_ponovaweight-app/stdout_a96d291aa6ca4702ae5c3de2a89ce3cd.
2026-02-05T03:24:47.2587821Z Opening named pipe /podr/container/pipe/9554c7ced931_ponovaweight-app/stdout_a96d291aa6ca4702ae5c3de2a89ce3cd for reading in non-blocking mode.
2026-02-05T03:24:47.2589069Z Successfully opened named pipe: /podr/container/pipe/9554c7ced931_ponovaweight-app/stdout_a96d291aa6ca4702ae5c3de2a89ce3cd.
2026-02-05T03:24:47.2590000Z Successfully removed non-blocking flag from /podr/container/pipe/9554c7ced931_ponovaweight-app/stdout_a96d291aa6ca4702ae5c3de2a89ce3cd.
2026-02-05T03:24:47.2591135Z Creating stderr named pipe at /podr/container/pipe/9554c7ced931_ponovaweight-app/stderr_865c63c4c2414f2b95ab299b3b3706d1.
2026-02-05T03:24:47.2592908Z Successfully created stderr named pipe at: /podr/container/pipe/9554c7ced931_ponovaweight-app/stderr_865c63c4c2414f2b95ab299b3b3706d1.
2026-02-05T03:24:47.2593910Z Opening named pipe /podr/container/pipe/9554c7ced931_ponovaweight-app/stderr_865c63c4c2414f2b95ab299b3b3706d1 for reading in non-blocking mode.
2026-02-05T03:24:47.2595241Z Successfully opened named pipe: /podr/container/pipe/9554c7ced931_ponovaweight-app/stderr_865c63c4c2414f2b95ab299b3b3706d1.
2026-02-05T03:24:47.2596758Z Successfully removed non-blocking flag from /podr/container/pipe/9554c7ced931_ponovaweight-app/stderr_865c63c4c2414f2b95ab299b3b3706d1.
2026-02-05T03:24:47.2597972Z Creating container with image: appsvc/dotnetcore:10.0_20260115.4.tuxprod from registry: 10.1.0.6:13209 and fully qualified image name: 10.1.0.6:13209/appsvc/dotnetcore:10.0_20260115.4.tuxprod
2026-02-05T03:24:48.4296878Z Starting container: 9554c7ced931_ponovaweight-app.
2026-02-05T03:24:48.4571454Z Starting watchers and probes.
2026-02-05T03:24:48.4653484Z Starting metrics collection.
2026-02-05T03:24:48.4656316Z Container is running.
2026-02-05T03:24:48.5419831Z Container start method finished after 4664 ms.
