2026-02-20T16:54:08.9461087Z    _____                               
2026-02-20T16:54:09.0413926Z   /  _  \ __________ _________   ____  
2026-02-20T16:54:09.0414054Z  /  /_\  \\___   /  |  \_  __ \_/ __ \ 
2026-02-20T16:54:09.0414115Z /    |    \/    /|  |  /|  | \/\  ___/ 
2026-02-20T16:54:09.0414167Z \____|__  /_____ \____/ |__|    \___  >
2026-02-20T16:54:09.0414263Z         \/      \/                  \/ 
2026-02-20T16:54:09.0414328Z A P P   S E R V I C E   O N   L I N U X
2026-02-20T16:54:09.0414381Z 
2026-02-20T16:54:09.0414441Z Documentation       : http://aka.ms/webapp-linux
2026-02-20T16:54:09.0414529Z Dotnet quickstart   : https://aka.ms/dotnet-qs
2026-02-20T16:54:09.0414617Z ASP .NETCore Version: 10.0.2
2026-02-20T16:54:09.0414681Z Instance Name       : 10-30-2-82
2026-02-20T16:54:09.0414786Z Instance Id         : 9e82f9b6e251fa1695c6a5397706f0245e55a791b331036ed6360539daaea64b
2026-02-20T16:54:09.0414827Z 
2026-02-20T16:54:09.0414880Z Note: Any data outside '/home' is not persisted
2026-02-20T16:54:13.2545661Z  * Starting OpenBSD Secure Shell server sshd
2026-02-20T16:54:13.3151393Z    ...done.
2026-02-20T16:54:13.3332962Z WEBSITES_INCLUDE_CLOUD_CERTS is not set to true.
2026-02-20T16:54:13.3984416Z Updating certificates in /etc/ssl/certs...
2026-02-20T16:54:37.0311665Z rehash: warning: skipping duplicate certificate in SSLcom-TLS-Root-2022-ECC.pem
2026-02-20T16:54:37.0370046Z rehash: warning: skipping duplicate certificate in SSLcom-TLS-Root-2022-RSA.pem
2026-02-20T16:54:37.3191511Z rehash: warning: skipping ca-certificates.crt,it does not contain exactly one certificate or CRL
2026-02-20T16:54:37.3207017Z 4 added, 0 removed; done.
2026-02-20T16:54:37.3207239Z Running hooks in /etc/ca-certificates/update.d...
2026-02-20T16:54:37.3239985Z done.
2026-02-20T16:54:37.3335303Z CA certificates copied and updated successfully.
2026-02-20T16:54:37.6864877Z  * Starting periodic command scheduler cron
2026-02-20T16:54:37.8859308Z    ...done.
2026-02-20T16:54:37.9001084Z Running oryx create-script -appPath /home/site/wwwroot -output /opt/startup/startup.sh -defaultAppFilePath /defaulthome/hostingstart/hostingstart.dll     -bindPort 8080 -bindPort2 '' -userStartupCommand 'dotnet PoNovaWeight.Api.dll' 
2026-02-20T16:54:39.6810505Z Could not find build manifest file at '/home/site/wwwroot/oryx-manifest.toml'
2026-02-20T16:54:39.6811041Z Could not find operation ID in manifest. Generating an operation id...
2026-02-20T16:54:39.6811580Z Build Operation ID: edb85e5b-658d-4ff4-aba2-4a23f5d896f5
2026-02-20T16:54:41.4066918Z 
2026-02-20T16:54:41.4067926Z Agent extension 
2026-02-20T16:54:41.4069506Z Before if loop >> DotNet Runtime 
2026-02-20T16:54:41.4171463Z DotNet Runtime 10.0Writing output script to '/opt/startup/startup.sh'
2026-02-20T16:54:41.5001612Z Running user provided startup command...
2026-02-20T16:54:58.1250764Z [16:54:58 INF] Azure Key Vault configured: https://kv-poshared.vault.azure.net/
2026-02-20T16:54:58.2382679Z [16:54:58 INF] Data Protection configured with Azure Blob Storage: https://stponovaweight.blob.core.windows.net/dataprotection-keys/keys.xml
2026-02-20T16:55:06.2182593Z [16:55:06 WRN] Failed to determine the https port for redirect.
2026-02-20T16:55:06.2325757Z [16:55:06 WRN] Failed to determine the https port for redirect.
2026-02-20T16:55:06.7083496Z [16:55:06 INF] HTTP GET /robots933456.txt responded 404 in 1405.0352 ms
2026-02-20T16:55:06.7108632Z [16:55:06 INF] HTTP GET /robots933456.txt responded 404 in 1405.0352 ms
2026-02-20T16:55:07.9541551Z [16:55:07 INF] HTTP GET /index.html responded 200 in 103.5928 ms
2026-02-20T16:55:07.9543185Z [16:55:07 INF] HTTP GET /index.html responded 200 in 103.5928 ms
2026-02-20T16:55:07.9543246Z [16:55:07 INF] HTTP GET / responded 200 in 6.9162 ms
2026-02-20T16:55:07.9543283Z [16:55:07 INF] HTTP GET / responded 200 in 6.9162 ms
2026-02-20T16:55:07.9866127Z [16:55:07 INF] HTTP GET /index.html responded 200 in 181.8586 ms
2026-02-20T16:55:07.9871624Z [16:55:07 INF] HTTP GET /index.html responded 200 in 181.8586 ms
2026-02-20T16:55:09.1889802Z [16:55:09 INF] HTTP GET /js/imageCompressor.js responded 200 in 28.4776 ms
2026-02-20T16:55:09.1955804Z [16:55:09 INF] HTTP GET /js/imageCompressor.js responded 200 in 28.4776 ms
2026-02-20T16:55:09.2030183Z [16:55:09 INF] HTTP GET /css/app.css responded 200 in 31.0394 ms
2026-02-20T16:55:09.2046575Z [16:55:09 INF] HTTP GET /css/app.css responded 200 in 31.0394 ms
2026-02-20T16:55:09.2142021Z [16:55:09 INF] HTTP GET /_content/Microsoft.AspNetCore.Components.WebAssembly.Authentication/AuthenticationService.js responded 200 in 54.8664 ms
2026-02-20T16:55:09.2152588Z [16:55:09 INF] HTTP GET /_content/Microsoft.AspNetCore.Components.WebAssembly.Authentication/AuthenticationService.js responded 200 in 54.8664 ms
2026-02-20T16:55:09.7969687Z [16:55:09 INF] HTTP GET /_framework/blazor.webassembly.js.br responded 200 in 421.1653 ms
2026-02-20T16:55:09.7981102Z [16:55:09 INF] HTTP GET /_framework/blazor.webassembly.js.br responded 200 in 421.1653 ms
2026-02-20T16:55:09.8005393Z [16:55:09 INF] HTTP GET /manifest.json responded 200 in 3.5919 ms
2026-02-20T16:55:09.8013022Z [16:55:09 INF] HTTP GET /manifest.json responded 200 in 3.5919 ms
2026-02-20T16:55:09.8825451Z [16:55:09 INF] HTTP GET /_framework/dotnet.js.br responded 200 in 2.0989 ms
2026-02-20T16:55:09.8825813Z [16:55:09 INF] HTTP GET /_framework/dotnet.js.br responded 200 in 2.0989 ms
2026-02-20T16:55:10.0329815Z [16:55:10 INF] HTTP GET /_framework/dotnet.runtime.q5rqv3xrhm.js.br responded 200 in 25.1173 ms
2026-02-20T16:55:10.0333768Z [16:55:10 INF] HTTP GET /_framework/dotnet.runtime.q5rqv3xrhm.js.br responded 200 in 25.1173 ms
2026-02-20T16:55:10.1152640Z [16:55:10 INF] HTTP GET /_framework/dotnet.native.69poregybn.js.br responded 200 in 91.2210 ms
2026-02-20T16:55:10.1153098Z [16:55:10 INF] HTTP GET /_framework/dotnet.native.69poregybn.js.br responded 200 in 91.2210 ms
2026-02-20T16:55:11.0473530Z [16:55:11 INF] HTTP GET /_framework/Microsoft.AspNetCore.Authorization.0pckucmtto.wasm.br responded 200 in 905.6874 ms
2026-02-20T16:55:11.0483940Z [16:55:11 INF] HTTP GET /_framework/Microsoft.AspNetCore.Authorization.0pckucmtto.wasm.br responded 200 in 905.6874 ms
2026-02-20T16:55:11.0738268Z [16:55:11 INF] HTTP GET /_framework/Microsoft.AspNetCore.Components.Authorization.yif3dk0ero.wasm.br responded 200 in 930.9235 ms
2026-02-20T16:55:11.0750485Z [16:55:11 INF] HTTP GET /_framework/Microsoft.AspNetCore.Components.Authorization.yif3dk0ero.wasm.br responded 200 in 930.9235 ms
2026-02-20T16:55:11.0754916Z [16:55:11 INF] HTTP GET /_framework/Microsoft.AspNetCore.Components.WebAssembly.sz81dxbwgt.wasm.br responded 200 in 21.3651 ms
2026-02-20T16:55:11.0758690Z [16:55:11 INF] HTTP GET /_framework/Microsoft.AspNetCore.Components.WebAssembly.sz81dxbwgt.wasm.br responded 200 in 21.3651 ms
2026-02-20T16:55:11.0780390Z [16:55:11 INF] HTTP GET /_framework/System.Runtime.InteropServices.JavaScript.ktbegkrd8y.wasm.br responded 200 in 929.0512 ms
2026-02-20T16:55:11.0814242Z [16:55:11 INF] HTTP GET /_framework/FluentValidation.fvee6lf8f0.wasm.br responded 200 in 939.1470 ms
2026-02-20T16:55:11.0840229Z [16:55:11 INF] HTTP GET /_framework/FluentValidation.fvee6lf8f0.wasm.br responded 200 in 939.1470 ms
2026-02-20T16:55:11.0867307Z [16:55:11 INF] HTTP GET /_framework/Microsoft.Extensions.Configuration.Json.vejc7kiu4g.wasm.br responded 200 in 9.9296 ms
2026-02-20T16:55:11.0878093Z [16:55:11 INF] HTTP GET /_framework/Microsoft.Extensions.Logging.Abstractions.rxkozi4a98.wasm.br responded 200 in 6.7989 ms
2026-02-20T16:55:11.0885668Z [16:55:11 INF] HTTP GET /_framework/Microsoft.Extensions.Logging.Abstractions.rxkozi4a98.wasm.br responded 200 in 6.7989 ms
2026-02-20T16:55:11.0893131Z [16:55:11 INF] HTTP GET /_framework/Microsoft.Extensions.Configuration.Abstractions.hbc44uj53q.wasm.br responded 200 in 5.7442 ms
2026-02-20T16:55:11.0893197Z [16:55:11 INF] HTTP GET /_framework/Microsoft.Extensions.Configuration.Abstractions.hbc44uj53q.wasm.br responded 200 in 5.7442 ms
2026-02-20T16:55:11.0900349Z [16:55:11 INF] HTTP GET /_framework/Microsoft.Extensions.DependencyInjection.Abstractions.74uva1alr2.wasm.br responded 200 in 8.6546 ms
2026-02-20T16:55:11.0900448Z [16:55:11 INF] HTTP GET /_framework/Microsoft.Extensions.DependencyInjection.Abstractions.74uva1alr2.wasm.br responded 200 in 8.6546 ms
2026-02-20T16:55:11.0905544Z [16:55:11 INF] HTTP GET /_framework/Microsoft.AspNetCore.Components.Web.pu5ueti7r6.wasm.br responded 200 in 948.9769 ms
2026-02-20T16:55:11.0905644Z [16:55:11 INF] HTTP GET /_framework/Microsoft.AspNetCore.Components.Web.pu5ueti7r6.wasm.br responded 200 in 948.9769 ms
2026-02-20T16:55:11.0920022Z [16:55:11 INF] HTTP GET /_framework/PoNovaWeight.Shared.7zh5k3uz02.wasm.br responded 200 in 9.1022 ms
2026-02-20T16:55:11.0920134Z [16:55:11 INF] HTTP GET /_framework/PoNovaWeight.Shared.7zh5k3uz02.wasm.br responded 200 in 9.1022 ms
2026-02-20T16:55:11.0930408Z [16:55:11 INF] HTTP GET /_framework/System.Runtime.InteropServices.JavaScript.ktbegkrd8y.wasm.br responded 200 in 929.0512 ms
2026-02-20T16:55:11.0974349Z [16:55:11 INF] HTTP GET /_framework/Microsoft.AspNetCore.Components.WebAssembly.Authentication.q8u8czx62f.wasm.br responded 200 in 941.7492 ms
2026-02-20T16:55:11.0974722Z [16:55:11 INF] HTTP GET /_framework/Microsoft.Extensions.Configuration.Json.vejc7kiu4g.wasm.br responded 200 in 9.9296 ms
2026-02-20T16:55:11.0974768Z [16:55:11 INF] HTTP GET /_framework/Microsoft.AspNetCore.Components.WebAssembly.Authentication.q8u8czx62f.wasm.br responded 200 in 941.7492 ms
2026-02-20T16:55:11.1251823Z [16:55:11 INF] HTTP GET /_framework/Microsoft.Extensions.Logging.adb1sa7uq5.wasm.br responded 200 in 39.7738 ms
2026-02-20T16:55:11.1252255Z [16:55:11 INF] HTTP GET /_framework/Microsoft.Extensions.Logging.adb1sa7uq5.wasm.br responded 200 in 39.7738 ms
2026-02-20T16:55:11.1265435Z [16:55:11 INF] HTTP GET /_framework/System.Collections.Immutable.5f8y504vtt.wasm.br responded 200 in 39.1263 ms
2026-02-20T16:55:11.1265627Z [16:55:11 INF] HTTP GET /_framework/System.Collections.Immutable.5f8y504vtt.wasm.br responded 200 in 39.1263 ms
2026-02-20T16:55:11.1282058Z [16:55:11 INF] HTTP GET /_framework/System.Net.Http.Json.ivwefv7z7w.wasm.br responded 200 in 37.9854 ms
2026-02-20T16:55:11.1310612Z [16:55:11 INF] HTTP GET /_framework/System.Net.Http.Json.ivwefv7z7w.wasm.br responded 200 in 37.9854 ms
2026-02-20T16:55:11.1310866Z [16:55:11 INF] HTTP GET /_framework/System.Collections.x99q1mopi5.wasm.br responded 200 in 36.1867 ms
2026-02-20T16:55:11.1310908Z [16:55:11 INF] HTTP GET /_framework/System.Collections.x99q1mopi5.wasm.br responded 200 in 36.1867 ms
2026-02-20T16:55:11.1347783Z [16:55:11 INF] HTTP GET /_framework/Microsoft.Extensions.Http.motponpkkz.wasm.br responded 200 in 43.3950 ms
2026-02-20T16:55:11.1348159Z [16:55:11 INF] HTTP GET /_framework/Microsoft.Extensions.Http.motponpkkz.wasm.br responded 200 in 43.3950 ms
2026-02-20T16:55:11.1435676Z [16:55:11 INF] HTTP GET /_framework/Microsoft.Extensions.Diagnostics.Abstractions.kg82yi04eu.wasm.br responded 200 in 49.0004 ms
2026-02-20T16:55:11.1438586Z [16:55:11 INF] HTTP GET /_framework/Microsoft.Extensions.Diagnostics.Abstractions.kg82yi04eu.wasm.br responded 200 in 49.0004 ms
2026-02-20T16:55:11.1840462Z [16:55:11 INF] HTTP GET /_framework/Microsoft.Extensions.DependencyInjection.scyrntte5w.wasm.br responded 200 in 99.9013 ms
2026-02-20T16:55:11.1844600Z [16:55:11 INF] HTTP GET /_framework/Microsoft.Extensions.DependencyInjection.scyrntte5w.wasm.br responded 200 in 99.9013 ms
2026-02-20T16:55:11.1995134Z [16:55:11 INF] HTTP GET /_framework/System.Console.4o8s3lxnpt.wasm.br responded 200 in 64.9186 ms
2026-02-20T16:55:11.2012730Z [16:55:11 INF] HTTP GET /_framework/System.Console.4o8s3lxnpt.wasm.br responded 200 in 64.9186 ms
2026-02-20T16:55:11.2034292Z [16:55:11 INF] HTTP GET /_framework/System.Net.Primitives.nlzmlluvkx.wasm.br responded 200 in 71.9465 ms
2026-02-20T16:55:11.2042028Z [16:55:11 INF] HTTP GET /_framework/System.Net.Primitives.nlzmlluvkx.wasm.br responded 200 in 71.9465 ms
2026-02-20T16:55:11.2075059Z [16:55:11 INF] HTTP GET /_framework/Microsoft.AspNetCore.Metadata.ww4ggncq2s.wasm.br responded 200 in 76.8885 ms
2026-02-20T16:55:11.2088572Z [16:55:11 INF] HTTP GET /_framework/Microsoft.AspNetCore.Metadata.ww4ggncq2s.wasm.br responded 200 in 76.8885 ms
2026-02-20T16:55:11.2128464Z [16:55:11 INF] HTTP GET /_framework/System.Diagnostics.DiagnosticSource.yql5bp1hxm.wasm.br responded 200 in 11.7186 ms
2026-02-20T16:55:11.2139300Z [16:55:11 INF] HTTP GET /_framework/System.Diagnostics.DiagnosticSource.yql5bp1hxm.wasm.br responded 200 in 11.7186 ms
2026-02-20T16:55:11.2168222Z [16:55:11 INF] HTTP GET /_framework/Microsoft.Extensions.Options.oonhhn53vs.wasm.br responded 200 in 1.3799 ms
2026-02-20T16:55:11.2168453Z [16:55:11 INF] HTTP GET /_framework/System.IO.Pipelines.g0pkbrbtu0.wasm.br responded 200 in 5.6402 ms
2026-02-20T16:55:11.2168486Z [16:55:11 INF] HTTP GET /_framework/Microsoft.Extensions.Options.oonhhn53vs.wasm.br responded 200 in 1.3799 ms
2026-02-20T16:55:11.2191536Z [16:55:11 INF] HTTP GET /_framework/System.IO.Pipelines.g0pkbrbtu0.wasm.br responded 200 in 5.6402 ms
2026-02-20T16:55:11.2191811Z [16:55:11 INF] HTTP GET /_framework/System.ComponentModel.zshcyi7w4p.wasm.br responded 200 in 2.3403 ms
2026-02-20T16:55:11.2201526Z [16:55:11 INF] HTTP GET /_framework/System.ComponentModel.zshcyi7w4p.wasm.br responded 200 in 2.3403 ms
2026-02-20T16:55:11.2259687Z [16:55:11 INF] HTTP GET /_framework/System.Text.Encodings.Web.1gnwx0z74m.wasm.br responded 200 in 8.1103 ms
2026-02-20T16:55:11.2266555Z [16:55:11 INF] HTTP GET /_framework/System.Text.Encodings.Web.1gnwx0z74m.wasm.br responded 200 in 8.1103 ms
2026-02-20T16:55:11.2308534Z [16:55:11 INF] HTTP GET /_framework/Microsoft.JSInterop.WebAssembly.nsfh695mwg.wasm.br responded 200 in 9.4438 ms
2026-02-20T16:55:11.2310977Z [16:55:11 INF] HTTP GET /_framework/System.Memory.ni4qbvxfv6.wasm.br responded 200 in 10.4184 ms
2026-02-20T16:55:11.2313913Z [16:55:11 INF] HTTP GET /_framework/System.Memory.ni4qbvxfv6.wasm.br responded 200 in 10.4184 ms
2026-02-20T16:55:11.2324557Z [16:55:11 INF] HTTP GET /_framework/Microsoft.JSInterop.WebAssembly.nsfh695mwg.wasm.br responded 200 in 9.4438 ms
2026-02-20T16:55:11.2332097Z [16:55:11 INF] HTTP GET /_framework/Microsoft.JSInterop.qlw0jdw9ru.wasm.br responded 200 in 141.1744 ms
2026-02-20T16:55:11.2340451Z [16:55:11 INF] HTTP GET /_framework/Microsoft.JSInterop.qlw0jdw9ru.wasm.br responded 200 in 141.1744 ms
2026-02-20T16:55:11.2349612Z [16:55:11 INF] HTTP GET /_framework/Microsoft.Extensions.Primitives.p672mzndxd.wasm.br responded 200 in 109.2284 ms
2026-02-20T16:55:11.2358384Z [16:55:11 INF] HTTP GET /_framework/Microsoft.Extensions.Primitives.p672mzndxd.wasm.br responded 200 in 109.2284 ms
2026-02-20T16:55:11.2369164Z [16:55:11 INF] HTTP GET /_framework/Microsoft.Extensions.Configuration.vgt38fu9qn.wasm.br responded 200 in 138.3335 ms
2026-02-20T16:55:11.2369734Z [16:55:11 INF] HTTP GET /_framework/System.Collections.Concurrent.aht38gk4o6.wasm.br responded 200 in 146.1171 ms
2026-02-20T16:55:11.2373867Z [16:55:11 INF] HTTP GET /_framework/Microsoft.Extensions.Configuration.vgt38fu9qn.wasm.br responded 200 in 138.3335 ms
2026-02-20T16:55:11.2379073Z [16:55:11 INF] HTTP GET /_framework/System.Net.Http.w81jlvxoef.wasm.br responded 200 in 141.8728 ms
2026-02-20T16:55:11.2379169Z [16:55:11 INF] HTTP GET /_framework/System.Collections.Concurrent.aht38gk4o6.wasm.br responded 200 in 146.1171 ms
2026-02-20T16:55:11.2387560Z [16:55:11 INF] HTTP GET /_framework/System.Net.Http.w81jlvxoef.wasm.br responded 200 in 141.8728 ms
2026-02-20T16:55:11.2387655Z [16:55:11 INF] HTTP GET /_framework/Microsoft.Extensions.Diagnostics.d43fimjtkc.wasm.br responded 200 in 110.2969 ms
2026-02-20T16:55:11.2417118Z [16:55:11 INF] HTTP GET /_framework/Microsoft.Extensions.Diagnostics.d43fimjtkc.wasm.br responded 200 in 110.2969 ms
2026-02-20T16:55:11.2427436Z [16:55:11 INF] HTTP GET /icons/icon-192x192.svg responded 200 in 114.3118 ms
2026-02-20T16:55:11.2456603Z [16:55:11 INF] HTTP GET /_framework/System.Linq.Expressions.qp5wzg75hi.wasm.br responded 200 in 156.3335 ms
2026-02-20T16:55:11.2456838Z [16:55:11 INF] HTTP GET /_framework/Microsoft.AspNetCore.Components.n85vbwl8w7.wasm.br responded 200 in 1099.2156 ms
2026-02-20T16:55:11.2456878Z [16:55:11 INF] HTTP GET /_framework/System.Linq.Expressions.qp5wzg75hi.wasm.br responded 200 in 156.3335 ms
2026-02-20T16:55:11.2456910Z [16:55:11 INF] HTTP GET /_framework/Microsoft.AspNetCore.Components.n85vbwl8w7.wasm.br responded 200 in 1099.2156 ms
2026-02-20T16:55:11.2458559Z [16:55:11 INF] HTTP GET /_framework/System.Private.CoreLib.n3x77zm0m4.wasm.br responded 200 in 1104.1712 ms
2026-02-20T16:55:11.2459852Z [16:55:11 INF] HTTP GET /_framework/System.Private.CoreLib.n3x77zm0m4.wasm.br responded 200 in 1104.1712 ms
2026-02-20T16:55:11.2475441Z [16:55:11 INF] HTTP GET /icons/icon-192x192.svg responded 200 in 114.3118 ms
2026-02-20T16:55:11.2510042Z [16:55:11 INF] HTTP GET /_framework/PoNovaWeight.Client.btag87l1uw.wasm.br responded 200 in 45.6150 ms
2026-02-20T16:55:11.2521411Z [16:55:11 INF] HTTP GET /_framework/PoNovaWeight.Client.btag87l1uw.wasm.br responded 200 in 45.6150 ms
2026-02-20T16:55:11.3443625Z [16:55:11 INF] HTTP GET /_framework/dotnet.native.2mv1pqdd2n.wasm.br responded 200 in 1308.4924 ms
2026-02-20T16:55:11.3474794Z [16:55:11 INF] HTTP GET /_framework/dotnet.native.2mv1pqdd2n.wasm.br responded 200 in 1308.4924 ms
2026-02-20T16:55:11.5922260Z [16:55:11 INF] HTTP GET /appsettings.json responded 200 in 49.4123 ms
2026-02-20T16:55:11.5929727Z [16:55:11 INF] HTTP GET /_framework/System.Threading.mdjiq1lozv.wasm.br responded 200 in 53.6436 ms
2026-02-20T16:55:11.5929889Z [16:55:11 INF] HTTP GET /_framework/System.Threading.mdjiq1lozv.wasm.br responded 200 in 53.6436 ms
2026-02-20T16:55:11.5929935Z [16:55:11 INF] HTTP GET /appsettings.json responded 200 in 49.4123 ms
2026-02-20T16:55:11.6089719Z [16:55:11 INF] HTTP GET /_framework/System.Runtime.2x0b51eq30.wasm.br responded 200 in 13.0412 ms
2026-02-20T16:55:11.6106814Z [16:55:11 INF] HTTP GET /_framework/System.Linq.8xxb76jp0j.wasm.br responded 200 in 15.8768 ms
2026-02-20T16:55:11.6107023Z [16:55:11 INF] HTTP GET /_framework/System.Linq.8xxb76jp0j.wasm.br responded 200 in 15.8768 ms
2026-02-20T16:55:11.6107063Z [16:55:11 INF] HTTP GET /_framework/System.Runtime.2x0b51eq30.wasm.br responded 200 in 13.0412 ms
2026-02-20T16:55:11.6113183Z [16:55:11 INF] HTTP GET /_framework/System.Text.RegularExpressions.foj7vla4vw.wasm.br responded 200 in 81.8194 ms
2026-02-20T16:55:11.6113280Z [16:55:11 INF] HTTP GET /_framework/System.Text.RegularExpressions.foj7vla4vw.wasm.br responded 200 in 81.8194 ms
2026-02-20T16:55:11.6151200Z [16:55:11 INF] HTTP GET /_framework/icudt_EFIGS.tptq2av103.dat.br responded 200 in 66.2134 ms
2026-02-20T16:55:11.6151545Z [16:55:11 INF] HTTP GET /_framework/icudt_EFIGS.tptq2av103.dat.br responded 200 in 66.2134 ms
2026-02-20T16:55:11.6203067Z [16:55:11 INF] HTTP GET /_framework/System.Text.Json.vnpe9e12cn.wasm.br responded 200 in 26.2703 ms
2026-02-20T16:55:11.6208810Z [16:55:11 INF] HTTP GET /_framework/System.Text.Json.vnpe9e12cn.wasm.br responded 200 in 26.2703 ms
2026-02-20T16:55:11.6550921Z [16:55:11 INF] HTTP GET /_framework/System.Security.Claims.7aue89bvnj.wasm.br responded 200 in 47.2514 ms
2026-02-20T16:55:11.6558192Z [16:55:11 INF] HTTP GET /_framework/System.Private.Uri.vmuwgdmv19.wasm.br responded 200 in 48.1938 ms
2026-02-20T16:55:11.6565283Z [16:55:11 INF] HTTP GET /_framework/System.Private.Uri.vmuwgdmv19.wasm.br responded 200 in 48.1938 ms
2026-02-20T16:55:11.6604458Z [16:55:11 INF] HTTP GET /_framework/System.Security.Claims.7aue89bvnj.wasm.br responded 200 in 47.2514 ms
2026-02-20T16:55:11.6632085Z [16:55:11 INF] HTTP GET /_framework/System.Security.Cryptography.ouxcxoa0xa.wasm.br responded 200 in 58.9688 ms
2026-02-20T16:55:11.6644303Z [16:55:11 INF] HTTP GET /_framework/System.Security.Cryptography.ouxcxoa0xa.wasm.br responded 200 in 58.9688 ms
2026-02-20T16:55:12.9738328Z [16:55:12 INF] HTTP GET /index.html responded 200 in 10.2481 ms
2026-02-20T16:55:12.9757091Z [16:55:12 INF] HTTP GET /index.html responded 200 in 10.2481 ms
2026-02-20T16:55:13.0725622Z [16:55:13 INF] HTTP GET /_framework/blazor.webassembly.js.br responded 304 in 3.9030 ms
2026-02-20T16:55:13.0739723Z [16:55:13 INF] HTTP GET /_framework/blazor.webassembly.js.br responded 304 in 3.9030 ms
2026-02-20T17:00:19.1234504Z [17:00:19 INF] HTTP GET /index.html responded 200 in 91.0416 ms
2026-02-20T17:00:19.1234804Z [17:00:19 INF] HTTP GET /index.html responded 200 in 91.0416 ms
2026-02-20T17:00:19.2266213Z [17:00:19 INF] HTTP GET /_framework/blazor.webassembly.js.br responded 200 in 9.6970 ms
2026-02-20T17:00:19.2266829Z [17:00:19 INF] HTTP GET /_framework/blazor.webassembly.js.br responded 200 in 9.6970 ms
2026-02-20T17:00:19.3233408Z [17:00:19 INF] HTTP GET /_framework/dotnet.js.br responded 304 in 5.6253 ms
2026-02-20T17:00:19.3239286Z [17:00:19 INF] HTTP GET /_framework/dotnet.js.br responded 304 in 5.6253 ms
2026-02-20T17:00:19.4284913Z [17:00:19 INF] HTTP GET /_framework/dotnet.runtime.q5rqv3xrhm.js.br responded 304 in 4.7317 ms
2026-02-20T17:00:19.4301799Z [17:00:19 INF] HTTP GET /_framework/dotnet.runtime.q5rqv3xrhm.js.br responded 304 in 4.7317 ms
2026-02-20T17:00:19.4404296Z [17:00:19 INF] HTTP GET /_framework/dotnet.native.69poregybn.js.br responded 304 in 8.5660 ms
2026-02-20T17:00:19.4435491Z [17:00:19 INF] HTTP GET /_framework/dotnet.native.69poregybn.js.br responded 304 in 8.5660 ms
2026-02-20T17:00:19.4747885Z [17:00:19 INF] HTTP GET /appsettings.json responded 304 in 1.6676 ms
2026-02-20T17:00:19.4780104Z [17:00:19 INF] HTTP GET /appsettings.json responded 304 in 1.6676 ms
2026-02-20T17:00:22.3992978Z [17:00:22 INF] HTTP GET /api/daily-logs/streak responded 200 in 2323.4134 ms
2026-02-20T17:00:22.3993653Z [17:00:22 INF] HTTP GET /api/daily-logs/streak responded 200 in 2323.4134 ms
2026-02-20T17:00:22.4033282Z [17:00:22 INF] HTTP GET /api/daily-logs/alcohol-correlation responded 200 in 2332.1324 ms
2026-02-20T17:00:22.4035674Z [17:00:22 INF] HTTP GET /api/daily-logs/alcohol-correlation responded 200 in 2332.1324 ms
2026-02-20T17:00:22.4315455Z [17:00:22 INF] HTTP GET /api/daily-logs/trends responded 200 in 2355.6199 ms
2026-02-20T17:00:22.4319291Z [17:00:22 INF] HTTP GET /api/daily-logs/trends responded 200 in 2355.6199 ms
2026-02-20T17:00:22.4387869Z [17:00:22 INF] HTTP GET /api/weekly-summary/2026-02-20 responded 200 in 2375.5693 ms
2026-02-20T17:00:22.4388688Z [17:00:22 INF] HTTP GET /api/weekly-summary/2026-02-20 responded 200 in 2375.5693 ms
2026-02-20T17:00:25.1551035Z [17:00:25 INF] HTTP GET /api/daily-logs/2026-02-20 responded 200 in 227.6008 ms
2026-02-20T17:00:25.1552283Z [17:00:25 INF] HTTP GET /api/daily-logs/2026-02-20 responded 200 in 227.6008 ms
2026-02-20T17:00:25.4812935Z [17:00:25 INF] HTTP GET /api/daily-logs/2026-02-19 responded 200 in 220.0431 ms
2026-02-20T17:00:25.4813644Z [17:00:25 INF] HTTP GET /api/daily-logs/2026-02-19 responded 200 in 220.0431 ms
2026-02-20T17:00:25.8039731Z [17:00:25 INF] HTTP GET /api/daily-logs/2026-02-20 responded 200 in 227.8724 ms
2026-02-20T17:00:25.8044032Z [17:00:25 INF] HTTP GET /api/daily-logs/2026-02-20 responded 200 in 227.8724 ms
2026-02-20T17:00:26.1142170Z [17:00:26 INF] HTTP GET /api/daily-logs/2026-02-19 responded 200 in 218.5122 ms
2026-02-20T17:00:26.1144210Z [17:00:26 INF] HTTP GET /api/daily-logs/2026-02-19 responded 200 in 218.5122 ms
2026-02-20T17:00:28.5950133Z [17:00:28 INF] HTTP POST /api/daily-logs/water responded 200 in 325.4165 ms
2026-02-20T17:00:28.5950554Z [17:00:28 INF] HTTP POST /api/daily-logs/water responded 200 in 325.4165 ms
2026-02-20T17:00:31.0711165Z [17:00:31 INF] HTTP PUT /api/daily-logs responded 200 in 264.5462 ms
2026-02-20T17:00:31.0740109Z [17:00:31 INF] HTTP PUT /api/daily-logs responded 200 in 264.5462 ms
2026-02-20T17:00:36.6441111Z [17:00:36 INF] HTTP PUT /api/daily-logs responded 200 in 240.1003 ms
2026-02-20T17:00:36.6441519Z [17:00:36 INF] HTTP PUT /api/daily-logs responded 200 in 240.1003 ms
2026-02-20T17:00:36.7072459Z [17:00:36 INF] HTTP PUT /api/daily-logs responded 200 in 246.1650 ms
2026-02-20T17:00:36.7074540Z [17:00:36 INF] HTTP PUT /api/daily-logs responded 200 in 246.1650 ms
2026-02-20T17:00:37.0417426Z [17:00:37 INF] HTTP GET /api/daily-logs/streak responded 200 in 229.8282 ms
2026-02-20T17:00:37.0417822Z [17:00:37 INF] HTTP GET /api/daily-logs/streak responded 200 in 229.8282 ms
2026-02-20T17:00:37.0780671Z [17:00:37 INF] HTTP GET /api/daily-logs/trends responded 200 in 261.4734 ms
2026-02-20T17:00:37.0860585Z [17:00:37 INF] HTTP GET /api/daily-logs/trends responded 200 in 261.4734 ms
2026-02-20T17:00:37.0886731Z [17:00:37 INF] HTTP GET /api/weekly-summary/2026-02-20 responded 200 in 246.4825 ms
2026-02-20T17:00:37.0886971Z [17:00:37 INF] HTTP GET /api/weekly-summary/2026-02-20 responded 200 in 246.4825 ms
2026-02-20T17:00:37.0887012Z [17:00:37 INF] HTTP GET /api/daily-logs/alcohol-correlation responded 200 in 239.7813 ms
2026-02-20T17:00:37.0887045Z [17:00:37 INF] HTTP GET /api/daily-logs/alcohol-correlation responded 200 in 239.7813 ms
2026-02-20T17:00:39.0698140Z [17:00:39 INF] HTTP GET /api/daily-logs/monthly/2026/2 responded 200 in 226.5573 ms
2026-02-20T17:00:39.0703050Z [17:00:39 INF] HTTP GET /api/daily-logs/monthly/2026/2 responded 200 in 226.5573 ms
2026-02-20T17:00:40.6182641Z [17:00:40 INF] HTTP GET /api/daily-logs/2026-02-20 responded 200 in 220.8155 ms
2026-02-20T17:00:40.6183334Z [17:00:40 INF] HTTP GET /api/daily-logs/2026-02-20 responded 200 in 220.8155 ms
2026-02-20T17:00:40.9282713Z [17:00:40 INF] HTTP GET /api/daily-logs/2026-02-19 responded 200 in 217.4103 ms
2026-02-20T17:00:40.9295776Z [17:00:40 INF] HTTP GET /api/daily-logs/2026-02-19 responded 200 in 217.4103 ms
2026-02-20T17:00:41.2355647Z [17:00:41 INF] HTTP GET /api/daily-logs/2026-02-20 responded 200 in 215.1137 ms
2026-02-20T17:00:41.2362348Z [17:00:41 INF] HTTP GET /api/daily-logs/2026-02-20 responded 200 in 215.1137 ms
2026-02-20T17:00:41.5479434Z [17:00:41 INF] HTTP GET /api/daily-logs/2026-02-19 responded 200 in 217.5842 ms
2026-02-20T17:00:41.5496386Z [17:00:41 INF] HTTP GET /api/daily-logs/2026-02-19 responded 200 in 217.5842 ms
2026-02-20T17:00:50.5595893Z [17:00:50 INF] HTTP PUT /api/daily-logs responded 200 in 222.0081 ms
2026-02-20T17:00:50.5603613Z [17:00:50 INF] HTTP PUT /api/daily-logs responded 200 in 222.0081 ms
2026-02-20T17:00:54.0552271Z [17:00:54 INF] HTTP PUT /api/daily-logs responded 200 in 218.5809 ms
2026-02-20T17:00:54.0561787Z [17:00:54 INF] HTTP PUT /api/daily-logs responded 200 in 218.5809 ms
2026-02-20T17:00:54.4960198Z [17:00:54 INF] HTTP GET /api/weekly-summary/2026-02-20 responded 200 in 220.4776 ms
2026-02-20T17:00:54.4970138Z [17:00:54 INF] HTTP GET /api/weekly-summary/2026-02-20 responded 200 in 220.4776 ms
2026-02-20T17:00:54.5062337Z [17:00:54 INF] HTTP GET /api/daily-logs/streak responded 200 in 228.5636 ms
2026-02-20T17:00:54.5131223Z [17:00:54 INF] HTTP GET /api/daily-logs/streak responded 200 in 228.5636 ms
2026-02-20T17:00:54.5241216Z [17:00:54 INF] HTTP GET /api/daily-logs/alcohol-correlation responded 200 in 244.0796 ms
2026-02-20T17:00:54.5259687Z [17:00:54 INF] HTTP GET /api/daily-logs/alcohol-correlation responded 200 in 244.0796 ms
2026-02-20T17:00:54.5267361Z [17:00:54 INF] HTTP GET /api/daily-logs/trends responded 200 in 242.3943 ms
2026-02-20T17:00:54.5294883Z [17:00:54 INF] HTTP GET /api/daily-logs/trends responded 200 in 242.3943 ms
2026-02-20T17:00:56.4148755Z [17:00:56 INF] HTTP GET /api/daily-logs/monthly/2026/2 responded 200 in 218.4637 ms
2026-02-20T17:00:56.4154804Z [17:00:56 INF] HTTP GET /api/daily-logs/monthly/2026/2 responded 200 in 218.4637 ms
2026-02-20T17:00:57.9350845Z [17:00:57 INF] HTTP GET /api/daily-logs/2026-02-20 responded 200 in 217.8554 ms
2026-02-20T17:00:57.9363866Z [17:00:57 INF] HTTP GET /api/daily-logs/2026-02-20 responded 200 in 217.8554 ms
2026-02-20T17:00:58.2510013Z [17:00:58 INF] HTTP GET /api/daily-logs/2026-02-19 responded 200 in 215.9925 ms
2026-02-20T17:00:58.2510328Z [17:00:58 INF] HTTP GET /api/daily-logs/2026-02-19 responded 200 in 215.9925 ms
2026-02-20T17:00:58.5645800Z [17:00:58 INF] HTTP GET /api/daily-logs/2026-02-20 responded 200 in 218.8434 ms
2026-02-20T17:00:58.5646178Z [17:00:58 INF] HTTP GET /api/daily-logs/2026-02-20 responded 200 in 218.8434 ms
2026-02-20T17:00:58.8817239Z [17:00:58 INF] HTTP GET /api/daily-logs/2026-02-19 responded 200 in 216.5803 ms
2026-02-20T17:00:58.8817969Z [17:00:58 INF] HTTP GET /api/daily-logs/2026-02-19 responded 200 in 216.5803 ms
2026-02-20T17:01:07.7410395Z [17:01:07 INF] HTTP PUT /api/daily-logs responded 200 in 217.2323 ms
2026-02-20T17:01:07.7410877Z [17:01:07 INF] HTTP PUT /api/daily-logs responded 200 in 217.2323 ms
2026-02-20T17:01:07.7850713Z [17:01:07 INF] HTTP PUT /api/daily-logs responded 200 in 217.4306 ms
2026-02-20T17:01:07.7887163Z [17:01:07 INF] HTTP PUT /api/daily-logs responded 200 in 217.4306 ms
2026-02-20T17:01:08.1241565Z [17:01:08 INF] HTTP GET /api/weekly-summary/2026-02-20 responded 200 in 218.5898 ms
2026-02-20T17:01:08.1251395Z [17:01:08 INF] HTTP GET /api/weekly-summary/2026-02-20 responded 200 in 218.5898 ms
2026-02-20T17:01:08.1251621Z [17:01:08 INF] HTTP GET /api/daily-logs/streak responded 200 in 224.3319 ms
2026-02-20T17:01:08.1251721Z [17:01:08 INF] HTTP GET /api/daily-logs/streak responded 200 in 224.3319 ms
2026-02-20T17:01:08.1261164Z [17:01:08 INF] HTTP GET /api/daily-logs/trends responded 200 in 218.4820 ms
2026-02-20T17:01:08.1263338Z [17:01:08 INF] HTTP GET /api/daily-logs/trends responded 200 in 218.4820 ms
2026-02-20T17:01:08.1287036Z [17:01:08 INF] HTTP GET /api/daily-logs/alcohol-correlation responded 200 in 224.1885 ms
2026-02-20T17:01:08.1294793Z [17:01:08 INF] HTTP GET /api/daily-logs/alcohol-correlation responded 200 in 224.1885 ms
2026-02-20T17:01:09.7503528Z [17:01:09 INF] HTTP GET /api/daily-logs/monthly/2026/2 responded 200 in 221.7089 ms
2026-02-20T17:01:09.7504181Z [17:01:09 INF] HTTP GET /api/daily-logs/monthly/2026/2 responded 200 in 221.7089 ms
2026-02-20T17:01:11.1453480Z [17:01:11 INF] HTTP GET /api/daily-logs/2026-02-20 responded 200 in 223.6900 ms
2026-02-20T17:01:11.1453962Z [17:01:11 INF] HTTP GET /api/daily-logs/2026-02-20 responded 200 in 223.6900 ms
2026-02-20T17:01:11.5503456Z [17:01:11 INF] HTTP GET /api/daily-logs/2026-02-19 responded 200 in 216.0709 ms
2026-02-20T17:01:11.5504363Z [17:01:11 INF] HTTP GET /api/daily-logs/2026-02-19 responded 200 in 216.0709 ms
2026-02-20T17:01:11.8578381Z [17:01:11 INF] HTTP GET /api/daily-logs/2026-02-20 responded 200 in 213.3582 ms
2026-02-20T17:01:11.8592192Z [17:01:11 INF] HTTP GET /api/daily-logs/2026-02-20 responded 200 in 213.3582 ms
2026-02-20T17:01:12.1793062Z [17:01:12 INF] HTTP GET /api/daily-logs/2026-02-19 responded 200 in 226.9949 ms
2026-02-20T17:01:12.1793490Z [17:01:12 INF] HTTP GET /api/daily-logs/2026-02-19 responded 200 in 226.9949 ms
2026-02-20T17:01:17.2150371Z [17:01:17 INF] HTTP GET /api/weekly-summary/2026-02-20 responded 200 in 214.8056 ms
2026-02-20T17:01:17.2150853Z [17:01:17 INF] HTTP GET /api/weekly-summary/2026-02-20 responded 200 in 214.8056 ms
2026-02-20T17:01:17.2187324Z [17:01:17 INF] HTTP GET /api/daily-logs/streak responded 200 in 219.1226 ms
2026-02-20T17:01:17.2187998Z [17:01:17 INF] HTTP GET /api/daily-logs/streak responded 200 in 219.1226 ms
2026-02-20T17:01:17.2218574Z [17:01:17 INF] HTTP GET /api/daily-logs/alcohol-correlation responded 200 in 214.2388 ms
2026-02-20T17:01:17.2219442Z [17:01:17 INF] HTTP GET /api/daily-logs/alcohol-correlation responded 200 in 214.2388 ms
2026-02-20T17:01:17.2329133Z [17:01:17 INF] HTTP GET /api/daily-logs/trends responded 200 in 216.8758 ms
2026-02-20T17:01:17.2335152Z [17:01:17 INF] HTTP GET /api/daily-logs/trends responded 200 in 216.8758 ms
2026-02-20T17:01:22.7776444Z [17:01:22 INF] HTTP GET /api/daily-logs/monthly/2026/2 responded 200 in 216.6176 ms
2026-02-20T17:01:22.7777196Z [17:01:22 INF] HTTP GET /api/daily-logs/monthly/2026/2 responded 200 in 216.6176 ms
2026-02-20T17:01:25.4084264Z [17:01:25 INF] HTTP GET /api/daily-logs/trends responded 200 in 239.7660 ms
2026-02-20T17:01:25.4090638Z [17:01:25 INF] HTTP GET /api/daily-logs/trends responded 200 in 239.7660 ms
2026-02-20T17:01:25.4147028Z [17:01:25 INF] HTTP GET /api/daily-logs/alcohol-correlation responded 200 in 241.4434 ms
2026-02-20T17:01:25.4147241Z [17:01:25 INF] HTTP GET /api/daily-logs/alcohol-correlation responded 200 in 241.4434 ms
2026-02-20T17:01:25.4147281Z [17:01:25 INF] HTTP GET /api/daily-logs/streak responded 200 in 242.0606 ms
2026-02-20T17:01:25.4147311Z [17:01:25 INF] HTTP GET /api/daily-logs/streak responded 200 in 242.0606 ms
2026-02-20T17:01:25.4147343Z [17:01:25 INF] HTTP GET /api/weekly-summary/2026-02-20 responded 200 in 253.0860 ms
2026-02-20T17:01:25.4147375Z [17:01:25 INF] HTTP GET /api/weekly-summary/2026-02-20 responded 200 in 253.0860 ms
2026-02-20T17:01:32.1769257Z [17:01:32 INF] HTTP GET /api/daily-logs/2026-02-20 responded 200 in 232.1668 ms
2026-02-20T17:01:32.1769792Z [17:01:32 INF] HTTP GET /api/daily-logs/2026-02-20 responded 200 in 232.1668 ms
2026-02-20T17:01:32.8235184Z [17:01:32 INF] HTTP GET /api/daily-logs/2026-02-19 responded 200 in 216.4956 ms
2026-02-20T17:01:32.8235408Z [17:01:32 INF] HTTP GET /api/daily-logs/2026-02-19 responded 200 in 216.4956 ms
2026-02-20T17:01:33.5762339Z [17:01:33 INF] HTTP GET /api/daily-logs/2026-02-20 responded 200 in 253.7244 ms
2026-02-20T17:01:33.5762583Z [17:01:33 INF] HTTP GET /api/daily-logs/2026-02-20 responded 200 in 253.7244 ms
2026-02-20T17:01:33.9715179Z [17:01:33 INF] HTTP GET /api/daily-logs/2026-02-19 responded 200 in 289.0026 ms
2026-02-20T17:01:33.9715829Z [17:01:33 INF] HTTP GET /api/daily-logs/2026-02-19 responded 200 in 289.0026 ms
2026-02-20T17:01:38.6495337Z [17:01:38 INF] HTTP GET /api/weekly-summary/2026-02-20 responded 200 in 221.8161 ms
2026-02-20T17:01:38.6503652Z [17:01:38 INF] HTTP GET /api/weekly-summary/2026-02-20 responded 200 in 221.8161 ms
2026-02-20T17:01:38.6638192Z [17:01:38 INF] HTTP GET /api/daily-logs/alcohol-correlation responded 200 in 221.4209 ms
2026-02-20T17:01:38.6638430Z [17:01:38 INF] HTTP GET /api/daily-logs/alcohol-correlation responded 200 in 221.4209 ms
2026-02-20T17:01:38.6638861Z [17:01:38 INF] HTTP GET /api/daily-logs/streak responded 200 in 226.0190 ms
2026-02-20T17:01:38.6638896Z [17:01:38 INF] HTTP GET /api/daily-logs/streak responded 200 in 226.0190 ms
2026-02-20T17:01:38.6667835Z [17:01:38 INF] HTTP GET /api/daily-logs/trends responded 200 in 229.9574 ms
2026-02-20T17:01:38.6670910Z [17:01:38 INF] HTTP GET /api/daily-logs/trends responded 200 in 229.9574 ms
2026-02-20T17:01:44.6448970Z [17:01:44 INF] HTTP GET /api/weekly-summary/2026-02-20 responded 200 in 225.9587 ms
2026-02-20T17:01:44.6449427Z [17:01:44 INF] HTTP GET /api/weekly-summary/2026-02-20 responded 200 in 225.9587 ms
2026-02-20T17:01:44.6509685Z [17:01:44 INF] HTTP GET /api/daily-logs/trends responded 200 in 219.1699 ms
2026-02-20T17:01:44.6510093Z [17:01:44 INF] HTTP GET /api/daily-logs/trends responded 200 in 219.1699 ms
2026-02-20T17:01:44.6517642Z [17:01:44 INF] HTTP GET /api/daily-logs/streak responded 200 in 219.0291 ms
2026-02-20T17:01:44.6517770Z [17:01:44 INF] HTTP GET /api/daily-logs/streak responded 200 in 219.0291 ms
2026-02-20T17:01:44.7012957Z [17:01:44 INF] HTTP GET /api/daily-logs/alcohol-correlation responded 200 in 269.5427 ms
2026-02-20T17:01:44.7013611Z [17:01:44 INF] HTTP GET /api/daily-logs/alcohol-correlation responded 200 in 269.5427 ms
2026-02-20T17:13:08.8945904Z [17:13:08 INF] HTTP GET /health responded 200 in 31478.6651 ms
2026-02-20T17:13:08.9017679Z [17:13:08 INF] HTTP GET /health responded 200 in 31478.6651 ms
