2026-02-21T22:24:55.3874772Z    _____                               
2026-02-21T22:24:55.3957864Z   /  _  \ __________ _________   ____  
2026-02-21T22:24:55.3958517Z  /  /_\  \\___   /  |  \_  __ \_/ __ \ 
2026-02-21T22:24:55.3958595Z /    |    \/    /|  |  /|  | \/\  ___/ 
2026-02-21T22:24:55.3958652Z \____|__  /_____ \____/ |__|    \___  >
2026-02-21T22:24:55.3958709Z         \/      \/                  \/ 
2026-02-21T22:24:55.3958928Z A P P   S E R V I C E   O N   L I N U X
2026-02-21T22:24:55.3958992Z 
2026-02-21T22:24:55.3959066Z Documentation       : http://aka.ms/webapp-linux
2026-02-21T22:24:55.3959137Z Dotnet quickstart   : https://aka.ms/dotnet-qs
2026-02-21T22:24:55.3959217Z ASP .NETCore Version: 10.0.2
2026-02-21T22:24:55.3959315Z Instance Name       : 10-30-2-4
2026-02-21T22:24:55.3959393Z Instance Id         : 0bab8dd9cc1eda70b7d4478b07cb2010d0cdfeb78a8f17d9fcc4a6a755b1a2ba
2026-02-21T22:24:55.3959449Z 
2026-02-21T22:24:55.3959509Z Note: Any data outside '/home' is not persisted
2026-02-21T22:24:56.3997117Z  * Starting OpenBSD Secure Shell server sshd
2026-02-21T22:24:56.4172861Z    ...done.
2026-02-21T22:24:56.4294686Z WEBSITES_INCLUDE_CLOUD_CERTS is not set to true.
2026-02-21T22:24:56.4555221Z Updating certificates in /etc/ssl/certs...
2026-02-21T22:25:03.7647878Z rehash: warning: skipping duplicate certificate in SSLcom-TLS-Root-2022-ECC.pem
2026-02-21T22:25:03.7649020Z rehash: warning: skipping duplicate certificate in SSLcom-TLS-Root-2022-RSA.pem
2026-02-21T22:25:03.8325741Z rehash: warning: skipping ca-certificates.crt,it does not contain exactly one certificate or CRL
2026-02-21T22:25:03.8523422Z 4 added, 0 removed; done.
2026-02-21T22:25:03.8523937Z Running hooks in /etc/ca-certificates/update.d...
2026-02-21T22:25:03.8550738Z done.
2026-02-21T22:25:03.8625177Z CA certificates copied and updated successfully.
2026-02-21T22:25:03.9910031Z  * Starting periodic command scheduler cron
2026-02-21T22:25:04.0406480Z    ...done.
2026-02-21T22:25:04.0464775Z Running oryx create-script -appPath /home/site/wwwroot -output /opt/startup/startup.sh -defaultAppFilePath /defaulthome/hostingstart/hostingstart.dll     -bindPort 8080 -bindPort2 '' -userStartupCommand 'dotnet PoNovaWeight.Api.dll' 
2026-02-21T22:25:04.1225945Z Could not find build manifest file at '/home/site/wwwroot/oryx-manifest.toml'
2026-02-21T22:25:04.1226612Z Could not find operation ID in manifest. Generating an operation id...
2026-02-21T22:25:04.1227384Z Build Operation ID: af8f7ec1-3dd8-4be6-8e75-2ca7514a54c2
2026-02-21T22:25:04.2904209Z 
2026-02-21T22:25:04.2906272Z Agent extension 
2026-02-21T22:25:04.2906369Z Before if loop >> DotNet Runtime 
2026-02-21T22:25:04.2970384Z DotNet Runtime 10.0Writing output script to '/opt/startup/startup.sh'
2026-02-21T22:25:04.3131393Z Running user provided startup command...
2026-02-21T22:25:11.0457453Z [22:25:11 INF] Azure Key Vault configured: https://kv-poshared.vault.azure.net/
2026-02-21T22:25:11.0858508Z [22:25:11 INF] Data Protection configured with Azure Blob Storage: https://stponovaweight.blob.core.windows.net/dataprotection-keys/keys.xml
2026-02-21T22:25:14.3091430Z [22:25:14 WRN] Failed to determine the https port for redirect.
2026-02-21T22:25:14.3194945Z [22:25:14 WRN] Failed to determine the https port for redirect.
2026-02-21T22:25:14.4095802Z [22:25:14 INF] HTTP GET /robots933456.txt responded 404 in 103.9160 ms
2026-02-21T22:25:14.4112212Z [22:25:14 INF] HTTP GET /robots933456.txt responded 404 in 103.9160 ms
2026-02-21T22:25:15.8985602Z [22:25:15 INF] HTTP GET /index.html responded 200 in 194.7252 ms
2026-02-21T22:25:15.8986546Z [22:25:15 INF] HTTP GET /index.html responded 200 in 194.7252 ms
2026-02-21T22:25:15.9179766Z [22:25:15 INF] HTTP GET / responded 200 in 5.3365 ms
2026-02-21T22:25:15.9181271Z [22:25:15 INF] HTTP GET / responded 200 in 5.3365 ms
