2026-02-20T17:11:08.4496272Z     __ __          __      __    _ __     
2026-02-20T17:11:08.4535412Z    / //_/_  _ ____/ /_  __/ /   (_) /____ 
2026-02-20T17:11:08.4535564Z   / ,< / / / / __  / / / / /   / / __/ _  
2026-02-20T17:11:08.4535593Z  / /| / /_/ / /_/ / /_/ / /___/ / /_/  __/
2026-02-20T17:11:08.4535615Z /_/ |_\__,_/\__,_/\__,_/_____/_/\__/\___/ 
2026-02-20T17:11:08.4535651Z 
2026-02-20T17:11:08.4535680Z                                           
2026-02-20T17:11:08.4535702Z DEBUG CONSOLE | AZURE APP SERVICE ON LINUX
2026-02-20T17:11:08.4535722Z 
2026-02-20T17:11:08.4535745Z Documentation: http://aka.ms/webapp-linux
2026-02-20T17:11:08.4535775Z Kudu Version : 20260204.5
2026-02-20T17:11:08.4535800Z Commit       : f2123a3d94768058c9d9e002efc0a31e9c1580a3
2026-02-20T17:11:08.4535822Z Instance Name: 10-30-2-82
2026-02-20T17:11:08.4535853Z Instance Id  : 9e82f9b6e251fa1695c6a5397706f0245e55a791b331036ed6360539daaea64b
2026-02-20T17:11:08.4535924Z 
2026-02-20T17:11:10.4327261Z chown: changing ownership of '/temp': Operation not permitted
2026-02-20T17:11:10.4376248Z chmod: changing permissions of '/temp': Operation not permitted
2026-02-20T17:11:12.1445524Z  * Restarting OpenBSD Secure Shell server sshd
2026-02-20T17:11:12.1679975Z    ...done.
2026-02-20T17:11:12.3527198Z node not running, starting node /opt/webssh/index.js
2026-02-20T17:11:18.5993023Z Fri Feb 20 17:11:18 UTC 2026 running .net core
2026-02-20T17:11:21.7479733Z Startup : 05.11.21.694778
2026-02-20T17:11:21.8322420Z Configure Services : 05.11.21.831923
2026-02-20T17:11:22.8243457Z Configure : 05.11.22.823700
2026-02-20T17:11:23.6360233Z Setting Up Routes : 05.11.23.635845
2026-02-20T17:11:23.6808128Z Exiting Configure : 05.11.23.677307
2026-02-20T17:11:24.2765156Z Hosting environment: Production
2026-02-20T17:11:24.2765593Z Content root path: /opt/Kudu
2026-02-20T17:11:24.2765647Z Now listening on: http://0.0.0.0:8181
2026-02-20T17:11:24.2765702Z Application started. Press Ctrl+C to shut down.
2026-02-20T17:11:35.9244790Z warn: Microsoft.AspNetCore.Server.Kestrel[22]
2026-02-20T17:11:35.9245263Z       As of "02/20/2026 17:11:34 +00:00", the heartbeat has been running for "00:00:01.1449961" which is longer than "00:00:01". This could be caused by thread pool starvation.
