2026-02-21T22:24:26.4447137Z State: Starting, Action: EstablishingSiteNetworks, LastError: , LastErrorTimestamp: 01/01/0001 00:00:00, LastErrorDetails: , Details: , DetailsLevel: INFO
2026-02-21T22:24:28.0820615Z State: Starting, Action: StartingMsiContainer, LastError: , LastErrorTimestamp: 01/01/0001 00:00:00, LastErrorDetails: , Details: , DetailsLevel: INFO
2026-02-21T22:24:33.4794027Z State: Starting, Action: StartingSiteContainers, LastError: , LastErrorTimestamp: 01/01/0001 00:00:00, LastErrorDetails: , Details: , DetailsLevel: INFO
2026-02-21T22:24:33.4797230Z Container start method called.
2026-02-21T22:24:33.4798596Z State: Starting, Action: PullingImage, LastError: , LastErrorTimestamp: 01/01/0001 00:00:00, LastErrorDetails: , Details: Pulling image 10.1.0.6:13209/appsvc/dotnetcore:10.0_20260115.4.tuxprod for ponovaweight-app., DetailsLevel: INFO
2026-02-21T22:24:33.4801314Z Establishing network.
2026-02-21T22:24:33.4802808Z Pulling image: appsvc/dotnetcore:10.0_20260115.4.tuxprod.
2026-02-21T22:24:53.2730449Z Image appsvc/dotnetcore:10.0_20260115.4.tuxprod is pulled from registry 10.1.0.4:13209
2026-02-21T22:24:53.2752080Z Container is starting.
2026-02-21T22:24:53.2829098Z State: Starting, Action: MountingVolumes, LastError: , LastErrorTimestamp: 01/01/0001 00:00:00, LastErrorDetails: , Details: Mounting volumes for ponovaweight-app., DetailsLevel: INFO
2026-02-21T22:24:53.2831825Z Establishing user namespace if not established already.
2026-02-21T22:24:53.2833636Z Establishing network if not established already.
2026-02-21T22:24:53.2835115Z Mounting volumes.
2026-02-21T22:24:53.2861398Z Nested mountpoint site/wwwroot
2026-02-21T22:24:53.2910836Z Nested mountpoint volatile/logs
2026-02-21T22:24:53.3152410Z Nested mountpoint 
2026-02-21T22:24:53.3422520Z Nested mountpoint 
2026-02-21T22:24:53.3710871Z Nested mountpoint 
2026-02-21T22:24:53.3756806Z Nested mountpoint 
2026-02-21T22:24:54.4777665Z State: Starting, Action: CreatingContainer, LastError: , LastErrorTimestamp: 01/01/0001 00:00:00, LastErrorDetails: , Details: Finished pulling container image and mounting volumes for ponovaweight-app. Allocatinng the rest of the container resources to finish container creation., DetailsLevel: INFO
2026-02-21T22:24:54.4779100Z Creating container.
2026-02-21T22:24:54.4780487Z Creating pipes for streaming container io.
2026-02-21T22:24:54.4781827Z Creating stdout named pipe at /podr/container/pipe/80228cd44f81_ponovaweight-app/stdout_16f055cd275e4d208c7c59ec70eb261f.
2026-02-21T22:24:54.4797802Z Successfully created stdout named pipe at: /podr/container/pipe/80228cd44f81_ponovaweight-app/stdout_16f055cd275e4d208c7c59ec70eb261f.
2026-02-21T22:24:54.4799247Z Opening named pipe /podr/container/pipe/80228cd44f81_ponovaweight-app/stdout_16f055cd275e4d208c7c59ec70eb261f for reading in non-blocking mode.
2026-02-21T22:24:54.4800709Z Successfully opened named pipe: /podr/container/pipe/80228cd44f81_ponovaweight-app/stdout_16f055cd275e4d208c7c59ec70eb261f.
2026-02-21T22:24:54.4801894Z Successfully removed non-blocking flag from /podr/container/pipe/80228cd44f81_ponovaweight-app/stdout_16f055cd275e4d208c7c59ec70eb261f.
2026-02-21T22:24:54.4803919Z Creating stderr named pipe at /podr/container/pipe/80228cd44f81_ponovaweight-app/stderr_d02d92ad804a4f87ad2784152e1a2f14.
2026-02-21T22:24:54.4805716Z Successfully created stderr named pipe at: /podr/container/pipe/80228cd44f81_ponovaweight-app/stderr_d02d92ad804a4f87ad2784152e1a2f14.
2026-02-21T22:24:54.4806894Z Opening named pipe /podr/container/pipe/80228cd44f81_ponovaweight-app/stderr_d02d92ad804a4f87ad2784152e1a2f14 for reading in non-blocking mode.
2026-02-21T22:24:54.4808335Z Successfully opened named pipe: /podr/container/pipe/80228cd44f81_ponovaweight-app/stderr_d02d92ad804a4f87ad2784152e1a2f14.
2026-02-21T22:24:54.4809605Z Successfully removed non-blocking flag from /podr/container/pipe/80228cd44f81_ponovaweight-app/stderr_d02d92ad804a4f87ad2784152e1a2f14.
2026-02-21T22:24:54.4811227Z Creating container with image: appsvc/dotnetcore:10.0_20260115.4.tuxprod from registry: 10.1.0.4:13209 and fully qualified image name: 10.1.0.4:13209/appsvc/dotnetcore:10.0_20260115.4.tuxprod
2026-02-21T22:24:55.0544127Z Starting container: 80228cd44f81_ponovaweight-app.
2026-02-21T22:24:55.1128205Z Starting watchers and probes.
2026-02-21T22:24:55.1462071Z Starting metrics collection.
2026-02-21T22:24:55.1505864Z Container is running.
2026-02-21T22:24:55.1507082Z State: Starting, Action: CreatingContainer, LastError: , LastErrorTimestamp: 01/01/0001 00:00:00, LastErrorDetails: , Details: Container ponovaweight-app successfully created and is running., DetailsLevel: INFO
2026-02-21T22:24:55.1979670Z Container start method finished after 21717 ms.
2026-02-21T22:24:55.2032864Z State: Starting, Action: InitiatingSiteWarmUpProbe, LastError: , LastErrorTimestamp: 01/01/0001 00:00:00, LastErrorDetails: , Details: Container ponovaweight-app successfully created and is running., DetailsLevel: INFO
2026-02-21T22:24:55.2188285Z State: Starting, Action: WaitingForSiteWarmUpProbeSuccess, LastError: , LastErrorTimestamp: 01/01/0001 00:00:00, LastErrorDetails: , Details: Pinging warmup path to ensure container is ready to receive requests., DetailsLevel: INFO
2026-02-21T22:25:14.4373553Z Site startup probe succeeded after 19.1818624 seconds.
2026-02-21T22:25:14.5396633Z State: Starting, Action: WarmUpProbeSucceeded, LastError: , LastErrorTimestamp: 01/01/0001 00:00:00, LastErrorDetails: , Details: Site startup probe succeeded after 19.1818624 seconds., DetailsLevel: INFO
2026-02-21T22:25:14.6235967Z Site is running with deployment version: 4552be68-cbb0-4f2a-8451-ad6fa450873b
2026-02-21T22:25:14.6276669Z Site started.
2026-02-21T22:25:14.6293578Z State: Started, Action: None, LastError: , LastErrorTimestamp: 01/01/0001 00:00:00, LastErrorDetails: , Details: Site started at 02/21/2026 22:25:14 (UTC), DetailsLevel: INFO
2026-02-21T22:25:14.7473550Z Site is running with patch version DOTNETCORE 10.0.2
