[    1190ms] [ERROR] Failed to load resource: the server responded with a status of 401 () @ https://play.google.com/log?hasfast=true&auth=SAPISIDHASH+f9d690ea0b0e95866cd644452220dbff5fbb7daa+SAPISID1PHASH+f9d690ea0b0e95866cd644452220dbff5fbb7daa+SAPISID3PHASH+f9d690ea0b0e95866cd644452220dbff5fbb7daa&authuser=0&format=json:0
[    1190ms] [ERROR] Failed to load resource: the server responded with a status of 401 () @ https://play.google.com/log?hasfast=true&auth=SAPISIDHASH+f9d690ea0b0e95866cd644452220dbff5fbb7daa+SAPISID1PHASH+f9d690ea0b0e95866cd644452220dbff5fbb7daa+SAPISID3PHASH+f9d690ea0b0e95866cd644452220dbff5fbb7daa&authuser=0&format=json:0
[    3480ms] [ERROR] Failed to load resource: the server responded with a status of 401 () @ https://play.google.com/log?hasfast=true&auth=SAPISIDHASH+f9d690ea0b0e95866cd644452220dbff5fbb7daa+SAPISID1PHASH+f9d690ea0b0e95866cd644452220dbff5fbb7daa+SAPISID3PHASH+f9d690ea0b0e95866cd644452220dbff5fbb7daa&authuser=0&format=json:0
[   11036ms] [ERROR] Failed to load resource: the server responded with a status of 401 () @ https://play.google.com/log?format=json&hasfast=true&authuser=0:0
[   15060ms] [WARNING] The PerformanceObserver does not support buffered flag with the entryTypes argument. @ https://www.gstatic.com/_/pantheon/_/js/k=pantheon.pantheon_module_set.en_US.1Jqd_Hhni7k.es5.O/am=AAAAAAAcAAAAAAAAFg/d=1/rs=ADqnUbNgfFF64D2juITUD5z0Dc-NuDUkig/m=core:1203
[   15894ms] [WARNING] No ID or name found in config. @ https://www.gstatic.com/_/pantheon/_/js/k=pantheon.pantheon_module_set.en_US.1Jqd_Hhni7k.es5.O/am=AAAAAAAcAAAAAAAAFg/d=1/rs=ADqnUbNgfFF64D2juITUD5z0Dc-NuDUkig/m=core:4104
[   16061ms] [ERROR] Failed to load resource: the server responded with a status of 404 () @ https://cloudusersettings-pa.clients6.google.com/v1alpha1/settings/CONSOLE_PINS/keys/CLOUD?key=AIzaSyCI-zsRP85UVOi0DjtiCwWBwQ1djDy741g:0
[   16074ms] [ERROR] Failed to load resource: the server responded with a status of 404 () @ https://cloudusersettings-pa.clients6.google.com/v1alpha1/settings/PAN_CORE_ACCESSIBILITY_KEYBOARD_SHORTCUTS?key=AIzaSyCI-zsRP85UVOi0DjtiCwWBwQ1djDy741g:0
[   16099ms] [ERROR] Failed to load resource: the server responded with a status of 404 () @ https://cloudusersettings-pa.clients6.google.com/v1alpha1/settings/PAN_OPENED_APPEARANCE_DIALOG?key=AIzaSyCI-zsRP85UVOi0DjtiCwWBwQ1djDy741g:0
[   16290ms] [ERROR] Failed to load resource: the server responded with a status of 404 () @ https://cloudusersettings-pa.clients6.google.com/v1alpha1/settings/PIPELINES_AND_CONNECTIONS_OPT_IN?key=AIzaSyCI-zsRP85UVOi0DjtiCwWBwQ1djDy741g:0
[   16310ms] [WARNING] No ID or name found in config. @ https://www.gstatic.com/_/pantheon/_/js/k=pantheon.pantheon_module_set.en_US.1Jqd_Hhni7k.es5.O/am=AAAAAAAcAAAAAAAAFg/d=1/rs=ADqnUbNgfFF64D2juITUD5z0Dc-NuDUkig/m=core:4104
[   16313ms] [WARNING] No ID or name found in config. @ https://www.gstatic.com/_/pantheon/_/js/k=pantheon.pantheon_module_set.en_US.1Jqd_Hhni7k.es5.O/am=AAAAAAAcAAAAAAAAFg/d=1/rs=ADqnUbNgfFF64D2juITUD5z0Dc-NuDUkig/m=core:4104
[   16314ms] [WARNING] No ID or name found in config. @ https://www.gstatic.com/_/pantheon/_/js/k=pantheon.pantheon_module_set.en_US.1Jqd_Hhni7k.es5.O/am=AAAAAAAcAAAAAAAAFg/d=1/rs=ADqnUbNgfFF64D2juITUD5z0Dc-NuDUkig/m=core:4104
[   16316ms] [WARNING] No ID or name found in config. @ https://www.gstatic.com/_/pantheon/_/js/k=pantheon.pantheon_module_set.en_US.1Jqd_Hhni7k.es5.O/am=AAAAAAAcAAAAAAAAFg/d=1/rs=ADqnUbNgfFF64D2juITUD5z0Dc-NuDUkig/m=core:4104
[   16318ms] [WARNING] No ID or name found in config. @ https://www.gstatic.com/_/pantheon/_/js/k=pantheon.pantheon_module_set.en_US.1Jqd_Hhni7k.es5.O/am=AAAAAAAcAAAAAAAAFg/d=1/rs=ADqnUbNgfFF64D2juITUD5z0Dc-NuDUkig/m=core:4104
[   16380ms] [ERROR] Failed to load resource: the server responded with a status of 404 () @ https://cloudusersettings-pa.clients6.google.com/v1alpha1/settings/SIDENAV_COMPACT_MODE?key=AIzaSyCI-zsRP85UVOi0DjtiCwWBwQ1djDy741g:0
[   18586ms] [WARNING] No ID or name found in config. @ https://www.gstatic.com/_/pantheon/_/js/k=pantheon.pantheon_module_set.en_US.1Jqd_Hhni7k.es5.O/am=AAAAAAAcAAAAAAAAFg/d=1/rs=ADqnUbNgfFF64D2juITUD5z0Dc-NuDUkig/m=core:4104
[   18588ms] [WARNING] No ID or name found in config. @ https://www.gstatic.com/_/pantheon/_/js/k=pantheon.pantheon_module_set.en_US.1Jqd_Hhni7k.es5.O/am=AAAAAAAcAAAAAAAAFg/d=1/rs=ADqnUbNgfFF64D2juITUD5z0Dc-NuDUkig/m=core:4104
[   18590ms] [WARNING] No ID or name found in config. @ https://www.gstatic.com/_/pantheon/_/js/k=pantheon.pantheon_module_set.en_US.1Jqd_Hhni7k.es5.O/am=AAAAAAAcAAAAAAAAFg/d=1/rs=ADqnUbNgfFF64D2juITUD5z0Dc-NuDUkig/m=core:4104
[   18591ms] [WARNING] No ID or name found in config. @ https://www.gstatic.com/_/pantheon/_/js/k=pantheon.pantheon_module_set.en_US.1Jqd_Hhni7k.es5.O/am=AAAAAAAcAAAAAAAAFg/d=1/rs=ADqnUbNgfFF64D2juITUD5z0Dc-NuDUkig/m=core:4104
[   18592ms] [WARNING] No ID or name found in config. @ https://www.gstatic.com/_/pantheon/_/js/k=pantheon.pantheon_module_set.en_US.1Jqd_Hhni7k.es5.O/am=AAAAAAAcAAAAAAAAFg/d=1/rs=ADqnUbNgfFF64D2juITUD5z0Dc-NuDUkig/m=core:4104
[   18594ms] [WARNING] No ID or name found in config. @ https://www.gstatic.com/_/pantheon/_/js/k=pantheon.pantheon_module_set.en_US.1Jqd_Hhni7k.es5.O/am=AAAAAAAcAAAAAAAAFg/d=1/rs=ADqnUbNgfFF64D2juITUD5z0Dc-NuDUkig/m=core:4104
[   18595ms] [WARNING] No ID or name found in config. @ https://www.gstatic.com/_/pantheon/_/js/k=pantheon.pantheon_module_set.en_US.1Jqd_Hhni7k.es5.O/am=AAAAAAAcAAAAAAAAFg/d=1/rs=ADqnUbNgfFF64D2juITUD5z0Dc-NuDUkig/m=core:4104
[   18888ms] [ERROR] ERROR _.Ii @ https://www.gstatic.com/_/pantheon/_/js/k=pantheon.pantheon_module_set.en_US.1Jqd_Hhni7k.es5.O/am=AAAAAAAcAAAAAAAAFg/d=1/rs=ADqnUbNgfFF64D2juITUD5z0Dc-NuDUkig/m=core:2011
[   19211ms] [ERROR] Failed to load resource: the server responded with a status of 400 () @ https://cloudusersettings-pa.clients6.google.com/v1alpha1/settings/GROWTH_TARGETED_FEATURE_HISTORY?key=AIzaSyCI-zsRP85UVOi0DjtiCwWBwQ1djDy741g:0
[   19212ms] [ERROR] Failed to load resource: the server responded with a status of 404 () @ https://cloudusersettings-pa.clients6.google.com/v1alpha1/settings/MFA_COHORT_DIALOG_SETTINGS?key=AIzaSyCI-zsRP85UVOi0DjtiCwWBwQ1djDy741g:0
[   19243ms] [ERROR] Failed to load resource: the server responded with a status of 400 () @ https://cloudusersettings-pa.clients6.google.com/v1alpha1/settings/GROWTH_TARGETED_FEATURE_HISTORY?key=AIzaSyCI-zsRP85UVOi0DjtiCwWBwQ1djDy741g:0
[   19317ms] [ERROR] Failed to load resource: the server responded with a status of 404 () @ https://cloudusersettings-pa.clients6.google.com/v1alpha1/settings/COE_NU_FIRST_CHARGE_BANNER_DISMISSALS?key=AIzaSyCI-zsRP85UVOi0DjtiCwWBwQ1djDy741g:0
[   19434ms] [ERROR] Failed to load resource: the server responded with a status of 404 () @ https://cloudusersettings-pa.clients6.google.com/v1alpha1/settings/GROWTH_TARGETED_FEATURE_HISTORY/keys/recently_visited_products_new_badge?key=AIzaSyCI-zsRP85UVOi0DjtiCwWBwQ1djDy741g:0
[   24736ms] [WARNING] The resource https://www.gstatic.com/_/mss/boq-cloud-client/_/js/k=boq-cloud-client.OauthMicroUi.en_US.vavwNFsE0Vk.es6.O/am=AAAAAABA/d=1/rs=AJ563L_mZXVrFHavG5uAG4euiVHkFFNnqg/m=b was preloaded using link preload but not used within a few seconds from the window's load event. Please make sure it has an appropriate `as` value and it is preloaded intentionally. @ https://console.cloud.google.com/auth/clients/266077492156-kc573mrtg509dm7oofdf223vef0fsaf4.apps.googleusercontent.com?project=ponovaweight:0
[   24736ms] [WARNING] The resource https://www.gstatic.com/_/mss/boq-cloud-client/_/js/md=1/k=boq-cloud-client.OauthMicroUi.en_US.vavwNFsE0Vk.es6.O/ck=boq-cloud-client.OauthMicroUi.gOGbjO7HeNw.L.W.O/am=AAAAAABA/rs=AJ563L90Po8sfvx7YOnVgMTRFvzCnZek2g was preloaded using link preload but not used within a few seconds from the window's load event. Please make sure it has an appropriate `as` value and it is preloaded intentionally. @ https://console.cloud.google.com/auth/clients/266077492156-kc573mrtg509dm7oofdf223vef0fsaf4.apps.googleusercontent.com?project=ponovaweight:0
[   24736ms] [WARNING] The resource https://www.gstatic.com/pantheon/images/common/icons-medium_v163.svg was preloaded using link preload but not used within a few seconds from the window's load event. Please make sure it has an appropriate `as` value and it is preloaded intentionally. @ https://console.cloud.google.com/auth/clients/266077492156-kc573mrtg509dm7oofdf223vef0fsaf4.apps.googleusercontent.com?project=ponovaweight:0
[   31281ms] [WARNING] The resource https://www.gstatic.com/_/mss/boq-cloud-client/_/js/k=boq-cloud-client.OauthMicroUi.en_US.vavwNFsE0Vk.es6.O/am=AAAAAABA/d=1/rs=AJ563L_mZXVrFHavG5uAG4euiVHkFFNnqg/m=b was preloaded using link preload but not used within a few seconds from the window's load event. Please make sure it has an appropriate `as` value and it is preloaded intentionally. @ https://console.cloud.google.com/auth/clients/266077492156-kc573mrtg509dm7oofdf223vef0fsaf4.apps.googleusercontent.com?project=ponovaweight:0
[   31282ms] [WARNING] The resource https://www.gstatic.com/_/mss/boq-cloud-client/_/js/md=1/k=boq-cloud-client.OauthMicroUi.en_US.vavwNFsE0Vk.es6.O/ck=boq-cloud-client.OauthMicroUi.gOGbjO7HeNw.L.W.O/am=AAAAAABA/rs=AJ563L90Po8sfvx7YOnVgMTRFvzCnZek2g was preloaded using link preload but not used within a few seconds from the window's load event. Please make sure it has an appropriate `as` value and it is preloaded intentionally. @ https://console.cloud.google.com/auth/clients/266077492156-kc573mrtg509dm7oofdf223vef0fsaf4.apps.googleusercontent.com?project=ponovaweight:0
[   31282ms] [WARNING] The resource https://www.gstatic.com/pantheon/images/common/icons-medium_v163.svg was preloaded using link preload but not used within a few seconds from the window's load event. Please make sure it has an appropriate `as` value and it is preloaded intentionally. @ https://console.cloud.google.com/auth/clients/266077492156-kc573mrtg509dm7oofdf223vef0fsaf4.apps.googleusercontent.com?project=ponovaweight:0
