2026-02-21T16:08:46.3636762Z    _____                               
2026-02-21T16:08:46.3734649Z   /  _  \ __________ _________   ____  
2026-02-21T16:08:46.3735458Z  /  /_\  \\___   /  |  \_  __ \_/ __ \ 
2026-02-21T16:08:46.3735542Z /    |    \/    /|  |  /|  | \/\  ___/ 
2026-02-21T16:08:46.3735595Z \____|__  /_____ \____/ |__|    \___  >
2026-02-21T16:08:46.3735643Z         \/      \/                  \/ 
2026-02-21T16:08:46.3735748Z A P P   S E R V I C E   O N   L I N U X
2026-02-21T16:08:46.3735802Z 
2026-02-21T16:08:46.3735871Z Documentation       : http://aka.ms/webapp-linux
2026-02-21T16:08:46.3735921Z Dotnet quickstart   : https://aka.ms/dotnet-qs
2026-02-21T16:08:46.3735975Z ASP .NETCore Version: 10.0.2
2026-02-21T16:08:46.3736064Z Instance Name       : 10-30-0-219
2026-02-21T16:08:46.3736154Z Instance Id         : 7f6884e57c32676ac9bcd2dd8c1e5911c0f7c9dd5a26c8e8b2aa06ac68c2f4da
2026-02-21T16:08:46.3736201Z 
2026-02-21T16:08:46.3736254Z Note: Any data outside '/home' is not persisted
2026-02-21T16:08:47.5497811Z  * Starting OpenBSD Secure Shell server sshd
2026-02-21T16:08:47.5684378Z    ...done.
2026-02-21T16:08:47.5907941Z WEBSITES_INCLUDE_CLOUD_CERTS is not set to true.
2026-02-21T16:08:47.6251334Z Updating certificates in /etc/ssl/certs...
2026-02-21T16:08:55.7321916Z rehash: warning: skipping duplicate certificate in SSLcom-TLS-Root-2022-ECC.pem
2026-02-21T16:08:55.7347472Z rehash: warning: skipping duplicate certificate in SSLcom-TLS-Root-2022-RSA.pem
2026-02-21T16:08:55.8056282Z rehash: warning: skipping ca-certificates.crt,it does not contain exactly one certificate or CRL
2026-02-21T16:08:55.8272471Z 4 added, 0 removed; done.
2026-02-21T16:08:55.8273872Z Running hooks in /etc/ca-certificates/update.d...
2026-02-21T16:08:55.8375389Z done.
2026-02-21T16:08:55.8470866Z CA certificates copied and updated successfully.
2026-02-21T16:08:55.9564448Z  * Starting periodic command scheduler cron
2026-02-21T16:08:55.9671394Z    ...done.
2026-02-21T16:08:55.9719808Z Running oryx create-script -appPath /home/site/wwwroot -output /opt/startup/startup.sh -defaultAppFilePath /defaulthome/hostingstart/hostingstart.dll     -bindPort 8080 -bindPort2 '' -userStartupCommand 'dotnet PoNovaWeight.Api.dll' 
2026-02-21T16:08:56.7879844Z Could not find build manifest file at '/home/site/wwwroot/oryx-manifest.toml'
2026-02-21T16:08:56.7880659Z Could not find operation ID in manifest. Generating an operation id...
2026-02-21T16:08:56.7882440Z Build Operation ID: 66cb3a87-02b6-463e-b1f4-b17845f67159
2026-02-21T16:08:57.0896136Z 
2026-02-21T16:08:57.0910394Z Agent extension 
2026-02-21T16:08:57.0911310Z Before if loop >> DotNet Runtime 
2026-02-21T16:08:57.0985486Z DotNet Runtime 10.0Writing output script to '/opt/startup/startup.sh'
2026-02-21T16:08:57.1253211Z Running user provided startup command...
2026-02-21T16:09:02.9845134Z [16:09:02 INF] Azure Key Vault configured: https://kv-poshared.vault.azure.net/
2026-02-21T16:09:03.0363404Z [16:09:03 INF] Data Protection configured with Azure Blob Storage: https://stponovaweight.blob.core.windows.net/dataprotection-keys/keys.xml
2026-02-21T16:09:05.4918266Z [16:09:05 WRN] Failed to determine the https port for redirect.
2026-02-21T16:09:05.5013643Z [16:09:05 WRN] Failed to determine the https port for redirect.
2026-02-21T16:09:05.6479334Z [16:09:05 INF] HTTP GET /robots933456.txt responded 404 in 158.2061 ms
2026-02-21T16:09:05.6479919Z [16:09:05 INF] HTTP GET /robots933456.txt responded 404 in 158.2061 ms
2026-02-21T16:09:06.7259016Z [16:09:06 INF] HTTP GET /index.html responded 200 in 52.9205 ms
2026-02-21T16:09:06.7261213Z [16:09:06 INF] HTTP GET /index.html responded 200 in 52.9205 ms
2026-02-21T16:09:06.8129031Z [16:09:06 INF] HTTP GET / responded 200 in 2.0329 ms
2026-02-21T16:09:06.8130139Z [16:09:06 INF] HTTP GET / responded 200 in 2.0329 ms
2026-02-21T16:09:06.8716489Z [16:09:06 INF] HTTP GET /index.html responded 200 in 187.9373 ms
2026-02-21T16:09:06.8727132Z [16:09:06 INF] HTTP GET /index.html responded 200 in 187.9373 ms
2026-02-21T16:13:08.9651605Z [16:13:08 INF] HTTP GET /index.html responded 200 in 192.8560 ms
2026-02-21T16:13:09.0012477Z [16:13:08 INF] HTTP GET /index.html responded 200 in 192.8560 ms
2026-02-21T16:13:09.3140627Z [16:13:09 INF] HTTP GET /favicon.ico responded 404 in 204.7486 ms
2026-02-21T16:13:09.3141088Z [16:13:09 INF] HTTP GET /favicon.ico responded 404 in 204.7486 ms
2026-02-21T16:13:12.9604441Z [16:13:12 INF] HTTP GET / responded 200 in 39.3019 ms
2026-02-21T16:13:12.9689530Z [16:13:12 INF] HTTP GET / responded 200 in 39.3019 ms
2026-02-21T16:13:13.2893863Z [16:13:13 INF] HTTP GET /css/app.css responded 200 in 23.0442 ms
2026-02-21T16:13:13.2917155Z [16:13:13 INF] HTTP GET /css/app.css responded 200 in 23.0442 ms
2026-02-21T16:13:13.3204269Z [16:13:13 INF] HTTP GET /js/imageCompressor.js responded 200 in 27.9492 ms
2026-02-21T16:13:13.3283010Z [16:13:13 INF] HTTP GET /js/imageCompressor.js responded 200 in 27.9492 ms
2026-02-21T16:13:13.3453367Z [16:13:13 INF] HTTP GET /_framework/blazor.webassembly.js.br responded 200 in 79.2062 ms
2026-02-21T16:13:13.3457204Z [16:13:13 INF] HTTP GET /_framework/blazor.webassembly.js.br responded 200 in 79.2062 ms
2026-02-21T16:13:13.4703277Z [16:13:13 INF] HTTP GET /_content/Microsoft.AspNetCore.Components.WebAssembly.Authentication/AuthenticationService.js responded 200 in 118.7393 ms
2026-02-21T16:13:13.4730564Z [16:13:13 INF] HTTP GET /_content/Microsoft.AspNetCore.Components.WebAssembly.Authentication/AuthenticationService.js responded 200 in 118.7393 ms
2026-02-21T16:13:14.2054956Z [16:13:14 INF] HTTP GET /icons/icon-192x192.svg responded 200 in 28.5609 ms
2026-02-21T16:13:14.2315447Z [16:13:14 INF] HTTP GET /icons/icon-192x192.svg responded 200 in 28.5609 ms
2026-02-21T16:13:14.2765598Z [16:13:14 INF] HTTP GET /icons/icon-72x72.svg responded 200 in 88.9099 ms
2026-02-21T16:13:14.2806842Z [16:13:14 INF] HTTP GET /icons/icon-72x72.svg responded 200 in 88.9099 ms
2026-02-21T16:13:14.2943812Z [16:13:14 INF] HTTP GET /_framework/dotnet.js.br responded 200 in 88.5164 ms
2026-02-21T16:13:14.2944240Z [16:13:14 INF] HTTP GET /_framework/dotnet.js.br responded 200 in 88.5164 ms
2026-02-21T16:13:14.3360184Z [16:13:14 INF] HTTP GET /manifest.json responded 200 in 22.8511 ms
2026-02-21T16:13:14.3364329Z [16:13:14 INF] HTTP GET /manifest.json responded 200 in 22.8511 ms
2026-02-21T16:13:14.7484689Z [16:13:14 INF] HTTP GET /_framework/dotnet.native.69poregybn.js.br responded 200 in 217.5160 ms
2026-02-21T16:13:14.7486054Z [16:13:14 INF] HTTP GET /_framework/dotnet.native.69poregybn.js.br responded 200 in 217.5160 ms
2026-02-21T16:13:14.8728597Z [16:13:14 INF] HTTP GET /_framework/dotnet.runtime.q5rqv3xrhm.js.br responded 200 in 316.2414 ms
2026-02-21T16:13:14.8733516Z [16:13:14 INF] HTTP GET /_framework/dotnet.runtime.q5rqv3xrhm.js.br responded 200 in 316.2414 ms
2026-02-21T16:13:14.9694816Z [16:13:14 INF] HTTP GET /_framework/Microsoft.AspNetCore.Components.WebAssembly.sz81dxbwgt.wasm.br responded 200 in 220.2644 ms
2026-02-21T16:13:14.9709793Z [16:13:14 INF] HTTP GET /_framework/Microsoft.AspNetCore.Components.WebAssembly.sz81dxbwgt.wasm.br responded 200 in 220.2644 ms
2026-02-21T16:13:14.9768409Z [16:13:14 INF] HTTP GET /_framework/Microsoft.AspNetCore.Components.Authorization.yif3dk0ero.wasm.br responded 200 in 358.2430 ms
2026-02-21T16:13:14.9768522Z [16:13:14 INF] HTTP GET /_framework/Microsoft.AspNetCore.Components.Authorization.yif3dk0ero.wasm.br responded 200 in 358.2430 ms
2026-02-21T16:13:14.9772421Z [16:13:14 INF] HTTP GET /_framework/Microsoft.AspNetCore.Components.Web.pu5ueti7r6.wasm.br responded 200 in 360.7536 ms
2026-02-21T16:13:14.9773895Z [16:13:14 INF] HTTP GET /_framework/Microsoft.AspNetCore.Components.Web.pu5ueti7r6.wasm.br responded 200 in 360.7536 ms
2026-02-21T16:13:14.9778323Z [16:13:14 INF] HTTP GET /_framework/System.Runtime.InteropServices.JavaScript.ktbegkrd8y.wasm.br responded 200 in 399.5796 ms
2026-02-21T16:13:14.9778409Z [16:13:14 INF] HTTP GET /_framework/System.Runtime.InteropServices.JavaScript.ktbegkrd8y.wasm.br responded 200 in 399.5796 ms
2026-02-21T16:13:14.9906864Z [16:13:14 INF] HTTP GET /_framework/Microsoft.AspNetCore.Authorization.0pckucmtto.wasm.br responded 200 in 348.9993 ms
2026-02-21T16:13:14.9907091Z [16:13:14 INF] HTTP GET /_framework/Microsoft.AspNetCore.Authorization.0pckucmtto.wasm.br responded 200 in 348.9993 ms
2026-02-21T16:13:15.0050868Z [16:13:14 INF] HTTP GET /_framework/Microsoft.AspNetCore.Components.WebAssembly.Authentication.q8u8czx62f.wasm.br responded 200 in 96.3395 ms
2026-02-21T16:13:15.0051523Z [16:13:14 INF] HTTP GET /_framework/Microsoft.AspNetCore.Components.WebAssembly.Authentication.q8u8czx62f.wasm.br responded 200 in 96.3395 ms
2026-02-21T16:13:15.2071570Z [16:13:15 INF] HTTP GET /_framework/Microsoft.Extensions.Configuration.Abstractions.hbc44uj53q.wasm.br responded 200 in 102.7472 ms
2026-02-21T16:13:15.2171967Z [16:13:15 INF] HTTP GET /_framework/Microsoft.Extensions.Configuration.vgt38fu9qn.wasm.br responded 200 in 218.6902 ms
2026-02-21T16:13:15.2172067Z [16:13:15 INF] HTTP GET /_framework/Microsoft.Extensions.Configuration.Json.vejc7kiu4g.wasm.br responded 200 in 117.4966 ms
2026-02-21T16:13:15.2172099Z [16:13:15 INF] HTTP GET /_framework/Microsoft.Extensions.Configuration.vgt38fu9qn.wasm.br responded 200 in 218.6902 ms
2026-02-21T16:13:15.2172126Z [16:13:15 INF] HTTP GET /_framework/Microsoft.Extensions.Configuration.Json.vejc7kiu4g.wasm.br responded 200 in 117.4966 ms
2026-02-21T16:13:15.2172212Z [16:13:15 INF] HTTP GET /_framework/Microsoft.Extensions.Configuration.Abstractions.hbc44uj53q.wasm.br responded 200 in 102.7472 ms
2026-02-21T16:13:15.2209799Z [16:13:15 INF] HTTP GET /_framework/Microsoft.Extensions.Logging.Abstractions.rxkozi4a98.wasm.br responded 200 in 24.0308 ms
2026-02-21T16:13:15.2238597Z [16:13:15 INF] HTTP GET /_framework/Microsoft.Extensions.Logging.Abstractions.rxkozi4a98.wasm.br responded 200 in 24.0308 ms
2026-02-21T16:13:15.2353370Z [16:13:15 INF] HTTP GET /_framework/Microsoft.AspNetCore.Metadata.ww4ggncq2s.wasm.br responded 200 in 50.4377 ms
2026-02-21T16:13:15.2362972Z [16:13:15 INF] HTTP GET /_framework/Microsoft.Extensions.Diagnostics.d43fimjtkc.wasm.br responded 200 in 40.8276 ms
2026-02-21T16:13:15.2585646Z [16:13:15 INF] HTTP GET /_framework/Microsoft.Extensions.Diagnostics.d43fimjtkc.wasm.br responded 200 in 40.8276 ms
2026-02-21T16:13:15.2586224Z [16:13:15 INF] HTTP GET /_framework/Microsoft.AspNetCore.Metadata.ww4ggncq2s.wasm.br responded 200 in 50.4377 ms
2026-02-21T16:13:15.2621317Z [16:13:15 INF] HTTP GET /_framework/Microsoft.Extensions.Diagnostics.Abstractions.kg82yi04eu.wasm.br responded 200 in 41.8442 ms
2026-02-21T16:13:15.2621542Z [16:13:15 INF] HTTP GET /_framework/Microsoft.Extensions.Diagnostics.Abstractions.kg82yi04eu.wasm.br responded 200 in 41.8442 ms
2026-02-21T16:13:15.2771801Z [16:13:15 INF] HTTP GET /_framework/Microsoft.Extensions.DependencyInjection.Abstractions.74uva1alr2.wasm.br responded 200 in 108.5041 ms
2026-02-21T16:13:15.2799811Z [16:13:15 INF] HTTP GET /_framework/Microsoft.Extensions.DependencyInjection.Abstractions.74uva1alr2.wasm.br responded 200 in 108.5041 ms
2026-02-21T16:13:15.5036616Z [16:13:15 INF] HTTP GET /_framework/System.Threading.mdjiq1lozv.wasm.br responded 200 in 232.9519 ms
2026-02-21T16:13:15.5135371Z [16:13:15 INF] HTTP GET /_framework/System.Threading.mdjiq1lozv.wasm.br responded 200 in 232.9519 ms
2026-02-21T16:13:15.5207570Z [16:13:15 INF] HTTP GET /_framework/System.Collections.Immutable.5f8y504vtt.wasm.br responded 200 in 239.7259 ms
2026-02-21T16:13:15.5293675Z [16:13:15 INF] HTTP GET /_framework/System.Collections.Immutable.5f8y504vtt.wasm.br responded 200 in 239.7259 ms
2026-02-21T16:13:15.5403389Z [16:13:15 INF] HTTP GET /_framework/Microsoft.JSInterop.WebAssembly.nsfh695mwg.wasm.br responded 200 in 19.5564 ms
2026-02-21T16:13:15.5427284Z [16:13:15 INF] HTTP GET /_framework/Microsoft.JSInterop.WebAssembly.nsfh695mwg.wasm.br responded 200 in 19.5564 ms
2026-02-21T16:13:15.5684373Z [16:13:15 INF] HTTP GET /_framework/System.Net.Http.Json.ivwefv7z7w.wasm.br responded 200 in 24.7657 ms
2026-02-21T16:13:15.5712136Z [16:13:15 INF] HTTP GET /_framework/System.Collections.Concurrent.aht38gk4o6.wasm.br responded 200 in 17.3728 ms
2026-02-21T16:13:15.5715585Z [16:13:15 INF] HTTP GET /_framework/System.Collections.Concurrent.aht38gk4o6.wasm.br responded 200 in 17.3728 ms
2026-02-21T16:13:15.5742959Z [16:13:15 INF] HTTP GET /_framework/System.Net.Http.Json.ivwefv7z7w.wasm.br responded 200 in 24.7657 ms
2026-02-21T16:13:15.6376084Z [16:13:15 INF] HTTP GET /_framework/System.Linq.8xxb76jp0j.wasm.br responded 200 in 42.0287 ms
2026-02-21T16:13:15.6376541Z [16:13:15 INF] HTTP GET /_framework/System.Linq.8xxb76jp0j.wasm.br responded 200 in 42.0287 ms
2026-02-21T16:13:15.7033389Z [16:13:15 INF] HTTP GET /_framework/System.Console.4o8s3lxnpt.wasm.br responded 200 in 69.1316 ms
2026-02-21T16:13:15.7041441Z [16:13:15 INF] HTTP GET /_framework/System.Console.4o8s3lxnpt.wasm.br responded 200 in 69.1316 ms
2026-02-21T16:13:15.7155057Z [16:13:15 INF] HTTP GET /_framework/System.IO.Pipelines.g0pkbrbtu0.wasm.br responded 200 in 6.3443 ms
2026-02-21T16:13:15.7198259Z [16:13:15 INF] HTTP GET /_framework/System.IO.Pipelines.g0pkbrbtu0.wasm.br responded 200 in 6.3443 ms
2026-02-21T16:13:15.7264099Z [16:13:15 INF] HTTP GET /_framework/System.Diagnostics.DiagnosticSource.yql5bp1hxm.wasm.br responded 200 in 16.2452 ms
2026-02-21T16:13:15.7271404Z [16:13:15 INF] HTTP GET /_framework/System.Diagnostics.DiagnosticSource.yql5bp1hxm.wasm.br responded 200 in 16.2452 ms
2026-02-21T16:13:15.7421643Z [16:13:15 INF] HTTP GET /_framework/System.Text.Encodings.Web.1gnwx0z74m.wasm.br responded 200 in 21.6517 ms
2026-02-21T16:13:15.7425620Z [16:13:15 INF] HTTP GET /_framework/System.Text.Encodings.Web.1gnwx0z74m.wasm.br responded 200 in 21.6517 ms
2026-02-21T16:13:15.7563755Z [16:13:15 INF] HTTP GET /_framework/System.Security.Claims.7aue89bvnj.wasm.br responded 200 in 25.4038 ms
2026-02-21T16:13:15.7564186Z [16:13:15 INF] HTTP GET /_framework/System.Security.Claims.7aue89bvnj.wasm.br responded 200 in 25.4038 ms
2026-02-21T16:13:15.8042792Z [16:13:15 INF] HTTP GET /_framework/System.Private.Uri.vmuwgdmv19.wasm.br responded 200 in 47.4606 ms
2026-02-21T16:13:15.8043219Z [16:13:15 INF] HTTP GET /_framework/System.Private.Uri.vmuwgdmv19.wasm.br responded 200 in 47.4606 ms
2026-02-21T16:13:15.8070345Z [16:13:15 INF] HTTP GET /_framework/System.Security.Cryptography.ouxcxoa0xa.wasm.br responded 200 in 47.6392 ms
2026-02-21T16:13:15.8092861Z [16:13:15 INF] HTTP GET /_framework/System.Security.Cryptography.ouxcxoa0xa.wasm.br responded 200 in 47.6392 ms
2026-02-21T16:13:15.8443024Z [16:13:15 INF] HTTP GET /_framework/Microsoft.Extensions.Options.oonhhn53vs.wasm.br responded 200 in 32.0416 ms
2026-02-21T16:13:15.8589146Z [16:13:15 INF] HTTP GET /_framework/Microsoft.Extensions.Options.oonhhn53vs.wasm.br responded 200 in 32.0416 ms
2026-02-21T16:13:15.8663649Z [16:13:15 INF] HTTP GET /_framework/Microsoft.Extensions.Http.motponpkkz.wasm.br responded 200 in 31.9304 ms
2026-02-21T16:13:15.8663758Z [16:13:15 INF] HTTP GET /_framework/Microsoft.Extensions.Http.motponpkkz.wasm.br responded 200 in 31.9304 ms
2026-02-21T16:13:15.9214847Z [16:13:15 INF] HTTP GET /_framework/System.Collections.x99q1mopi5.wasm.br responded 200 in 61.0106 ms
2026-02-21T16:13:15.9311909Z [16:13:15 INF] HTTP GET /_framework/System.Collections.x99q1mopi5.wasm.br responded 200 in 61.0106 ms
2026-02-21T16:13:15.9381497Z [16:13:15 INF] HTTP GET /_framework/Microsoft.Extensions.Primitives.p672mzndxd.wasm.br responded 200 in 713.8384 ms
2026-02-21T16:13:15.9516321Z [16:13:15 INF] HTTP GET /_framework/Microsoft.Extensions.Primitives.p672mzndxd.wasm.br responded 200 in 713.8384 ms
2026-02-21T16:13:15.9516668Z [16:13:15 INF] HTTP GET /_framework/PoNovaWeight.Shared.7zh5k3uz02.wasm.br responded 200 in 640.6219 ms
2026-02-21T16:13:15.9516705Z [16:13:15 INF] HTTP GET /_framework/PoNovaWeight.Shared.7zh5k3uz02.wasm.br responded 200 in 640.6219 ms
2026-02-21T16:13:15.9516735Z [16:13:15 INF] HTTP GET /_framework/System.Net.Http.w81jlvxoef.wasm.br responded 200 in 56.6468 ms
2026-02-21T16:13:15.9516764Z [16:13:15 INF] HTTP GET /_framework/System.Net.Http.w81jlvxoef.wasm.br responded 200 in 56.6468 ms
2026-02-21T16:13:15.9558510Z [16:13:15 INF] HTTP GET /_framework/Microsoft.JSInterop.qlw0jdw9ru.wasm.br responded 200 in 647.5223 ms
2026-02-21T16:13:15.9558664Z [16:13:15 INF] HTTP GET /_framework/Microsoft.JSInterop.qlw0jdw9ru.wasm.br responded 200 in 647.5223 ms
2026-02-21T16:13:15.9558706Z [16:13:15 INF] HTTP GET /_framework/Microsoft.Extensions.DependencyInjection.scyrntte5w.wasm.br responded 200 in 705.9397 ms
2026-02-21T16:13:15.9577877Z [16:13:15 INF] HTTP GET /_framework/FluentValidation.fvee6lf8f0.wasm.br responded 200 in 1013.1021 ms
2026-02-21T16:13:15.9577995Z [16:13:15 INF] HTTP GET /_framework/FluentValidation.fvee6lf8f0.wasm.br responded 200 in 1013.1021 ms
2026-02-21T16:13:15.9765370Z [16:13:15 INF] HTTP GET /_framework/PoNovaWeight.Client.btag87l1uw.wasm.br responded 200 in 747.3045 ms
2026-02-21T16:13:15.9766624Z [16:13:15 INF] HTTP GET /_framework/PoNovaWeight.Client.btag87l1uw.wasm.br responded 200 in 747.3045 ms
2026-02-21T16:13:15.9766957Z [16:13:15 INF] HTTP GET /_framework/Microsoft.Extensions.DependencyInjection.scyrntte5w.wasm.br responded 200 in 705.9397 ms
2026-02-21T16:13:15.9767005Z [16:13:15 INF] HTTP GET /_framework/Microsoft.Extensions.Logging.adb1sa7uq5.wasm.br responded 200 in 7.4127 ms
2026-02-21T16:13:15.9767036Z [16:13:15 INF] HTTP GET /_framework/Microsoft.Extensions.Logging.adb1sa7uq5.wasm.br responded 200 in 7.4127 ms
2026-02-21T16:13:15.9989083Z [16:13:15 INF] HTTP GET /appsettings.json responded 200 in 19.2187 ms
2026-02-21T16:13:16.0065368Z [16:13:15 INF] HTTP GET /appsettings.json responded 200 in 19.2187 ms
2026-02-21T16:13:16.0312256Z [16:13:16 INF] HTTP GET /_framework/System.Memory.ni4qbvxfv6.wasm.br responded 200 in 43.0839 ms
2026-02-21T16:13:16.0390890Z [16:13:16 INF] HTTP GET /_framework/System.Memory.ni4qbvxfv6.wasm.br responded 200 in 43.0839 ms
2026-02-21T16:13:16.0439826Z [16:13:16 INF] HTTP GET /_framework/System.Net.Primitives.nlzmlluvkx.wasm.br responded 200 in 30.8700 ms
2026-02-21T16:13:16.0442116Z [16:13:16 INF] HTTP GET /_framework/System.Net.Primitives.nlzmlluvkx.wasm.br responded 200 in 30.8700 ms
2026-02-21T16:13:16.1061015Z [16:13:16 INF] HTTP GET /_framework/System.ComponentModel.zshcyi7w4p.wasm.br responded 200 in 28.2582 ms
2026-02-21T16:13:16.1061267Z [16:13:16 INF] HTTP GET /_framework/System.ComponentModel.zshcyi7w4p.wasm.br responded 200 in 28.2582 ms
2026-02-21T16:13:16.1712065Z [16:13:16 INF] HTTP GET /_framework/System.Runtime.2x0b51eq30.wasm.br responded 200 in 26.8600 ms
2026-02-21T16:13:16.1713507Z [16:13:16 INF] HTTP GET /_framework/System.Runtime.2x0b51eq30.wasm.br responded 200 in 26.8600 ms
2026-02-21T16:13:16.1755935Z [16:13:16 INF] HTTP GET /_framework/Microsoft.AspNetCore.Components.n85vbwl8w7.wasm.br responded 200 in 1132.5465 ms
2026-02-21T16:13:16.1756572Z [16:13:16 INF] HTTP GET /_framework/Microsoft.AspNetCore.Components.n85vbwl8w7.wasm.br responded 200 in 1132.5465 ms
2026-02-21T16:13:16.1788661Z [16:13:16 INF] HTTP GET /_framework/System.Linq.Expressions.qp5wzg75hi.wasm.br responded 200 in 965.0946 ms
2026-02-21T16:13:16.1795146Z [16:13:16 INF] HTTP GET /_framework/System.Linq.Expressions.qp5wzg75hi.wasm.br responded 200 in 965.0946 ms
2026-02-21T16:13:16.2262620Z [16:13:16 INF] HTTP GET /_framework/System.Text.RegularExpressions.foj7vla4vw.wasm.br responded 200 in 567.7206 ms
2026-02-21T16:13:16.2265320Z [16:13:16 INF] HTTP GET /_framework/System.Text.RegularExpressions.foj7vla4vw.wasm.br responded 200 in 567.7206 ms
2026-02-21T16:13:16.2405770Z [16:13:16 INF] HTTP GET /_framework/icudt_EFIGS.tptq2av103.dat.br responded 200 in 190.7332 ms
2026-02-21T16:13:16.2406178Z [16:13:16 INF] HTTP GET /_framework/icudt_EFIGS.tptq2av103.dat.br responded 200 in 190.7332 ms
2026-02-21T16:13:16.2406217Z [16:13:16 INF] HTTP GET /_framework/System.Text.Json.vnpe9e12cn.wasm.br responded 200 in 195.6161 ms
2026-02-21T16:13:16.2406246Z [16:13:16 INF] HTTP GET /_framework/System.Text.Json.vnpe9e12cn.wasm.br responded 200 in 195.6161 ms
2026-02-21T16:13:16.3332365Z [16:13:16 INF] HTTP GET /_framework/System.Private.CoreLib.n3x77zm0m4.wasm.br responded 200 in 1233.2587 ms
2026-02-21T16:13:16.3332717Z [16:13:16 INF] HTTP GET /_framework/System.Private.CoreLib.n3x77zm0m4.wasm.br responded 200 in 1233.2587 ms
2026-02-21T16:13:16.3734845Z [16:13:16 INF] HTTP GET /_framework/dotnet.native.2mv1pqdd2n.wasm.br responded 200 in 1806.6978 ms
2026-02-21T16:13:16.3735097Z [16:13:16 INF] HTTP GET /_framework/dotnet.native.2mv1pqdd2n.wasm.br responded 200 in 1806.6978 ms
2026-02-21T16:13:18.0052650Z [16:13:18 INF] HTTP GET /index.html responded 200 in 32.0318 ms
2026-02-21T16:13:18.0139370Z [16:13:18 INF] HTTP GET /index.html responded 200 in 32.0318 ms
2026-02-21T16:13:18.2162766Z [16:13:18 INF] HTTP GET /_framework/blazor.webassembly.js.br responded 304 in 65.9739 ms
2026-02-21T16:13:18.2163400Z [16:13:18 INF] HTTP GET /_framework/blazor.webassembly.js.br responded 304 in 65.9739 ms
2026-02-21T16:14:35.7393888Z [16:14:35 INF] HTTP GET /favicon.ico responded 404 in 18.5156 ms
2026-02-21T16:14:35.7397017Z [16:14:35 INF] HTTP GET /favicon.ico responded 404 in 18.5156 ms
2026-02-21T16:16:24.9933173Z [16:16:24 INF] HTTP GET /favicon.ico responded 404 in 759.1179 ms
2026-02-21T16:16:24.9966984Z [16:16:24 INF] HTTP GET /favicon.ico responded 404 in 759.1179 ms
2026-02-21T16:16:25.5186827Z [16:16:25 INF] HTTP GET /favicon.ico responded 404 in 2.7665 ms
2026-02-21T16:16:25.5187445Z [16:16:25 INF] HTTP GET /favicon.ico responded 404 in 2.7665 ms
