2026-03-06T02:03:16.7830450Z     __ __          __      __    _ __     
2026-03-06T02:03:16.7830784Z    / //_/_  _ ____/ /_  __/ /   (_) /____ 
2026-03-06T02:03:16.7830838Z   / ,< / / / / __  / / / / /   / / __/ _  
2026-03-06T02:03:16.7830887Z  / /| / /_/ / /_/ / /_/ / /___/ / /_/  __/
2026-03-06T02:03:16.7830932Z /_/ |_\__,_/\__,_/\__,_/_____/_/\__/\___/ 
2026-03-06T02:03:16.7830973Z 
2026-03-06T02:03:16.7831016Z                                           
2026-03-06T02:03:16.7831060Z DEBUG CONSOLE | AZURE APP SERVICE ON LINUX
2026-03-06T02:03:16.7831166Z 
2026-03-06T02:03:16.7831213Z Documentation: http://aka.ms/webapp-linux
2026-03-06T02:03:16.7831256Z Kudu Version : 20260204.5
2026-03-06T02:03:16.7831302Z Commit       : f2123a3d94768058c9d9e002efc0a31e9c1580a3
2026-03-06T02:03:16.7831347Z Instance Name: lw1sdlwk000AKC
2026-03-06T02:03:16.7831397Z Instance Id  : 14081d20018b15b1623fc720b48f16fa62465e5170c988d77c1ce70393fc7d40
2026-03-06T02:03:16.7831436Z 
2026-03-06T02:03:21.9550640Z chown: changing ownership of '/temp': Operation not permitted
2026-03-06T02:03:22.0238024Z chmod: changing permissions of '/temp': Operation not permitted
2026-03-06T02:03:43.7003443Z  * Restarting OpenBSD Secure Shell server sshd
2026-03-06T02:03:43.9230577Z    ...done.
2026-03-06T02:03:44.3146751Z node not running, starting node /opt/webssh/index.js
2026-03-06T02:04:21.6664858Z Fri Mar 6 02:04:21 UTC 2026 running .net core
2026-03-06T02:04:27.3586319Z Startup : 02.04.27.311948
2026-03-06T02:04:27.5917271Z Configure Services : 02.04.27.591373
2026-03-06T02:04:28.6372174Z Configure : 02.04.28.637061
2026-03-06T02:04:29.5585501Z Setting Up Routes : 02.04.29.558281
2026-03-06T02:04:29.6496244Z Exiting Configure : 02.04.29.649404
2026-03-06T02:04:31.8369223Z Hosting environment: Production
2026-03-06T02:04:31.8369551Z Content root path: /opt/Kudu
2026-03-06T02:04:31.8369608Z Now listening on: http://0.0.0.0:8181
2026-03-06T02:04:31.8369657Z Application started. Press Ctrl+C to shut down.
2026-03-06T02:04:47.2533744Z Deploy Async
