2026-03-05T14:06:29.3446873Z     __ __          __      __    _ __     
2026-03-05T14:06:29.3676066Z    / //_/_  _ ____/ /_  __/ /   (_) /____ 
2026-03-05T14:06:29.3676373Z   / ,< / / / / __  / / / / /   / / __/ _  
2026-03-05T14:06:29.3676439Z  / /| / /_/ / /_/ / /_/ / /___/ / /_/  __/
2026-03-05T14:06:29.3676499Z /_/ |_\__,_/\__,_/\__,_/_____/_/\__/\___/ 
2026-03-05T14:06:29.3676575Z 
2026-03-05T14:06:29.3676647Z                                           
2026-03-05T14:06:29.3676705Z DEBUG CONSOLE | AZURE APP SERVICE ON LINUX
2026-03-05T14:06:29.3676759Z 
2026-03-05T14:06:29.3676821Z Documentation: http://aka.ms/webapp-linux
2026-03-05T14:06:29.3676906Z Kudu Version : 20260204.5
2026-03-05T14:06:29.3676970Z Commit       : f2123a3d94768058c9d9e002efc0a31e9c1580a3
2026-03-05T14:06:29.3677028Z Instance Name: lw1sdlwk000AKC
2026-03-05T14:06:29.3677101Z Instance Id  : 14081d20018b15b1623fc720b48f16fa62465e5170c988d77c1ce70393fc7d40
2026-03-05T14:06:29.3677156Z 
2026-03-05T14:06:31.2919267Z chown: changing ownership of '/temp': Operation not permitted
2026-03-05T14:06:31.3428098Z chmod: changing permissions of '/temp': Operation not permitted
2026-03-05T14:06:40.7374039Z  * Restarting OpenBSD Secure Shell server sshd
2026-03-05T14:06:40.9064253Z    ...done.
2026-03-05T14:06:41.1084386Z node not running, starting node /opt/webssh/index.js
2026-03-05T14:07:16.1656936Z Thu Mar 5 14:07:16 UTC 2026 running .net core
2026-03-05T14:07:20.9592076Z Startup : 02.07.20.847077
2026-03-05T14:07:21.1015330Z Configure Services : 02.07.21.101231
2026-03-05T14:07:23.8164473Z Configure : 02.07.23.809557
2026-03-05T14:07:27.7157831Z Setting Up Routes : 02.07.27.715318
2026-03-05T14:07:27.7999985Z Exiting Configure : 02.07.27.799745
2026-03-05T14:07:33.1820437Z Hosting environment: Production
2026-03-05T14:07:33.1822669Z Content root path: /opt/Kudu
2026-03-05T14:07:33.1822767Z Now listening on: http://0.0.0.0:8181
2026-03-05T14:07:33.1822835Z Application started. Press Ctrl+C to shut down.
2026-03-05T14:13:27.0130102Z warn: Microsoft.AspNetCore.Server.Kestrel[22]
2026-03-05T14:13:27.0228791Z       As of "03/05/2026 14:13:24 +00:00", the heartbeat has been running for "00:00:04.5353287" which is longer than "00:00:01". This could be caused by thread pool starvation.
2026-03-05T18:32:11.8468042Z Deploy Async
2026-03-05T18:49:33.0986544Z     __ __          __      __    _ __     
2026-03-05T18:49:33.3725611Z    / //_/_  _ ____/ /_  __/ /   (_) /____ 
2026-03-05T18:49:33.3726000Z   / ,< / / / / __  / / / / /   / / __/ _  
2026-03-05T18:49:33.3726067Z  / /| / /_/ / /_/ / /_/ / /___/ / /_/  __/
2026-03-05T18:49:33.3726128Z /_/ |_\__,_/\__,_/\__,_/_____/_/\__/\___/ 
2026-03-05T18:49:33.3726184Z 
2026-03-05T18:49:33.3726288Z                                           
2026-03-05T18:49:33.3726409Z DEBUG CONSOLE | AZURE APP SERVICE ON LINUX
2026-03-05T18:49:33.3726466Z 
2026-03-05T18:49:33.3726526Z Documentation: http://aka.ms/webapp-linux
2026-03-05T18:49:33.3726594Z Kudu Version : 20260204.5
2026-03-05T18:49:33.3726658Z Commit       : f2123a3d94768058c9d9e002efc0a31e9c1580a3
2026-03-05T18:49:33.3726718Z Instance Name: lw1sdlwk000AKC
2026-03-05T18:49:33.3726789Z Instance Id  : 14081d20018b15b1623fc720b48f16fa62465e5170c988d77c1ce70393fc7d40
2026-03-05T18:49:33.3726844Z 
2026-03-05T18:49:34.3976388Z chown: changing ownership of '/temp': Operation not permitted
2026-03-05T18:49:34.4248102Z chmod: changing permissions of '/temp': Operation not permitted
2026-03-05T18:49:59.0957461Z  * Restarting OpenBSD Secure Shell server sshd
2026-03-05T18:49:59.1904664Z    ...done.
2026-03-05T18:49:59.8800051Z node not running, starting node /opt/webssh/index.js
2026-03-05T18:50:49.4989399Z Thu Mar 5 18:50:49 UTC 2026 running .net core
2026-03-05T18:50:56.8604785Z Startup : 06.50.56.776510
2026-03-05T18:50:56.9556254Z Configure Services : 06.50.56.938649
2026-03-05T18:51:00.1712779Z Configure : 06.51.00.164413
2026-03-05T18:51:01.3773038Z Setting Up Routes : 06.51.01.371198
2026-03-05T18:51:01.5394526Z Exiting Configure : 06.51.01.539208
2026-03-05T18:51:03.0596705Z Hosting environment: Production
2026-03-05T18:51:03.0780718Z Content root path: /opt/Kudu
2026-03-05T18:51:03.0781064Z Now listening on: http://0.0.0.0:8181
2026-03-05T18:51:03.0781256Z Application started. Press Ctrl+C to shut down.
2026-03-05T18:53:27.2591170Z Deploy Async
2026-03-05T19:01:42.2648916Z Deploy Async
2026-03-05T19:47:29.1045283Z     __ __          __      __    _ __     
2026-03-05T19:47:29.5550537Z    / //_/_  _ ____/ /_  __/ /   (_) /____ 
2026-03-05T19:47:29.5551069Z   / ,< / / / / __  / / / / /   / / __/ _  
2026-03-05T19:47:29.5551139Z  / /| / /_/ / /_/ / /_/ / /___/ / /_/  __/
2026-03-05T19:47:29.5551201Z /_/ |_\__,_/\__,_/\__,_/_____/_/\__/\___/ 
2026-03-05T19:47:29.5551257Z 
2026-03-05T19:47:29.5551357Z                                           
2026-03-05T19:47:29.5551417Z DEBUG CONSOLE | AZURE APP SERVICE ON LINUX
2026-03-05T19:47:29.5551526Z 
2026-03-05T19:47:29.5551589Z Documentation: http://aka.ms/webapp-linux
2026-03-05T19:47:29.5551657Z Kudu Version : 20260204.5
2026-03-05T19:47:29.5551721Z Commit       : f2123a3d94768058c9d9e002efc0a31e9c1580a3
2026-03-05T19:47:29.5551782Z Instance Name: lw1sdlwk000AKC
2026-03-05T19:47:29.5551854Z Instance Id  : 14081d20018b15b1623fc720b48f16fa62465e5170c988d77c1ce70393fc7d40
2026-03-05T19:47:29.5551909Z 
2026-03-05T19:47:33.0466172Z chown: changing ownership of '/temp': Operation not permitted
2026-03-05T19:47:33.0750575Z chmod: changing permissions of '/temp': Operation not permitted
2026-03-05T19:48:29.0339454Z  * Restarting OpenBSD Secure Shell server sshd
2026-03-05T19:48:29.3188550Z    ...done.
2026-03-05T19:48:30.1506006Z node not running, starting node /opt/webssh/index.js
2026-03-05T19:50:32.7451135Z Thu Mar 5 19:50:32 UTC 2026 running .net core
2026-03-05T19:50:48.7437775Z Startup : 07.50.48.280237
2026-03-05T19:50:49.6549388Z Configure Services : 07.50.49.644424
2026-03-05T19:50:59.9129987Z Configure : 07.50.59.854781
2026-03-05T19:51:09.1160848Z Setting Up Routes : 07.51.09.108317
2026-03-05T19:51:11.6334260Z Exiting Configure : 07.51.11.343383
2026-03-05T19:51:19.3418177Z Hosting environment: Production
2026-03-05T19:51:19.3418570Z Content root path: /opt/Kudu
2026-03-05T19:51:19.3418614Z Now listening on: http://0.0.0.0:8181
2026-03-05T19:51:19.3418658Z Application started. Press Ctrl+C to shut down.
2026-03-05T19:51:50.3038254Z Deploy Async
2026-03-05T19:56:09.8909153Z     __ __          __      __    _ __     
2026-03-05T19:56:09.8909599Z    / //_/_  _ ____/ /_  __/ /   (_) /____ 
2026-03-05T19:56:09.8909655Z   / ,< / / / / __  / / / / /   / / __/ _  
2026-03-05T19:56:09.8909701Z  / /| / /_/ / /_/ / /_/ / /___/ / /_/  __/
2026-03-05T19:56:09.8909748Z /_/ |_\__,_/\__,_/\__,_/_____/_/\__/\___/ 
2026-03-05T19:56:09.8909789Z 
2026-03-05T19:56:09.8909833Z                                           
2026-03-05T19:56:09.8909876Z DEBUG CONSOLE | AZURE APP SERVICE ON LINUX
2026-03-05T19:56:09.8909916Z 
2026-03-05T19:56:09.8909961Z Documentation: http://aka.ms/webapp-linux
2026-03-05T19:56:09.8910003Z Kudu Version : 20260204.5
2026-03-05T19:56:09.8910049Z Commit       : f2123a3d94768058c9d9e002efc0a31e9c1580a3
2026-03-05T19:56:09.8910092Z Instance Name: lw1sdlwk000AKC
2026-03-05T19:56:09.8910142Z Instance Id  : 14081d20018b15b1623fc720b48f16fa62465e5170c988d77c1ce70393fc7d40
2026-03-05T19:56:09.8910181Z 
2026-03-05T19:56:16.6629604Z chown: changing ownership of '/temp': Operation not permitted
2026-03-05T19:56:16.7008546Z chmod: changing permissions of '/temp': Operation not permitted
2026-03-05T19:56:43.2850040Z  * Restarting OpenBSD Secure Shell server sshd
2026-03-05T19:56:43.3938941Z    ...done.
2026-03-05T19:56:43.6159232Z node not running, starting node /opt/webssh/index.js
2026-03-05T19:57:20.5878615Z Thu Mar 5 19:57:20 UTC 2026 running .net core
2026-03-05T19:57:29.8687759Z Startup : 07.57.29.589692
2026-03-05T19:57:30.0819746Z Configure Services : 07.57.30.081557
2026-03-05T19:57:34.0500183Z Configure : 07.57.33.992658
2026-03-05T19:57:38.1409290Z Setting Up Routes : 07.57.38.140745
2026-03-05T19:57:38.3568317Z Exiting Configure : 07.57.38.356121
2026-03-05T19:57:41.1370211Z Hosting environment: Production
2026-03-05T19:57:41.2138695Z Content root path: /opt/Kudu
2026-03-05T19:57:41.2139069Z Now listening on: http://0.0.0.0:8181
2026-03-05T19:57:41.2139124Z Application started. Press Ctrl+C to shut down.
2026-03-05T19:58:36.4850234Z     __ __          __      __    _ __     
2026-03-05T19:58:36.6031850Z    / //_/_  _ ____/ /_  __/ /   (_) /____ 
2026-03-05T19:58:36.6032172Z   / ,< / / / / __  / / / / /   / / __/ _  
2026-03-05T19:58:36.6032238Z  / /| / /_/ / /_/ / /_/ / /___/ / /_/  __/
2026-03-05T19:58:36.6032298Z /_/ |_\__,_/\__,_/\__,_/_____/_/\__/\___/ 
2026-03-05T19:58:36.6032385Z 
2026-03-05T19:58:36.6032460Z                                           
2026-03-05T19:58:36.6032573Z DEBUG CONSOLE | AZURE APP SERVICE ON LINUX
2026-03-05T19:58:36.6032628Z 
2026-03-05T19:58:36.6032692Z Documentation: http://aka.ms/webapp-linux
2026-03-05T19:58:36.6032754Z Kudu Version : 20260204.5
2026-03-05T19:58:36.6032817Z Commit       : f2123a3d94768058c9d9e002efc0a31e9c1580a3
2026-03-05T19:58:36.6032876Z Instance Name: lw1sdlwk000AKC
2026-03-05T19:58:36.6032946Z Instance Id  : 14081d20018b15b1623fc720b48f16fa62465e5170c988d77c1ce70393fc7d40
2026-03-05T19:58:36.6033001Z 
2026-03-05T19:58:51.9929973Z chown: changing ownership of '/temp': Operation not permitted
2026-03-05T19:58:52.2234312Z chmod: changing permissions of '/temp': Operation not permitted
2026-03-05T20:01:09.6143436Z  * Restarting OpenBSD Secure Shell server sshd
2026-03-05T20:01:10.3775064Z    ...done.
2026-03-05T20:01:11.9070255Z node not running, starting node /opt/webssh/index.js
2026-03-05T20:04:56.8881199Z     __ __          __      __    _ __     
2026-03-05T20:04:56.8881399Z    / //_/_  _ ____/ /_  __/ /   (_) /____ 
2026-03-05T20:04:56.8881450Z   / ,< / / / / __  / / / / /   / / __/ _  
2026-03-05T20:04:56.8881494Z  / /| / /_/ / /_/ / /_/ / /___/ / /_/  __/
2026-03-05T20:04:56.8881538Z /_/ |_\__,_/\__,_/\__,_/_____/_/\__/\___/ 
2026-03-05T20:04:56.8881578Z 
2026-03-05T20:04:56.8881621Z                                           
2026-03-05T20:04:56.8881664Z DEBUG CONSOLE | AZURE APP SERVICE ON LINUX
2026-03-05T20:04:56.8881702Z 
2026-03-05T20:04:56.8881745Z Documentation: http://aka.ms/webapp-linux
2026-03-05T20:04:56.8881814Z Kudu Version : 20260204.5
2026-03-05T20:04:56.8881864Z Commit       : f2123a3d94768058c9d9e002efc0a31e9c1580a3
2026-03-05T20:04:56.8881909Z Instance Name: lw1sdlwk000AKC
2026-03-05T20:04:56.8881959Z Instance Id  : 14081d20018b15b1623fc720b48f16fa62465e5170c988d77c1ce70393fc7d40
2026-03-05T20:04:56.8881999Z 
2026-03-05T20:04:59.5185284Z chown: changing ownership of '/temp': Operation not permitted
2026-03-05T20:04:59.5185510Z chmod: changing permissions of '/temp': Operation not permitted
2026-03-05T20:05:17.8562223Z  * Restarting OpenBSD Secure Shell server sshd
2026-03-05T20:05:18.2090049Z    ...done.
2026-03-05T20:05:19.6447113Z node not running, starting node /opt/webssh/index.js
2026-03-05T20:05:54.8181022Z Thu Mar 5 20:05:54 UTC 2026 running .net core
2026-03-05T20:06:00.9810597Z Startup : 08.06.00.940489
2026-03-05T20:06:01.0699706Z Configure Services : 08.06.01.069619
2026-03-05T20:06:03.8992382Z Configure : 08.06.03.898789
2026-03-05T20:06:08.7587992Z Setting Up Routes : 08.06.08.737438
2026-03-05T20:06:09.1244844Z Exiting Configure : 08.06.09.124249
2026-03-05T20:06:13.5906162Z Hosting environment: Production
2026-03-05T20:06:13.5906419Z Content root path: /opt/Kudu
2026-03-05T20:06:13.5906447Z Now listening on: http://0.0.0.0:8181
2026-03-05T20:06:13.5906472Z Application started. Press Ctrl+C to shut down.
2026-03-05T20:19:07.5066134Z Deploy Async
2026-03-05T20:20:31.7315246Z Deploy Async
2026-03-05T20:21:36.5298069Z Deploy Async
2026-03-05T20:32:17.3880243Z     __ __          __      __    _ __     
2026-03-05T20:32:17.3882083Z    / //_/_  _ ____/ /_  __/ /   (_) /____ 
2026-03-05T20:32:17.3882143Z   / ,< / / / / __  / / / / /   / / __/ _  
2026-03-05T20:32:17.3882180Z  / /| / /_/ / /_/ / /_/ / /___/ / /_/  __/
2026-03-05T20:32:17.3882220Z /_/ |_\__,_/\__,_/\__,_/_____/_/\__/\___/ 
2026-03-05T20:32:17.3882261Z 
2026-03-05T20:32:17.3882299Z                                           
2026-03-05T20:32:17.3882393Z DEBUG CONSOLE | AZURE APP SERVICE ON LINUX
2026-03-05T20:32:17.3882424Z 
2026-03-05T20:32:17.3882458Z Documentation: http://aka.ms/webapp-linux
2026-03-05T20:32:17.3882492Z Kudu Version : 20260204.5
2026-03-05T20:32:17.3882528Z Commit       : f2123a3d94768058c9d9e002efc0a31e9c1580a3
2026-03-05T20:32:17.3882560Z Instance Name: lw1sdlwk000AKC
2026-03-05T20:32:17.3882597Z Instance Id  : 14081d20018b15b1623fc720b48f16fa62465e5170c988d77c1ce70393fc7d40
2026-03-05T20:32:17.3882646Z 
2026-03-05T20:32:21.8908286Z chown: changing ownership of '/temp': Operation not permitted
2026-03-05T20:32:21.9769690Z chmod: changing permissions of '/temp': Operation not permitted
2026-03-05T20:33:09.8365583Z  * Restarting OpenBSD Secure Shell server sshd
2026-03-05T20:33:10.1382860Z    ...done.
2026-03-05T20:33:10.9995889Z node not running, starting node /opt/webssh/index.js
2026-03-05T20:34:09.5080809Z Thu Mar 5 20:34:09 UTC 2026 running .net core
2026-03-05T20:34:19.8521572Z Startup : 08.34.19.594509
2026-03-05T20:34:19.9739634Z Configure Services : 08.34.19.953629
2026-03-05T20:34:22.7744928Z Configure : 08.34.22.774182
2026-03-05T20:34:24.5957380Z Setting Up Routes : 08.34.24.595505
2026-03-05T20:34:24.7465821Z Exiting Configure : 08.34.24.745082
2026-03-05T20:34:26.0558924Z Hosting environment: Production
2026-03-05T20:34:26.0660379Z Content root path: /opt/Kudu
2026-03-05T20:34:26.0660698Z Now listening on: http://0.0.0.0:8181
2026-03-05T20:34:26.0660757Z Application started. Press Ctrl+C to shut down.
2026-03-05T20:52:23.6941153Z Deploy Async
2026-03-05T23:23:28.7082395Z     __ __          __      __    _ __     
2026-03-05T23:23:28.7274020Z    / //_/_  _ ____/ /_  __/ /   (_) /____ 
2026-03-05T23:23:28.7274246Z   / ,< / / / / __  / / / / /   / / __/ _  
2026-03-05T23:23:28.7274309Z  / /| / /_/ / /_/ / /_/ / /___/ / /_/  __/
2026-03-05T23:23:28.7274372Z /_/ |_\__,_/\__,_/\__,_/_____/_/\__/\___/ 
2026-03-05T23:23:28.7274451Z 
2026-03-05T23:23:28.7274518Z                                           
2026-03-05T23:23:28.7274625Z DEBUG CONSOLE | AZURE APP SERVICE ON LINUX
2026-03-05T23:23:28.7274680Z 
2026-03-05T23:23:28.7274743Z Documentation: http://aka.ms/webapp-linux
2026-03-05T23:23:28.7274802Z Kudu Version : 20260204.5
2026-03-05T23:23:28.7274867Z Commit       : f2123a3d94768058c9d9e002efc0a31e9c1580a3
2026-03-05T23:23:28.7274927Z Instance Name: lw1sdlwk000AKC
2026-03-05T23:23:28.7275000Z Instance Id  : 14081d20018b15b1623fc720b48f16fa62465e5170c988d77c1ce70393fc7d40
2026-03-05T23:23:28.7275055Z 
2026-03-05T23:23:31.1968990Z chown: changing ownership of '/temp': Operation not permitted
2026-03-05T23:23:31.2154725Z chmod: changing permissions of '/temp': Operation not permitted
2026-03-05T23:23:45.0005764Z  * Restarting OpenBSD Secure Shell server sshd
2026-03-05T23:23:45.1063980Z    ...done.
2026-03-05T23:23:45.4780977Z node not running, starting node /opt/webssh/index.js
2026-03-05T23:24:29.9947642Z Thu Mar 5 23:24:29 UTC 2026 running .net core
2026-03-05T23:24:33.1979766Z Startup : 11.24.33.171110
2026-03-05T23:24:33.2692554Z Configure Services : 11.24.33.269034
2026-03-05T23:24:34.2782396Z Configure : 11.24.34.277905
2026-03-05T23:24:35.2887837Z Setting Up Routes : 11.24.35.269216
2026-03-05T23:24:35.4954458Z Exiting Configure : 11.24.35.495218
2026-03-05T23:24:37.6598504Z Hosting environment: Production
2026-03-05T23:24:37.6616219Z Content root path: /opt/Kudu
2026-03-05T23:24:37.6707239Z Now listening on: http://0.0.0.0:8181
2026-03-05T23:24:37.6707419Z Application started. Press Ctrl+C to shut down.
2026-03-05T23:25:21.1393397Z Deploy Async
2026-03-05T23:33:56.8560231Z     __ __          __      __    _ __     
2026-03-05T23:33:56.8567024Z    / //_/_  _ ____/ /_  __/ /   (_) /____ 
2026-03-05T23:33:56.8567153Z   / ,< / / / / __  / / / / /   / / __/ _  
2026-03-05T23:33:56.8567219Z  / /| / /_/ / /_/ / /_/ / /___/ / /_/  __/
2026-03-05T23:33:56.8567279Z /_/ |_\__,_/\__,_/\__,_/_____/_/\__/\___/ 
2026-03-05T23:33:56.8567341Z 
2026-03-05T23:33:56.8567434Z                                           
2026-03-05T23:33:56.8567493Z DEBUG CONSOLE | AZURE APP SERVICE ON LINUX
2026-03-05T23:33:56.8567546Z 
2026-03-05T23:33:56.8567610Z Documentation: http://aka.ms/webapp-linux
2026-03-05T23:33:56.8567668Z Kudu Version : 20260204.5
2026-03-05T23:33:56.8567730Z Commit       : f2123a3d94768058c9d9e002efc0a31e9c1580a3
2026-03-05T23:33:56.8567789Z Instance Name: lw1sdlwk000AKC
2026-03-05T23:33:56.8567858Z Instance Id  : 14081d20018b15b1623fc720b48f16fa62465e5170c988d77c1ce70393fc7d40
2026-03-05T23:33:56.8567935Z 
2026-03-05T23:34:01.0324031Z chown: changing ownership of '/temp': Operation not permitted
2026-03-05T23:34:01.0531980Z chmod: changing permissions of '/temp': Operation not permitted
2026-03-05T23:34:27.3218525Z  * Restarting OpenBSD Secure Shell server sshd
2026-03-05T23:34:27.9319495Z    ...done.
2026-03-05T23:34:29.1073209Z node not running, starting node /opt/webssh/index.js
2026-03-05T23:37:48.8109309Z warn: Microsoft.AspNetCore.Server.Kestrel[22]
2026-03-05T23:37:48.8109761Z       As of "03/05/2026 23:37:44 +00:00", the heartbeat has been running for "00:00:01.7597216" which is longer than "00:00:01". This could be caused by thread pool starvation.
2026-03-05T23:48:37.1125292Z     __ __          __      __    _ __     
2026-03-05T23:48:37.1137436Z    / //_/_  _ ____/ /_  __/ /   (_) /____ 
2026-03-05T23:48:37.1137533Z   / ,< / / / / __  / / / / /   / / __/ _  
2026-03-05T23:48:37.1137560Z  / /| / /_/ / /_/ / /_/ / /___/ / /_/  __/
2026-03-05T23:48:37.1137587Z /_/ |_\__,_/\__,_/\__,_/_____/_/\__/\___/ 
2026-03-05T23:48:37.1137609Z 
2026-03-05T23:48:37.1137633Z                                           
2026-03-05T23:48:37.1137657Z DEBUG CONSOLE | AZURE APP SERVICE ON LINUX
2026-03-05T23:48:37.1137679Z 
2026-03-05T23:48:37.1137704Z Documentation: http://aka.ms/webapp-linux
2026-03-05T23:48:37.1137728Z Kudu Version : 20260204.5
2026-03-05T23:48:37.1137755Z Commit       : f2123a3d94768058c9d9e002efc0a31e9c1580a3
2026-03-05T23:48:37.1137781Z Instance Name: lw1sdlwk000AKC
2026-03-05T23:48:37.1137821Z Instance Id  : 14081d20018b15b1623fc720b48f16fa62465e5170c988d77c1ce70393fc7d40
2026-03-05T23:48:37.1137843Z 
2026-03-05T23:48:40.7989398Z chown: changing ownership of '/temp': Operation not permitted
2026-03-05T23:48:40.8184350Z chmod: changing permissions of '/temp': Operation not permitted
2026-03-05T23:49:24.6723343Z  * Restarting OpenBSD Secure Shell server sshd
2026-03-05T23:49:25.4752026Z    ...done.
2026-03-05T23:49:26.6327145Z node not running, starting node /opt/webssh/index.js
2026-03-05T23:50:22.0588233Z Thu Mar 5 23:50:22 UTC 2026 running .net core
2026-03-05T23:50:30.2079592Z Startup : 11.50.29.955690
2026-03-05T23:50:30.8748190Z Configure Services : 11.50.30.842430
2026-03-05T23:50:34.0528671Z Configure : 11.50.34.046631
2026-03-05T23:50:36.8218140Z Setting Up Routes : 11.50.36.809525
2026-03-05T23:50:37.1027829Z Exiting Configure : 11.50.37.093866
2026-03-05T23:50:44.9233742Z Hosting environment: Production
2026-03-05T23:50:44.9234079Z Content root path: /opt/Kudu
2026-03-05T23:50:44.9234134Z Now listening on: http://0.0.0.0:8181
2026-03-05T23:50:44.9234183Z Application started. Press Ctrl+C to shut down.
2026-03-05T23:51:30.1536150Z     __ __          __      __    _ __     
2026-03-05T23:51:30.1616353Z    / //_/_  _ ____/ /_  __/ /   (_) /____ 
2026-03-05T23:51:30.1616557Z   / ,< / / / / __  / / / / /   / / __/ _  
2026-03-05T23:51:30.1616620Z  / /| / /_/ / /_/ / /_/ / /___/ / /_/  __/
2026-03-05T23:51:30.1616680Z /_/ |_\__,_/\__,_/\__,_/_____/_/\__/\___/ 
2026-03-05T23:51:30.1616754Z 
2026-03-05T23:51:30.1616823Z                                           
2026-03-05T23:51:30.1616919Z DEBUG CONSOLE | AZURE APP SERVICE ON LINUX
2026-03-05T23:51:30.1616974Z 
2026-03-05T23:51:30.1617036Z Documentation: http://aka.ms/webapp-linux
2026-03-05T23:51:30.1617094Z Kudu Version : 20260204.5
2026-03-05T23:51:30.1617155Z Commit       : f2123a3d94768058c9d9e002efc0a31e9c1580a3
2026-03-05T23:51:30.1617215Z Instance Name: lw1sdlwk000AKC
2026-03-05T23:51:30.1617286Z Instance Id  : 14081d20018b15b1623fc720b48f16fa62465e5170c988d77c1ce70393fc7d40
2026-03-05T23:51:30.1617342Z 
2026-03-05T23:51:34.5619260Z chown: changing ownership of '/temp': Operation not permitted
2026-03-05T23:51:34.5686342Z chmod: changing permissions of '/temp': Operation not permitted
2026-03-05T23:52:42.6601164Z  * Restarting OpenBSD Secure Shell server sshd
2026-03-05T23:52:43.5875219Z    ...done.
2026-03-05T23:52:45.5304059Z node not running, starting node /opt/webssh/index.js
