2026-03-05T14:09:35.0345168Z    _____                               
2026-03-05T14:09:35.0358443Z   /  _  \ __________ _________   ____  
2026-03-05T14:09:35.0358613Z  /  /_\  \\___   /  |  \_  __ \_/ __ \ 
2026-03-05T14:09:35.0358662Z /    |    \/    /|  |  /|  | \/\  ___/ 
2026-03-05T14:09:35.0358769Z \____|__  /_____ \____/ |__|    \___  >
2026-03-05T14:09:35.0358819Z         \/      \/                  \/ 
2026-03-05T14:09:35.0358857Z A P P   S E R V I C E   O N   L I N U X
2026-03-05T14:09:35.0358892Z 
2026-03-05T14:09:35.0358936Z Documentation       : http://aka.ms/webapp-linux
2026-03-05T14:09:35.0358977Z Dotnet quickstart   : https://aka.ms/dotnet-qs
2026-03-05T14:09:35.0359043Z ASP .NETCore Version: 10.0.2
2026-03-05T14:09:35.0359080Z Instance Name       : lw1sdlwk000AKC
2026-03-05T14:09:35.0359127Z Instance Id         : 14081d20018b15b1623fc720b48f16fa62465e5170c988d77c1ce70393fc7d40
2026-03-05T14:09:35.0359162Z 
2026-03-05T14:09:35.0359199Z Note: Any data outside '/home' is not persisted
2026-03-05T14:10:15.8661609Z  * Starting OpenBSD Secure Shell server sshd
2026-03-05T14:10:16.3217519Z    ...done.
2026-03-05T14:10:16.6537336Z WEBSITES_INCLUDE_CLOUD_CERTS is not set to true.
2026-03-05T14:10:17.0551917Z Updating certificates in /etc/ssl/certs...
2026-03-05T14:11:59.8655058Z rehash: warning: skipping duplicate certificate in SSLcom-TLS-Root-2022-ECC.pem
2026-03-05T14:11:59.8655598Z rehash: warning: skipping duplicate certificate in SSLcom-TLS-Root-2022-RSA.pem
2026-03-05T14:12:03.8375311Z rehash: warning: skipping ca-certificates.crt,it does not contain exactly one certificate or CRL
2026-03-05T14:12:04.1652113Z 4 added, 0 removed; done.
2026-03-05T14:12:04.1758463Z Running hooks in /etc/ca-certificates/update.d...
2026-03-05T14:12:04.2554850Z done.
2026-03-05T14:12:04.4932228Z CA certificates copied and updated successfully.
2026-03-05T14:12:05.7814801Z  * Starting periodic command scheduler cron
2026-03-05T14:12:06.7978649Z    ...done.
2026-03-05T14:12:06.9090191Z Running oryx create-script -appPath /home/site/wwwroot -output /opt/startup/startup.sh -defaultAppFilePath /defaulthome/hostingstart/hostingstart.dll     -bindPort 8080 -bindPort2 '' -userStartupCommand 'dotnet PoNovaWeight.Api.dll' 
2026-03-05T14:12:08.4710361Z Could not find build manifest file at '/home/site/wwwroot/oryx-manifest.toml'
2026-03-05T14:12:08.5402068Z Could not find operation ID in manifest. Generating an operation id...
2026-03-05T14:12:08.5402627Z Build Operation ID: da0e87dc-e262-4ffe-911c-d6b291bbad88
2026-03-05T14:12:14.5983563Z 
2026-03-05T14:12:14.5984253Z Agent extension 
2026-03-05T14:12:14.5984339Z Before if loop >> DotNet Runtime 
2026-03-05T14:12:17.1231278Z DotNet Runtime 10.0Writing output script to '/opt/startup/startup.sh'
2026-03-05T14:12:17.9882934Z Running user provided startup command...
2026-03-05T14:15:37.8694832Z    _____                               
2026-03-05T14:15:37.8979106Z   /  _  \ __________ _________   ____  
2026-03-05T14:15:37.8979374Z  /  /_\  \\___   /  |  \_  __ \_/ __ \ 
2026-03-05T14:15:37.8979430Z /    |    \/    /|  |  /|  | \/\  ___/ 
2026-03-05T14:15:37.8979481Z \____|__  /_____ \____/ |__|    \___  >
2026-03-05T14:15:37.8979532Z         \/      \/                  \/ 
2026-03-05T14:15:37.8979583Z A P P   S E R V I C E   O N   L I N U X
2026-03-05T14:15:37.8979630Z 
2026-03-05T14:15:37.8979770Z Documentation       : http://aka.ms/webapp-linux
2026-03-05T14:15:37.8979826Z Dotnet quickstart   : https://aka.ms/dotnet-qs
2026-03-05T14:15:37.8979876Z ASP .NETCore Version: 10.0.2
2026-03-05T14:15:37.8979929Z Instance Name       : lw1sdlwk000AKC
2026-03-05T14:15:37.8980007Z Instance Id         : 14081d20018b15b1623fc720b48f16fa62465e5170c988d77c1ce70393fc7d40
2026-03-05T14:15:37.8980053Z 
2026-03-05T14:15:37.8980104Z Note: Any data outside '/home' is not persisted
2026-03-05T14:16:20.2747707Z  * Starting OpenBSD Secure Shell server sshd
2026-03-05T14:16:20.5787910Z    ...done.
2026-03-05T14:16:20.6968622Z WEBSITES_INCLUDE_CLOUD_CERTS is not set to true.
2026-03-05T14:16:20.9571897Z Updating certificates in /etc/ssl/certs...
2026-03-05T14:18:30.3384457Z rehash: warning: skipping duplicate certificate in SSLcom-TLS-Root-2022-ECC.pem
2026-03-05T14:18:30.3466567Z rehash: warning: skipping duplicate certificate in SSLcom-TLS-Root-2022-RSA.pem
2026-03-05T14:18:33.4143916Z rehash: warning: skipping ca-certificates.crt,it does not contain exactly one certificate or CRL
2026-03-05T14:18:33.7646334Z 4 added, 0 removed; done.
2026-03-05T14:18:33.7646699Z Running hooks in /etc/ca-certificates/update.d...
2026-03-05T14:18:33.7858112Z done.
2026-03-05T14:18:33.9198250Z CA certificates copied and updated successfully.
2026-03-05T14:18:35.2031472Z  * Starting periodic command scheduler cron
2026-03-05T14:18:35.7165751Z    ...done.
2026-03-05T14:18:35.7380396Z Running oryx create-script -appPath /home/site/wwwroot -output /opt/startup/startup.sh -defaultAppFilePath /defaulthome/hostingstart/hostingstart.dll     -bindPort 8080 -bindPort2 '' -userStartupCommand 'dotnet PoNovaWeight.Api.dll' 
2026-03-05T14:18:38.2185329Z Could not find build manifest file at '/home/site/wwwroot/oryx-manifest.toml'
2026-03-05T14:18:38.2672457Z Could not find operation ID in manifest. Generating an operation id...
2026-03-05T14:18:38.2672924Z Build Operation ID: d69ba16c-d7e3-4156-8445-dfc5a40c2278
2026-03-05T14:18:44.4708507Z 
2026-03-05T14:18:44.4708939Z Agent extension 
2026-03-05T14:18:44.4709005Z Before if loop >> DotNet Runtime 
2026-03-05T14:18:47.9739646Z DotNet Runtime 10.0Writing output script to '/opt/startup/startup.sh'
2026-03-05T14:18:48.8388544Z Running user provided startup command...
2026-03-05T15:06:34.8771931Z    _____                               
2026-03-05T15:06:34.8772382Z   /  _  \ __________ _________   ____  
2026-03-05T15:06:34.8772446Z  /  /_\  \\___   /  |  \_  __ \_/ __ \ 
2026-03-05T15:06:34.8772500Z /    |    \/    /|  |  /|  | \/\  ___/ 
2026-03-05T15:06:34.8772781Z \____|__  /_____ \____/ |__|    \___  >
2026-03-05T15:06:34.8772836Z         \/      \/                  \/ 
2026-03-05T15:06:34.8772886Z A P P   S E R V I C E   O N   L I N U X
2026-03-05T15:06:34.8772934Z 
2026-03-05T15:06:34.8772987Z Documentation       : http://aka.ms/webapp-linux
2026-03-05T15:06:34.8773038Z Dotnet quickstart   : https://aka.ms/dotnet-qs
2026-03-05T15:06:34.8773089Z ASP .NETCore Version: 10.0.2
2026-03-05T15:06:34.8773140Z Instance Name       : lw1sdlwk000AKC
2026-03-05T15:06:34.8773198Z Instance Id         : 14081d20018b15b1623fc720b48f16fa62465e5170c988d77c1ce70393fc7d40
2026-03-05T15:06:34.8773244Z 
2026-03-05T15:06:34.8773296Z Note: Any data outside '/home' is not persisted
2026-03-05T15:06:48.9947705Z  * Starting OpenBSD Secure Shell server sshd
2026-03-05T15:06:49.3305752Z    ...done.
2026-03-05T15:06:49.3617276Z WEBSITES_INCLUDE_CLOUD_CERTS is not set to true.
2026-03-05T15:06:49.5600489Z Updating certificates in /etc/ssl/certs...
2026-03-05T15:08:45.9296665Z rehash: warning: skipping duplicate certificate in SSLcom-TLS-Root-2022-ECC.pem
2026-03-05T15:08:45.9306774Z rehash: warning: skipping duplicate certificate in SSLcom-TLS-Root-2022-RSA.pem
2026-03-05T15:08:53.5859952Z rehash: warning: skipping ca-certificates.crt,it does not contain exactly one certificate or CRL
2026-03-05T15:08:54.5180960Z 4 added, 0 removed; done.
2026-03-05T15:08:54.5181395Z Running hooks in /etc/ca-certificates/update.d...
2026-03-05T15:08:54.6567606Z done.
2026-03-05T15:08:55.0214639Z CA certificates copied and updated successfully.
2026-03-05T15:08:57.5651055Z  * Starting periodic command scheduler cron
2026-03-05T15:08:58.5268366Z    ...done.
2026-03-05T15:08:58.5268845Z Running oryx create-script -appPath /home/site/wwwroot -output /opt/startup/startup.sh -defaultAppFilePath /defaulthome/hostingstart/hostingstart.dll     -bindPort 8080 -bindPort2 '' -userStartupCommand 'dotnet PoNovaWeight.Api.dll' 
2026-03-05T15:09:04.0603824Z Could not find build manifest file at '/home/site/wwwroot/oryx-manifest.toml'
2026-03-05T15:09:04.0604265Z Could not find operation ID in manifest. Generating an operation id...
2026-03-05T15:09:04.0604331Z Build Operation ID: 68e84b61-fb66-4d06-8259-8190fde0cd88
2026-03-05T15:09:06.9039511Z 
2026-03-05T15:09:06.9039977Z Agent extension 
2026-03-05T15:09:06.9040017Z Before if loop >> DotNet Runtime 
2026-03-05T15:09:06.9040049Z DotNet Runtime 10.0Writing output script to '/opt/startup/startup.sh'
2026-03-05T15:09:07.4834627Z Running user provided startup command...
2026-03-05T15:10:27.7510993Z [15:10:24 INF] Azure Key Vault configured: https://kv-poshared.vault.azure.net/
2026-03-05T15:10:35.4993264Z [15:10:35 INF] Data Protection configured with Azure Blob Storage: https://stponovaweight.blob.core.windows.net/dataprotection-keys/keys.xml
2026-03-05T15:29:35.8095994Z    _____                               
2026-03-05T15:29:35.8124488Z   /  _  \ __________ _________   ____  
2026-03-05T15:29:35.8124609Z  /  /_\  \\___   /  |  \_  __ \_/ __ \ 
2026-03-05T15:29:35.8124663Z /    |    \/    /|  |  /|  | \/\  ___/ 
2026-03-05T15:29:35.8124781Z \____|__  /_____ \____/ |__|    \___  >
2026-03-05T15:29:35.8124834Z         \/      \/                  \/ 
2026-03-05T15:29:35.8124885Z A P P   S E R V I C E   O N   L I N U X
2026-03-05T15:29:35.8124933Z 
2026-03-05T15:29:35.8124987Z Documentation       : http://aka.ms/webapp-linux
2026-03-05T15:29:35.8125039Z Dotnet quickstart   : https://aka.ms/dotnet-qs
2026-03-05T15:29:35.8125356Z ASP .NETCore Version: 10.0.2
2026-03-05T15:29:35.8125409Z Instance Name       : lw1sdlwk000AKC
2026-03-05T15:29:35.8125482Z Instance Id         : 14081d20018b15b1623fc720b48f16fa62465e5170c988d77c1ce70393fc7d40
2026-03-05T15:29:35.8125528Z 
2026-03-05T15:29:35.8125581Z Note: Any data outside '/home' is not persisted
2026-03-05T15:29:50.5831524Z  * Starting OpenBSD Secure Shell server sshd
2026-03-05T15:29:50.9737325Z    ...done.
2026-03-05T15:29:51.0466076Z WEBSITES_INCLUDE_CLOUD_CERTS is not set to true.
2026-03-05T15:29:51.2627907Z Updating certificates in /etc/ssl/certs...
2026-03-05T15:31:37.3114028Z rehash: warning: skipping duplicate certificate in SSLcom-TLS-Root-2022-ECC.pem
2026-03-05T15:31:37.3223068Z rehash: warning: skipping duplicate certificate in SSLcom-TLS-Root-2022-RSA.pem
2026-03-05T15:31:38.0992628Z rehash: warning: skipping ca-certificates.crt,it does not contain exactly one certificate or CRL
2026-03-05T15:31:38.2117534Z 4 added, 0 removed; done.
2026-03-05T15:31:38.2230401Z Running hooks in /etc/ca-certificates/update.d...
2026-03-05T15:31:38.2592100Z done.
2026-03-05T15:31:38.3190438Z CA certificates copied and updated successfully.
2026-03-05T15:31:38.7838322Z  * Starting periodic command scheduler cron
2026-03-05T15:31:38.8033131Z    ...done.
2026-03-05T15:31:38.8141383Z Running oryx create-script -appPath /home/site/wwwroot -output /opt/startup/startup.sh -defaultAppFilePath /defaulthome/hostingstart/hostingstart.dll     -bindPort 8080 -bindPort2 '' -userStartupCommand 'dotnet PoNovaWeight.Api.dll' 
2026-03-05T15:31:39.3430460Z Could not find build manifest file at '/home/site/wwwroot/oryx-manifest.toml'
2026-03-05T15:31:39.3444876Z Could not find operation ID in manifest. Generating an operation id...
2026-03-05T15:31:39.3521734Z Build Operation ID: bfb56cd8-85a9-4c57-85e2-548f80b3ae4d
2026-03-05T15:31:40.7456221Z 
2026-03-05T15:31:40.7457500Z Agent extension 
2026-03-05T15:31:40.7457577Z Before if loop >> DotNet Runtime 
2026-03-05T15:31:40.7846457Z DotNet Runtime 10.0Writing output script to '/opt/startup/startup.sh'
2026-03-05T15:31:40.9034657Z Running user provided startup command...
2026-03-05T15:33:20.7204166Z [15:33:18 INF] Azure Key Vault configured: https://kv-poshared.vault.azure.net/
2026-03-05T15:33:27.9114449Z [15:33:27 INF] Data Protection configured with Azure Blob Storage: https://stponovaweight.blob.core.windows.net/dataprotection-keys/keys.xml
2026-03-05T16:19:55.3074723Z    _____                               
2026-03-05T16:19:55.3075164Z   /  _  \ __________ _________   ____  
2026-03-05T16:19:55.3075229Z  /  /_\  \\___   /  |  \_  __ \_/ __ \ 
2026-03-05T16:19:55.3075282Z /    |    \/    /|  |  /|  | \/\  ___/ 
2026-03-05T16:19:55.3075425Z \____|__  /_____ \____/ |__|    \___  >
2026-03-05T16:19:55.3075480Z         \/      \/                  \/ 
2026-03-05T16:19:55.3075532Z A P P   S E R V I C E   O N   L I N U X
2026-03-05T16:19:55.3075580Z 
2026-03-05T16:19:55.3075635Z Documentation       : http://aka.ms/webapp-linux
2026-03-05T16:19:55.3075688Z Dotnet quickstart   : https://aka.ms/dotnet-qs
2026-03-05T16:19:55.3075740Z ASP .NETCore Version: 10.0.2
2026-03-05T16:19:55.3075792Z Instance Name       : lw1sdlwk000AKC
2026-03-05T16:19:55.3075850Z Instance Id         : 14081d20018b15b1623fc720b48f16fa62465e5170c988d77c1ce70393fc7d40
2026-03-05T16:19:55.3075897Z 
2026-03-05T16:19:55.3075950Z Note: Any data outside '/home' is not persisted
2026-03-05T16:20:30.4379489Z  * Starting OpenBSD Secure Shell server sshd
2026-03-05T16:20:30.6430296Z    ...done.
2026-03-05T16:20:30.7202613Z WEBSITES_INCLUDE_CLOUD_CERTS is not set to true.
2026-03-05T16:20:31.0644935Z Updating certificates in /etc/ssl/certs...
2026-03-05T16:21:39.9878389Z rehash: warning: skipping duplicate certificate in SSLcom-TLS-Root-2022-ECC.pem
2026-03-05T16:21:39.9947517Z rehash: warning: skipping duplicate certificate in SSLcom-TLS-Root-2022-RSA.pem
2026-03-05T16:21:41.8450845Z rehash: warning: skipping ca-certificates.crt,it does not contain exactly one certificate or CRL
2026-03-05T16:21:42.1169114Z 4 added, 0 removed; done.
2026-03-05T16:21:42.1169567Z Running hooks in /etc/ca-certificates/update.d...
2026-03-05T16:21:42.1740011Z done.
2026-03-05T16:21:42.3470563Z CA certificates copied and updated successfully.
2026-03-05T16:21:43.3365256Z  * Starting periodic command scheduler cron
2026-03-05T16:21:43.6454049Z    ...done.
2026-03-05T16:21:44.0426256Z Running oryx create-script -appPath /home/site/wwwroot -output /opt/startup/startup.sh -defaultAppFilePath /defaulthome/hostingstart/hostingstart.dll     -bindPort 8080 -bindPort2 '' -userStartupCommand 'dotnet PoNovaWeight.Api.dll' 
2026-03-05T16:21:46.0810209Z Could not find build manifest file at '/home/site/wwwroot/oryx-manifest.toml'
2026-03-05T16:21:46.1028754Z Could not find operation ID in manifest. Generating an operation id...
2026-03-05T16:21:46.1029119Z Build Operation ID: dee0f495-21e5-43a2-ae11-6ccc1d8c6f4f
2026-03-05T16:21:51.2104305Z 
2026-03-05T16:21:51.2104770Z Agent extension 
2026-03-05T16:21:51.2104839Z Before if loop >> DotNet Runtime 
2026-03-05T16:21:51.3229747Z DotNet Runtime 10.0Writing output script to '/opt/startup/startup.sh'
2026-03-05T16:21:51.5023230Z Running user provided startup command...
2026-03-05T16:23:33.0281202Z [16:23:30 INF] Azure Key Vault configured: https://kv-poshared.vault.azure.net/
2026-03-05T16:23:39.8625854Z [16:23:39 INF] Data Protection configured with Azure Blob Storage: https://stponovaweight.blob.core.windows.net/dataprotection-keys/keys.xml
2026-03-05T17:32:59.5845619Z    _____                               
2026-03-05T17:32:59.5846126Z   /  _  \ __________ _________   ____  
2026-03-05T17:32:59.5846274Z  /  /_\  \\___   /  |  \_  __ \_/ __ \ 
2026-03-05T17:32:59.5846327Z /    |    \/    /|  |  /|  | \/\  ___/ 
2026-03-05T17:32:59.5846378Z \____|__  /_____ \____/ |__|    \___  >
2026-03-05T17:32:59.5846428Z         \/      \/                  \/ 
2026-03-05T17:32:59.5846479Z A P P   S E R V I C E   O N   L I N U X
2026-03-05T17:32:59.5846526Z 
2026-03-05T17:32:59.5846580Z Documentation       : http://aka.ms/webapp-linux
2026-03-05T17:32:59.5846632Z Dotnet quickstart   : https://aka.ms/dotnet-qs
2026-03-05T17:32:59.5846683Z ASP .NETCore Version: 10.0.2
2026-03-05T17:32:59.5846733Z Instance Name       : lw1sdlwk000AKC
2026-03-05T17:32:59.5846792Z Instance Id         : 14081d20018b15b1623fc720b48f16fa62465e5170c988d77c1ce70393fc7d40
2026-03-05T17:32:59.5846862Z 
2026-03-05T17:32:59.5846916Z Note: Any data outside '/home' is not persisted
2026-03-05T17:34:11.9786500Z  * Starting OpenBSD Secure Shell server sshd
2026-03-05T17:34:12.7119605Z    ...done.
2026-03-05T17:34:12.7558338Z WEBSITES_INCLUDE_CLOUD_CERTS is not set to true.
2026-03-05T17:34:13.3783318Z Updating certificates in /etc/ssl/certs...
2026-03-05T17:36:03.5873917Z rehash: warning: skipping duplicate certificate in SSLcom-TLS-Root-2022-ECC.pem
2026-03-05T17:36:03.9331588Z rehash: warning: skipping duplicate certificate in SSLcom-TLS-Root-2022-RSA.pem
2026-03-05T17:36:12.7830600Z rehash: warning: skipping ca-certificates.crt,it does not contain exactly one certificate or CRL
2026-03-05T17:36:12.8627996Z 4 added, 0 removed; done.
2026-03-05T17:36:12.8628344Z Running hooks in /etc/ca-certificates/update.d...
2026-03-05T17:36:12.8628769Z done.
2026-03-05T17:36:12.8628833Z CA certificates copied and updated successfully.
2026-03-05T17:36:12.8628887Z  * Starting periodic command scheduler cron
2026-03-05T17:36:12.8628935Z    ...done.
2026-03-05T17:36:12.8629026Z Running oryx create-script -appPath /home/site/wwwroot -output /opt/startup/startup.sh -defaultAppFilePath /defaulthome/hostingstart/hostingstart.dll     -bindPort 8080 -bindPort2 '' -userStartupCommand 'dotnet PoNovaWeight.Api.dll' 
2026-03-05T17:36:12.8629080Z Could not find build manifest file at '/home/site/wwwroot/oryx-manifest.toml'
2026-03-05T17:36:12.8629135Z Could not find operation ID in manifest. Generating an operation id...
2026-03-05T17:36:12.8629380Z Build Operation ID: df9e886a-3f43-4149-9550-c0737b59b36f
2026-03-05T17:36:15.9839220Z 
2026-03-05T17:36:15.9839645Z Agent extension 
2026-03-05T17:36:15.9839716Z Before if loop >> DotNet Runtime 
2026-03-05T17:36:16.1881726Z DotNet Runtime 10.0Writing output script to '/opt/startup/startup.sh'
2026-03-05T17:36:16.5462013Z Running user provided startup command...
2026-03-05T18:09:05.4458442Z    _____                               
2026-03-05T18:09:05.5050606Z   /  _  \ __________ _________   ____  
2026-03-05T18:09:05.5050768Z  /  /_\  \\___   /  |  \_  __ \_/ __ \ 
2026-03-05T18:09:05.5050821Z /    |    \/    /|  |  /|  | \/\  ___/ 
2026-03-05T18:09:05.5050876Z \____|__  /_____ \____/ |__|    \___  >
2026-03-05T18:09:05.5050927Z         \/      \/                  \/ 
2026-03-05T18:09:05.5051075Z A P P   S E R V I C E   O N   L I N U X
2026-03-05T18:09:05.5051125Z 
2026-03-05T18:09:05.5051178Z Documentation       : http://aka.ms/webapp-linux
2026-03-05T18:09:05.5051231Z Dotnet quickstart   : https://aka.ms/dotnet-qs
2026-03-05T18:09:05.5051282Z ASP .NETCore Version: 10.0.2
2026-03-05T18:09:05.5051334Z Instance Name       : lw1sdlwk000AKC
2026-03-05T18:09:05.5051417Z Instance Id         : 14081d20018b15b1623fc720b48f16fa62465e5170c988d77c1ce70393fc7d40
2026-03-05T18:09:05.5051465Z 
2026-03-05T18:09:05.5051518Z Note: Any data outside '/home' is not persisted
2026-03-05T18:09:33.8597144Z  * Starting OpenBSD Secure Shell server sshd
2026-03-05T18:09:33.9593993Z    ...done.
2026-03-05T18:09:33.9880753Z WEBSITES_INCLUDE_CLOUD_CERTS is not set to true.
2026-03-05T18:09:34.0802869Z Updating certificates in /etc/ssl/certs...
2026-03-05T18:11:09.3579640Z rehash: warning: skipping duplicate certificate in SSLcom-TLS-Root-2022-ECC.pem
2026-03-05T18:11:09.3580100Z rehash: warning: skipping duplicate certificate in SSLcom-TLS-Root-2022-RSA.pem
2026-03-05T18:11:13.4406928Z 4 added, 0 removed; done.
2026-03-05T18:11:13.4407633Z Running hooks in /etc/ca-certificates/update.d...
2026-03-05T18:11:13.4407701Z done.
2026-03-05T18:11:13.4407758Z CA certificates copied and updated successfully.
2026-03-05T18:11:13.4408834Z rehash: warning: skipping ca-certificates.crt,it does not contain exactly one certificate or CRL
2026-03-05T18:11:13.9316241Z  * Starting periodic command scheduler cron
2026-03-05T18:11:14.1319058Z    ...done.
2026-03-05T18:11:14.2825433Z Running oryx create-script -appPath /home/site/wwwroot -output /opt/startup/startup.sh -defaultAppFilePath /defaulthome/hostingstart/hostingstart.dll     -bindPort 8080 -bindPort2 '' -userStartupCommand 'dotnet PoNovaWeight.Api.dll' 
2026-03-05T18:11:15.6236503Z Could not find build manifest file at '/home/site/wwwroot/oryx-manifest.toml'
2026-03-05T18:11:15.6236953Z Could not find operation ID in manifest. Generating an operation id...
2026-03-05T18:11:15.6237018Z Build Operation ID: 5a86e29a-30af-40ca-96d7-ca9e85a8494b
2026-03-05T18:11:18.1323921Z 
2026-03-05T18:11:18.1324402Z Agent extension 
2026-03-05T18:11:18.1324472Z Before if loop >> DotNet Runtime 
2026-03-05T18:11:18.2557894Z DotNet Runtime 10.0Writing output script to '/opt/startup/startup.sh'
2026-03-05T18:11:18.5389460Z Running user provided startup command...
2026-03-05T18:12:40.2307452Z [18:12:38 INF] Azure Key Vault configured: https://kv-poshared.vault.azure.net/
2026-03-05T18:12:44.3563848Z [18:12:44 INF] Data Protection configured with Azure Blob Storage: https://stponovaweight.blob.core.windows.net/dataprotection-keys/keys.xml
2026-03-05T18:33:52.4029499Z    _____                               
2026-03-05T18:33:52.4029944Z   /  _  \ __________ _________   ____  
2026-03-05T18:33:52.4030068Z  /  /_\  \\___   /  |  \_  __ \_/ __ \ 
2026-03-05T18:33:52.4030123Z /    |    \/    /|  |  /|  | \/\  ___/ 
2026-03-05T18:33:52.4030174Z \____|__  /_____ \____/ |__|    \___  >
2026-03-05T18:33:52.4030227Z         \/      \/                  \/ 
2026-03-05T18:33:52.4030277Z A P P   S E R V I C E   O N   L I N U X
2026-03-05T18:33:52.4030324Z 
2026-03-05T18:33:52.4030377Z Documentation       : http://aka.ms/webapp-linux
2026-03-05T18:33:52.4030429Z Dotnet quickstart   : https://aka.ms/dotnet-qs
2026-03-05T18:33:52.4030480Z ASP .NETCore Version: 10.0.2
2026-03-05T18:33:52.4030532Z Instance Name       : lw1sdlwk000AKC
2026-03-05T18:33:52.4030590Z Instance Id         : 14081d20018b15b1623fc720b48f16fa62465e5170c988d77c1ce70393fc7d40
2026-03-05T18:33:52.4030663Z 
2026-03-05T18:33:52.4030717Z Note: Any data outside '/home' is not persisted
2026-03-05T18:34:13.1562861Z  * Starting OpenBSD Secure Shell server sshd
2026-03-05T18:34:13.4982909Z    ...done.
2026-03-05T18:34:13.5706299Z WEBSITES_INCLUDE_CLOUD_CERTS is not set to true.
2026-03-05T18:34:13.9168255Z Updating certificates in /etc/ssl/certs...
2026-03-05T18:35:49.2208282Z rehash: warning: skipping duplicate certificate in SSLcom-TLS-Root-2022-ECC.pem
2026-03-05T18:35:49.2208720Z rehash: warning: skipping duplicate certificate in SSLcom-TLS-Root-2022-RSA.pem
2026-03-05T18:35:54.9968444Z rehash: warning: skipping ca-certificates.crt,it does not contain exactly one certificate or CRL
2026-03-05T18:35:55.8767441Z 4 added, 0 removed; done.
2026-03-05T18:35:55.8768002Z Running hooks in /etc/ca-certificates/update.d...
2026-03-05T18:35:56.0371936Z done.
2026-03-05T18:35:57.1922309Z CA certificates copied and updated successfully.
2026-03-05T18:35:58.9982223Z  * Starting periodic command scheduler cron
2026-03-05T18:35:59.1776368Z    ...done.
2026-03-05T18:35:59.2807911Z Running oryx create-script -appPath /home/site/wwwroot -output /opt/startup/startup.sh -defaultAppFilePath /defaulthome/hostingstart/hostingstart.dll     -bindPort 8080 -bindPort2 '' -userStartupCommand 'dotnet PoNovaWeight.Api.dll' 
2026-03-05T18:36:00.9231113Z Could not find build manifest file at '/home/site/wwwroot/oryx-manifest.toml'
2026-03-05T18:36:00.9232947Z Could not find operation ID in manifest. Generating an operation id...
2026-03-05T18:36:00.9233046Z Build Operation ID: d90cc2e6-20e7-4c1f-b4ee-661a49744b89
2026-03-05T18:36:07.5903752Z 
2026-03-05T18:36:07.5904451Z Agent extension 
2026-03-05T18:36:07.5904629Z Before if loop >> DotNet Runtime 
2026-03-05T18:36:08.4548205Z DotNet Runtime 10.0Writing output script to '/opt/startup/startup.sh'
2026-03-05T18:36:08.9748437Z Running user provided startup command...
2026-03-05T18:37:28.9692995Z [18:37:28 INF] Azure Key Vault configured: https://kv-poshared.vault.azure.net/
2026-03-05T18:37:30.6081937Z [18:37:30 INF] Data Protection configured with Azure Blob Storage: https://stponovaweight.blob.core.windows.net/dataprotection-keys/keys.xml
2026-03-05T18:37:32.2359795Z [18:37:32 INF] OpenTelemetry OTLP endpoint not configured - distributed tracing disabled
2026-03-05T18:44:01.4991054Z    _____                               
2026-03-05T18:44:01.4991644Z   /  _  \ __________ _________   ____  
2026-03-05T18:44:01.4991712Z  /  /_\  \\___   /  |  \_  __ \_/ __ \ 
2026-03-05T18:44:01.4991847Z /    |    \/    /|  |  /|  | \/\  ___/ 
2026-03-05T18:44:01.4991900Z \____|__  /_____ \____/ |__|    \___  >
2026-03-05T18:44:01.4991951Z         \/      \/                  \/ 
2026-03-05T18:44:01.4992002Z A P P   S E R V I C E   O N   L I N U X
2026-03-05T18:44:01.4992050Z 
2026-03-05T18:44:01.4992103Z Documentation       : http://aka.ms/webapp-linux
2026-03-05T18:44:01.4992154Z Dotnet quickstart   : https://aka.ms/dotnet-qs
2026-03-05T18:44:01.4992206Z ASP .NETCore Version: 10.0.2
2026-03-05T18:44:01.4992258Z Instance Name       : lw1sdlwk000AKC
2026-03-05T18:44:01.4992318Z Instance Id         : 14081d20018b15b1623fc720b48f16fa62465e5170c988d77c1ce70393fc7d40
2026-03-05T18:44:01.4992366Z 
2026-03-05T18:44:01.4992447Z Note: Any data outside '/home' is not persisted
2026-03-05T18:44:32.0033078Z  * Starting OpenBSD Secure Shell server sshd
2026-03-05T18:44:32.1898417Z    ...done.
2026-03-05T18:44:32.2659322Z WEBSITES_INCLUDE_CLOUD_CERTS is not set to true.
2026-03-05T18:44:32.3972875Z Updating certificates in /etc/ssl/certs...
2026-03-05T18:45:57.0070988Z rehash: warning: skipping duplicate certificate in SSLcom-TLS-Root-2022-ECC.pem
2026-03-05T18:45:57.0071344Z rehash: warning: skipping duplicate certificate in SSLcom-TLS-Root-2022-RSA.pem
2026-03-05T18:45:58.6573812Z rehash: warning: skipping ca-certificates.crt,it does not contain exactly one certificate or CRL
2026-03-05T18:45:59.0670919Z 4 added, 0 removed; done.
2026-03-05T18:45:59.0671361Z Running hooks in /etc/ca-certificates/update.d...
2026-03-05T18:45:59.0952164Z done.
2026-03-05T18:45:59.2033007Z CA certificates copied and updated successfully.
2026-03-05T18:45:59.7456096Z  * Starting periodic command scheduler cron
2026-03-05T18:45:59.8044796Z    ...done.
2026-03-05T18:45:59.8242838Z Running oryx create-script -appPath /home/site/wwwroot -output /opt/startup/startup.sh -defaultAppFilePath /defaulthome/hostingstart/hostingstart.dll     -bindPort 8080 -bindPort2 '' -userStartupCommand 'dotnet PoNovaWeight.Api.dll' 
2026-03-05T18:46:03.3465829Z Could not find build manifest file at '/home/site/wwwroot/oryx-manifest.toml'
2026-03-05T18:46:03.3466435Z Could not find operation ID in manifest. Generating an operation id...
2026-03-05T18:46:03.3466503Z Build Operation ID: 269d5109-977a-4221-8ff8-0eb21094178c
2026-03-05T18:46:09.6497393Z 
2026-03-05T18:46:09.6497715Z Agent extension 
2026-03-05T18:46:09.6497750Z Before if loop >> DotNet Runtime 
2026-03-05T18:46:09.9273988Z DotNet Runtime 10.0Writing output script to '/opt/startup/startup.sh'
2026-03-05T18:46:10.3553833Z Running user provided startup command...
2026-03-05T18:47:10.2997378Z [18:47:09 INF] Azure Key Vault configured: https://kv-poshared.vault.azure.net/
2026-03-05T18:47:13.7747646Z [18:47:13 INF] Data Protection configured with Azure Blob Storage: https://stponovaweight.blob.core.windows.net/dataprotection-keys/keys.xml
2026-03-05T18:47:17.6493425Z [18:47:17 INF] OpenTelemetry OTLP endpoint not configured - distributed tracing disabled
2026-03-05T18:54:53.6982243Z    _____                               
2026-03-05T18:54:53.6984556Z   /  _  \ __________ _________   ____  
2026-03-05T18:54:53.6984679Z  /  /_\  \\___   /  |  \_  __ \_/ __ \ 
2026-03-05T18:54:53.6984750Z /    |    \/    /|  |  /|  | \/\  ___/ 
2026-03-05T18:54:53.6984882Z \____|__  /_____ \____/ |__|    \___  >
2026-03-05T18:54:53.6984966Z         \/      \/                  \/ 
2026-03-05T18:54:53.6985032Z A P P   S E R V I C E   O N   L I N U X
2026-03-05T18:54:53.6985095Z 
2026-03-05T18:54:53.6985171Z Documentation       : http://aka.ms/webapp-linux
2026-03-05T18:54:53.6985245Z Dotnet quickstart   : https://aka.ms/dotnet-qs
2026-03-05T18:54:53.6985337Z ASP .NETCore Version: 10.0.2
2026-03-05T18:54:53.6985407Z Instance Name       : lw1sdlwk000AKC
2026-03-05T18:54:53.6985483Z Instance Id         : 14081d20018b15b1623fc720b48f16fa62465e5170c988d77c1ce70393fc7d40
2026-03-05T18:54:53.6985549Z 
2026-03-05T18:54:53.6985614Z Note: Any data outside '/home' is not persisted
2026-03-05T18:55:36.2827775Z  * Starting OpenBSD Secure Shell server sshd
2026-03-05T18:55:36.4695123Z    ...done.
2026-03-05T18:55:36.6759931Z WEBSITES_INCLUDE_CLOUD_CERTS is not set to true.
2026-03-05T18:55:36.9369093Z Updating certificates in /etc/ssl/certs...
2026-03-05T18:57:00.7571533Z rehash: warning: skipping duplicate certificate in SSLcom-TLS-Root-2022-ECC.pem
2026-03-05T18:57:00.7572536Z rehash: warning: skipping duplicate certificate in SSLcom-TLS-Root-2022-RSA.pem
2026-03-05T18:57:03.3205664Z rehash: warning: skipping ca-certificates.crt,it does not contain exactly one certificate or CRL
2026-03-05T18:57:04.0784047Z 4 added, 0 removed; done.
2026-03-05T18:57:04.0784582Z Running hooks in /etc/ca-certificates/update.d...
2026-03-05T18:57:04.2683619Z done.
2026-03-05T18:57:04.3422357Z CA certificates copied and updated successfully.
2026-03-05T18:57:05.3489540Z  * Starting periodic command scheduler cron
2026-03-05T18:57:05.6611707Z    ...done.
2026-03-05T18:57:05.8345923Z Running oryx create-script -appPath /home/site/wwwroot -output /opt/startup/startup.sh -defaultAppFilePath /defaulthome/hostingstart/hostingstart.dll     -bindPort 8080 -bindPort2 '' -userStartupCommand 'dotnet PoNovaWeight.Api.dll' 
2026-03-05T18:57:07.3027586Z Could not find build manifest file at '/home/site/wwwroot/oryx-manifest.toml'
2026-03-05T18:57:07.3027994Z Could not find operation ID in manifest. Generating an operation id...
2026-03-05T18:57:07.3028044Z Build Operation ID: 69ab33fd-3d95-4241-8cc0-ee06b3a9b5d6
2026-03-05T18:57:09.7134978Z 
2026-03-05T18:57:09.7135592Z Agent extension 
2026-03-05T18:57:09.7135676Z Before if loop >> DotNet Runtime 
2026-03-05T18:57:09.7621428Z DotNet Runtime 10.0Writing output script to '/opt/startup/startup.sh'
2026-03-05T18:57:10.0414987Z Running user provided startup command...
2026-03-05T19:35:32.5481796Z    _____                               
2026-03-05T19:35:32.5482125Z   /  _  \ __________ _________   ____  
2026-03-05T19:35:32.5482163Z  /  /_\  \\___   /  |  \_  __ \_/ __ \ 
2026-03-05T19:35:32.5482199Z /    |    \/    /|  |  /|  | \/\  ___/ 
2026-03-05T19:35:32.5482266Z \____|__  /_____ \____/ |__|    \___  >
2026-03-05T19:35:32.5482296Z         \/      \/                  \/ 
2026-03-05T19:35:32.5482325Z A P P   S E R V I C E   O N   L I N U X
2026-03-05T19:35:32.5482351Z 
2026-03-05T19:35:32.5482381Z Documentation       : http://aka.ms/webapp-linux
2026-03-05T19:35:32.5482410Z Dotnet quickstart   : https://aka.ms/dotnet-qs
2026-03-05T19:35:32.5482439Z ASP .NETCore Version: 10.0.2
2026-03-05T19:35:32.5482468Z Instance Name       : lw1sdlwk000AKC
2026-03-05T19:35:32.5482501Z Instance Id         : 14081d20018b15b1623fc720b48f16fa62465e5170c988d77c1ce70393fc7d40
2026-03-05T19:35:32.5482526Z 
2026-03-05T19:35:32.5482555Z Note: Any data outside '/home' is not persisted
2026-03-05T19:35:49.3781915Z  * Starting OpenBSD Secure Shell server sshd
2026-03-05T19:35:49.5863339Z    ...done.
2026-03-05T19:35:49.6189096Z WEBSITES_INCLUDE_CLOUD_CERTS is not set to true.
2026-03-05T19:35:49.7443682Z Updating certificates in /etc/ssl/certs...
2026-03-05T19:37:18.2890073Z rehash: warning: skipping duplicate certificate in SSLcom-TLS-Root-2022-ECC.pem
2026-03-05T19:37:18.2890587Z rehash: warning: skipping duplicate certificate in SSLcom-TLS-Root-2022-RSA.pem
2026-03-05T19:37:21.0508883Z rehash: warning: skipping ca-certificates.crt,it does not contain exactly one certificate or CRL
2026-03-05T19:37:21.2985136Z 4 added, 0 removed; done.
2026-03-05T19:37:21.2985647Z Running hooks in /etc/ca-certificates/update.d...
2026-03-05T19:37:21.3174347Z done.
2026-03-05T19:37:21.4935634Z CA certificates copied and updated successfully.
2026-03-05T19:37:22.5195711Z  * Starting periodic command scheduler cron
2026-03-05T19:37:23.0895553Z    ...done.
2026-03-05T19:37:23.1667864Z Running oryx create-script -appPath /home/site/wwwroot -output /opt/startup/startup.sh -defaultAppFilePath /defaulthome/hostingstart/hostingstart.dll     -bindPort 8080 -bindPort2 '' -userStartupCommand 'dotnet PoNovaWeight.Api.dll' 
2026-03-05T19:37:26.1579023Z Could not find build manifest file at '/home/site/wwwroot/oryx-manifest.toml'
2026-03-05T19:37:26.2850080Z Could not find operation ID in manifest. Generating an operation id...
2026-03-05T19:37:26.2850484Z Build Operation ID: 52ef32fc-4994-405d-b140-bcdcd39b41ce
2026-03-05T19:37:32.3122261Z 
2026-03-05T19:37:32.3122671Z Agent extension 
2026-03-05T19:37:32.3122709Z Before if loop >> DotNet Runtime 
2026-03-05T19:37:32.6486429Z DotNet Runtime 10.0Writing output script to '/opt/startup/startup.sh'
2026-03-05T19:37:32.9554562Z Running user provided startup command...
2026-03-05T19:42:29.5571690Z    _____                               
2026-03-05T19:42:29.5572134Z   /  _  \ __________ _________   ____  
2026-03-05T19:42:29.5572193Z  /  /_\  \\___   /  |  \_  __ \_/ __ \ 
2026-03-05T19:42:29.5572245Z /    |    \/    /|  |  /|  | \/\  ___/ 
2026-03-05T19:42:29.5572296Z \____|__  /_____ \____/ |__|    \___  >
2026-03-05T19:42:29.5572346Z         \/      \/                  \/ 
2026-03-05T19:42:29.5572398Z A P P   S E R V I C E   O N   L I N U X
2026-03-05T19:42:29.5572446Z 
2026-03-05T19:42:29.5572499Z Documentation       : http://aka.ms/webapp-linux
2026-03-05T19:42:29.5572551Z Dotnet quickstart   : https://aka.ms/dotnet-qs
2026-03-05T19:42:29.5572602Z ASP .NETCore Version: 10.0.2
2026-03-05T19:42:29.5572695Z Instance Name       : lw1sdlwk000AKC
2026-03-05T19:42:29.5572755Z Instance Id         : 14081d20018b15b1623fc720b48f16fa62465e5170c988d77c1ce70393fc7d40
2026-03-05T19:42:29.5572801Z 
2026-03-05T19:42:29.5572854Z Note: Any data outside '/home' is not persisted
2026-03-05T19:43:38.4106103Z  * Starting OpenBSD Secure Shell server sshd
2026-03-05T19:43:38.6705396Z    ...done.
2026-03-05T19:43:38.7173093Z WEBSITES_INCLUDE_CLOUD_CERTS is not set to true.
2026-03-05T19:43:39.1278005Z Updating certificates in /etc/ssl/certs...
2026-03-05T19:45:59.6311903Z rehash: warning: skipping duplicate certificate in SSLcom-TLS-Root-2022-ECC.pem
2026-03-05T19:45:59.6312424Z rehash: warning: skipping duplicate certificate in SSLcom-TLS-Root-2022-RSA.pem
2026-03-05T19:46:04.8041648Z rehash: warning: skipping ca-certificates.crt,it does not contain exactly one certificate or CRL
2026-03-05T19:46:05.2730826Z 4 added, 0 removed; done.
2026-03-05T19:46:05.2731271Z Running hooks in /etc/ca-certificates/update.d...
2026-03-05T19:46:05.3231735Z done.
2026-03-05T19:46:05.8185892Z CA certificates copied and updated successfully.
2026-03-05T19:46:06.7806774Z  * Starting periodic command scheduler cron
2026-03-05T19:46:07.0880090Z    ...done.
2026-03-05T19:46:07.1449799Z Running oryx create-script -appPath /home/site/wwwroot -output /opt/startup/startup.sh -defaultAppFilePath /defaulthome/hostingstart/hostingstart.dll     -bindPort 8080 -bindPort2 '' -userStartupCommand 'dotnet PoNovaWeight.Api.dll' 
2026-03-05T19:46:10.0122625Z Could not find build manifest file at '/home/site/wwwroot/oryx-manifest.toml'
2026-03-05T19:46:10.0122933Z Could not find operation ID in manifest. Generating an operation id...
2026-03-05T19:46:10.0122971Z Build Operation ID: d81bfbf8-d5c1-481a-8b6b-6473ad9233ff
2026-03-05T19:46:16.1565948Z 
2026-03-05T19:46:16.1566361Z Agent extension 
2026-03-05T19:46:16.1566425Z Before if loop >> DotNet Runtime 
2026-03-05T19:46:17.0360428Z DotNet Runtime 10.0Writing output script to '/opt/startup/startup.sh'
2026-03-05T19:46:17.5508003Z Running user provided startup command...
2026-03-05T19:51:15.1443883Z    _____                               
2026-03-05T19:51:15.1468367Z   /  _  \ __________ _________   ____  
2026-03-05T19:51:15.1468776Z  /  /_\  \\___   /  |  \_  __ \_/ __ \ 
2026-03-05T19:51:15.1468859Z /    |    \/    /|  |  /|  | \/\  ___/ 
2026-03-05T19:51:15.1469087Z \____|__  /_____ \____/ |__|    \___  >
2026-03-05T19:51:15.1469167Z         \/      \/                  \/ 
2026-03-05T19:51:15.1469250Z A P P   S E R V I C E   O N   L I N U X
2026-03-05T19:51:15.1469315Z 
2026-03-05T19:51:15.1469387Z Documentation       : http://aka.ms/webapp-linux
2026-03-05T19:51:15.1469457Z Dotnet quickstart   : https://aka.ms/dotnet-qs
2026-03-05T19:51:15.1469534Z ASP .NETCore Version: 10.0.2
2026-03-05T19:51:15.1469628Z Instance Name       : lw1sdlwk000AKC
2026-03-05T19:51:15.1469711Z Instance Id         : 14081d20018b15b1623fc720b48f16fa62465e5170c988d77c1ce70393fc7d40
2026-03-05T19:51:15.1469776Z 
2026-03-05T19:51:15.1469841Z Note: Any data outside '/home' is not persisted
2026-03-05T19:51:38.0969562Z  * Starting OpenBSD Secure Shell server sshd
2026-03-05T19:51:39.9022375Z    ...done.
2026-03-05T19:51:40.2562956Z WEBSITES_INCLUDE_CLOUD_CERTS is not set to true.
2026-03-05T19:51:42.5533725Z Updating certificates in /etc/ssl/certs...
2026-03-05T19:54:05.7296917Z rehash: warning: skipping duplicate certificate in SSLcom-TLS-Root-2022-ECC.pem
2026-03-05T19:54:05.7297468Z rehash: warning: skipping duplicate certificate in SSLcom-TLS-Root-2022-RSA.pem
2026-03-05T19:54:09.0321148Z rehash: warning: skipping ca-certificates.crt,it does not contain exactly one certificate or CRL
2026-03-05T19:54:09.4792714Z 4 added, 0 removed; done.
2026-03-05T19:54:09.4793166Z Running hooks in /etc/ca-certificates/update.d...
2026-03-05T19:54:09.6521453Z done.
2026-03-05T19:54:09.7033309Z CA certificates copied and updated successfully.
2026-03-05T19:54:10.9085275Z  * Starting periodic command scheduler cron
2026-03-05T19:54:11.2572794Z    ...done.
2026-03-05T19:54:11.2964411Z Running oryx create-script -appPath /home/site/wwwroot -output /opt/startup/startup.sh -defaultAppFilePath /defaulthome/hostingstart/hostingstart.dll     -bindPort 8080 -bindPort2 '' -userStartupCommand 'dotnet PoNovaWeight.Api.dll' 
2026-03-05T19:54:13.2327258Z Could not find build manifest file at '/home/site/wwwroot/oryx-manifest.toml'
2026-03-05T19:54:13.2328220Z Could not find operation ID in manifest. Generating an operation id...
2026-03-05T19:54:13.2328309Z Build Operation ID: 2cbe64f1-d518-469f-92bd-c9b9d0906b0c
2026-03-05T19:54:15.5110358Z 
2026-03-05T19:54:15.5110950Z Agent extension 
2026-03-05T19:54:15.5111124Z Before if loop >> DotNet Runtime 
2026-03-05T19:54:15.5445881Z DotNet Runtime 10.0Writing output script to '/opt/startup/startup.sh'
2026-03-05T19:54:15.6234027Z Running user provided startup command...
2026-03-05T20:00:01.8676002Z    _____                               
2026-03-05T20:00:01.9965378Z   /  _  \ __________ _________   ____  
2026-03-05T20:00:01.9965716Z  /  /_\  \\___   /  |  \_  __ \_/ __ \ 
2026-03-05T20:00:01.9965817Z /    |    \/    /|  |  /|  | \/\  ___/ 
2026-03-05T20:00:01.9965857Z \____|__  /_____ \____/ |__|    \___  >
2026-03-05T20:00:01.9965919Z         \/      \/                  \/ 
2026-03-05T20:00:01.9965961Z A P P   S E R V I C E   O N   L I N U X
2026-03-05T20:00:01.9965996Z 
2026-03-05T20:00:01.9966041Z Documentation       : http://aka.ms/webapp-linux
2026-03-05T20:00:01.9966103Z Dotnet quickstart   : https://aka.ms/dotnet-qs
2026-03-05T20:00:01.9966145Z ASP .NETCore Version: 10.0.2
2026-03-05T20:00:01.9966183Z Instance Name       : lw1sdlwk000AKC
2026-03-05T20:00:01.9966233Z Instance Id         : 14081d20018b15b1623fc720b48f16fa62465e5170c988d77c1ce70393fc7d40
2026-03-05T20:00:01.9966269Z 
2026-03-05T20:00:01.9966307Z Note: Any data outside '/home' is not persisted
2026-03-05T20:01:57.5186116Z  * Starting OpenBSD Secure Shell server sshd
2026-03-05T20:01:58.0279515Z    ...done.
2026-03-05T20:01:58.6933562Z WEBSITES_INCLUDE_CLOUD_CERTS is not set to true.
2026-03-05T20:01:59.5195847Z Updating certificates in /etc/ssl/certs...
2026-03-05T20:20:45.7185436Z    _____                               
2026-03-05T20:20:45.7186108Z   /  _  \ __________ _________   ____  
2026-03-05T20:20:45.7186172Z  /  /_\  \\___   /  |  \_  __ \_/ __ \ 
2026-03-05T20:20:45.7186223Z /    |    \/    /|  |  /|  | \/\  ___/ 
2026-03-05T20:20:45.7186274Z \____|__  /_____ \____/ |__|    \___  >
2026-03-05T20:20:45.7186324Z         \/      \/                  \/ 
2026-03-05T20:20:45.7186375Z A P P   S E R V I C E   O N   L I N U X
2026-03-05T20:20:45.7186423Z 
2026-03-05T20:20:45.7186476Z Documentation       : http://aka.ms/webapp-linux
2026-03-05T20:20:45.7186529Z Dotnet quickstart   : https://aka.ms/dotnet-qs
2026-03-05T20:20:45.7186579Z ASP .NETCore Version: 10.0.2
2026-03-05T20:20:45.7186656Z Instance Name       : lw1sdlwk000AKC
2026-03-05T20:20:45.7186718Z Instance Id         : 14081d20018b15b1623fc720b48f16fa62465e5170c988d77c1ce70393fc7d40
2026-03-05T20:20:45.7186765Z 
2026-03-05T20:20:45.7187464Z Note: Any data outside '/home' is not persisted
2026-03-05T20:21:13.1796768Z  * Starting OpenBSD Secure Shell server sshd
2026-03-05T20:21:13.9442035Z    ...done.
2026-03-05T20:21:14.1596684Z WEBSITES_INCLUDE_CLOUD_CERTS is not set to true.
2026-03-05T20:21:15.0422972Z Updating certificates in /etc/ssl/certs...
2026-03-05T20:23:13.1242431Z rehash: warning: skipping duplicate certificate in SSLcom-TLS-Root-2022-ECC.pem
2026-03-05T20:23:13.1242903Z rehash: warning: skipping duplicate certificate in SSLcom-TLS-Root-2022-RSA.pem
2026-03-05T20:23:20.0889809Z rehash: warning: skipping ca-certificates.crt,it does not contain exactly one certificate or CRL
2026-03-05T20:23:20.8198604Z 4 added, 0 removed; done.
2026-03-05T20:23:20.8808728Z Running hooks in /etc/ca-certificates/update.d...
2026-03-05T20:23:20.9608767Z done.
2026-03-05T20:23:21.1984295Z CA certificates copied and updated successfully.
2026-03-05T20:23:23.5292229Z  * Starting periodic command scheduler cron
2026-03-05T20:23:23.8407044Z    ...done.
2026-03-05T20:23:23.8622575Z Running oryx create-script -appPath /home/site/wwwroot -output /opt/startup/startup.sh -defaultAppFilePath /defaulthome/hostingstart/hostingstart.dll     -bindPort 8080 -bindPort2 '' -userStartupCommand 'dotnet PoNovaWeight.Api.dll' 
2026-03-05T20:23:26.7821386Z Could not find build manifest file at '/home/site/wwwroot/oryx-manifest.toml'
2026-03-05T20:23:26.7821837Z Could not find operation ID in manifest. Generating an operation id...
2026-03-05T20:23:26.7821905Z Build Operation ID: ee21c68d-d02e-49c9-b162-24047a3183eb
2026-03-05T20:23:33.0494784Z 
2026-03-05T20:23:33.0495270Z Agent extension 
2026-03-05T20:23:33.0495339Z Before if loop >> DotNet Runtime 
2026-03-05T20:23:35.1506661Z DotNet Runtime 10.0Writing output script to '/opt/startup/startup.sh'
2026-03-05T20:23:36.0009910Z Running user provided startup command...
2026-03-05T20:27:14.2855443Z    _____                               
2026-03-05T20:27:14.2856134Z   /  _  \ __________ _________   ____  
2026-03-05T20:27:14.2856198Z  /  /_\  \\___   /  |  \_  __ \_/ __ \ 
2026-03-05T20:27:14.2856250Z /    |    \/    /|  |  /|  | \/\  ___/ 
2026-03-05T20:27:14.2856399Z \____|__  /_____ \____/ |__|    \___  >
2026-03-05T20:27:14.2856453Z         \/      \/                  \/ 
2026-03-05T20:27:14.2856503Z A P P   S E R V I C E   O N   L I N U X
2026-03-05T20:27:14.2856551Z 
2026-03-05T20:27:14.2856605Z Documentation       : http://aka.ms/webapp-linux
2026-03-05T20:27:14.2856658Z Dotnet quickstart   : https://aka.ms/dotnet-qs
2026-03-05T20:27:14.2856708Z ASP .NETCore Version: 10.0.2
2026-03-05T20:27:14.2856760Z Instance Name       : lw1sdlwk000AKC
2026-03-05T20:27:14.2856817Z Instance Id         : 14081d20018b15b1623fc720b48f16fa62465e5170c988d77c1ce70393fc7d40
2026-03-05T20:27:14.2856863Z 
2026-03-05T20:27:14.2856916Z Note: Any data outside '/home' is not persisted
2026-03-05T20:27:40.9333722Z  * Starting OpenBSD Secure Shell server sshd
2026-03-05T20:27:41.2435427Z    ...done.
2026-03-05T20:27:41.3349666Z WEBSITES_INCLUDE_CLOUD_CERTS is not set to true.
2026-03-05T20:27:41.6334018Z Updating certificates in /etc/ssl/certs...
2026-03-05T20:30:11.0207310Z rehash: warning: skipping duplicate certificate in SSLcom-TLS-Root-2022-ECC.pem
2026-03-05T20:30:11.1037992Z rehash: warning: skipping duplicate certificate in SSLcom-TLS-Root-2022-RSA.pem
2026-03-05T20:30:13.9907638Z rehash: warning: skipping ca-certificates.crt,it does not contain exactly one certificate or CRL
2026-03-05T20:30:14.6952616Z 4 added, 0 removed; done.
2026-03-05T20:30:14.6953028Z Running hooks in /etc/ca-certificates/update.d...
2026-03-05T20:30:14.6953090Z done.
2026-03-05T20:30:14.7789593Z CA certificates copied and updated successfully.
2026-03-05T20:30:15.9264473Z  * Starting periodic command scheduler cron
2026-03-05T20:30:16.0591220Z    ...done.
2026-03-05T20:30:16.0783874Z Running oryx create-script -appPath /home/site/wwwroot -output /opt/startup/startup.sh -defaultAppFilePath /defaulthome/hostingstart/hostingstart.dll     -bindPort 8080 -bindPort2 '' -userStartupCommand 'dotnet PoNovaWeight.Api.dll' 
2026-03-05T20:30:17.3923004Z Could not find build manifest file at '/home/site/wwwroot/oryx-manifest.toml'
2026-03-05T20:30:17.3923614Z Could not find operation ID in manifest. Generating an operation id...
2026-03-05T20:30:17.3923688Z Build Operation ID: 52254987-c4f9-41e1-b598-78b47894ee51
2026-03-05T20:30:21.5714391Z 
2026-03-05T20:30:21.5714874Z Agent extension 
2026-03-05T20:30:21.5714943Z Before if loop >> DotNet Runtime 
2026-03-05T20:30:21.7575933Z DotNet Runtime 10.0Writing output script to '/opt/startup/startup.sh'
2026-03-05T20:30:22.2207980Z Running user provided startup command...
2026-03-05T20:40:43.9241996Z    _____                               
2026-03-05T20:40:44.4461468Z   /  _  \ __________ _________   ____  
2026-03-05T20:40:44.4461868Z  /  /_\  \\___   /  |  \_  __ \_/ __ \ 
2026-03-05T20:40:44.4462088Z /    |    \/    /|  |  /|  | \/\  ___/ 
2026-03-05T20:40:44.4462169Z \____|__  /_____ \____/ |__|    \___  >
2026-03-05T20:40:44.4462259Z         \/      \/                  \/ 
2026-03-05T20:40:44.4462332Z A P P   S E R V I C E   O N   L I N U X
2026-03-05T20:40:44.4462398Z 
2026-03-05T20:40:44.4462507Z Documentation       : http://aka.ms/webapp-linux
2026-03-05T20:40:44.4462582Z Dotnet quickstart   : https://aka.ms/dotnet-qs
2026-03-05T20:40:44.4462652Z ASP .NETCore Version: 10.0.2
2026-03-05T20:40:44.4462721Z Instance Name       : lw1sdlwk000AKC
2026-03-05T20:40:44.4462805Z Instance Id         : 14081d20018b15b1623fc720b48f16fa62465e5170c988d77c1ce70393fc7d40
2026-03-05T20:40:44.4462870Z 
2026-03-05T20:40:44.4462963Z Note: Any data outside '/home' is not persisted
2026-03-05T20:41:11.8025119Z  * Starting OpenBSD Secure Shell server sshd
2026-03-05T20:41:12.1844187Z    ...done.
2026-03-05T20:41:12.3028651Z WEBSITES_INCLUDE_CLOUD_CERTS is not set to true.
2026-03-05T20:41:12.6032731Z Updating certificates in /etc/ssl/certs...
2026-03-05T20:43:01.5711763Z rehash: warning: skipping duplicate certificate in SSLcom-TLS-Root-2022-ECC.pem
2026-03-05T20:43:01.5712471Z rehash: warning: skipping duplicate certificate in SSLcom-TLS-Root-2022-RSA.pem
2026-03-05T20:43:06.3514789Z rehash: warning: skipping ca-certificates.crt,it does not contain exactly one certificate or CRL
2026-03-05T20:43:06.4708098Z 4 added, 0 removed; done.
2026-03-05T20:43:06.7775158Z Running hooks in /etc/ca-certificates/update.d...
2026-03-05T20:43:06.7775354Z done.
2026-03-05T20:43:06.9501714Z CA certificates copied and updated successfully.
2026-03-05T20:43:08.5682601Z  * Starting periodic command scheduler cron
2026-03-05T20:43:10.2040067Z    ...done.
2026-03-05T20:43:10.2040683Z Running oryx create-script -appPath /home/site/wwwroot -output /opt/startup/startup.sh -defaultAppFilePath /defaulthome/hostingstart/hostingstart.dll     -bindPort 8080 -bindPort2 '' -userStartupCommand 'dotnet PoNovaWeight.Api.dll' 
2026-03-05T20:43:11.9121930Z Could not find build manifest file at '/home/site/wwwroot/oryx-manifest.toml'
2026-03-05T20:43:11.9122780Z Could not find operation ID in manifest. Generating an operation id...
2026-03-05T20:43:11.9122870Z Build Operation ID: 5bd4786a-325d-44a2-a65c-b0c27227b4fc
2026-03-05T20:43:18.0231569Z 
2026-03-05T20:43:18.0232158Z Agent extension 
2026-03-05T20:43:18.0232249Z Before if loop >> DotNet Runtime 
2026-03-05T20:43:18.9887005Z DotNet Runtime 10.0Writing output script to '/opt/startup/startup.sh'
2026-03-05T20:43:19.1820745Z Running user provided startup command...
2026-03-05T21:05:50.0053404Z    _____                               
2026-03-05T21:05:50.0053754Z   /  _  \ __________ _________   ____  
2026-03-05T21:05:50.0053790Z  /  /_\  \\___   /  |  \_  __ \_/ __ \ 
2026-03-05T21:05:50.0053823Z /    |    \/    /|  |  /|  | \/\  ___/ 
2026-03-05T21:05:50.0053860Z \____|__  /_____ \____/ |__|    \___  >
2026-03-05T21:05:50.0053962Z         \/      \/                  \/ 
2026-03-05T21:05:50.0053992Z A P P   S E R V I C E   O N   L I N U X
2026-03-05T21:05:50.0054019Z 
2026-03-05T21:05:50.0054050Z Documentation       : http://aka.ms/webapp-linux
2026-03-05T21:05:50.0054079Z Dotnet quickstart   : https://aka.ms/dotnet-qs
2026-03-05T21:05:50.0054108Z ASP .NETCore Version: 10.0.2
2026-03-05T21:05:50.0054138Z Instance Name       : lw1sdlwk000AKC
2026-03-05T21:05:50.0054170Z Instance Id         : 14081d20018b15b1623fc720b48f16fa62465e5170c988d77c1ce70393fc7d40
2026-03-05T21:05:50.0054197Z 
2026-03-05T21:05:50.0054226Z Note: Any data outside '/home' is not persisted
2026-03-05T21:06:02.1477132Z  * Starting OpenBSD Secure Shell server sshd
2026-03-05T21:06:02.7752812Z    ...done.
2026-03-05T21:06:02.9025857Z WEBSITES_INCLUDE_CLOUD_CERTS is not set to true.
2026-03-05T21:06:04.1606526Z Updating certificates in /etc/ssl/certs...
2026-03-05T21:07:30.5590074Z rehash: warning: skipping duplicate certificate in SSLcom-TLS-Root-2022-ECC.pem
2026-03-05T21:07:30.5590730Z rehash: warning: skipping duplicate certificate in SSLcom-TLS-Root-2022-RSA.pem
2026-03-05T21:07:32.2749614Z rehash: warning: skipping ca-certificates.crt,it does not contain exactly one certificate or CRL
2026-03-05T21:07:32.6093629Z 4 added, 0 removed; done.
2026-03-05T21:07:32.6094071Z Running hooks in /etc/ca-certificates/update.d...
2026-03-05T21:07:32.8168633Z done.
2026-03-05T21:07:32.9059228Z CA certificates copied and updated successfully.
2026-03-05T21:07:33.8451784Z  * Starting periodic command scheduler cron
2026-03-05T21:07:33.9439856Z    ...done.
2026-03-05T21:07:33.9636946Z Running oryx create-script -appPath /home/site/wwwroot -output /opt/startup/startup.sh -defaultAppFilePath /defaulthome/hostingstart/hostingstart.dll     -bindPort 8080 -bindPort2 '' -userStartupCommand 'dotnet PoNovaWeight.Api.dll' 
2026-03-05T21:07:34.6919034Z Could not find build manifest file at '/home/site/wwwroot/oryx-manifest.toml'
2026-03-05T21:07:34.6919900Z Could not find operation ID in manifest. Generating an operation id...
2026-03-05T21:07:34.6919970Z Build Operation ID: 77321810-05cd-4326-9c6b-ee24cebc3f24
2026-03-05T21:07:37.7640313Z 
2026-03-05T21:07:37.7640826Z Agent extension 
2026-03-05T21:07:37.7640890Z Before if loop >> DotNet Runtime 
2026-03-05T21:07:37.9016447Z DotNet Runtime 10.0Writing output script to '/opt/startup/startup.sh'
2026-03-05T21:07:38.1140061Z Running user provided startup command...
2026-03-05T21:09:40.0802429Z [21:09:39 INF] Azure Key Vault configured: https://kv-poshared.vault.azure.net/
2026-03-05T21:09:41.2279768Z [21:09:41 INF] Data Protection configured with Azure Blob Storage: https://stponovaweight.blob.core.windows.net/dataprotection-keys/keys.xml
2026-03-05T21:09:44.5069844Z [21:09:44 INF] OpenTelemetry OTLP endpoint not configured - distributed tracing disabled
2026-03-05T21:09:48.0764302Z [21:09:48 INF] Table Storage configured with connection string.
2026-03-05T21:21:24.0159702Z    _____                               
2026-03-05T21:21:24.0160102Z   /  _  \ __________ _________   ____  
2026-03-05T21:21:24.0160136Z  /  /_\  \\___   /  |  \_  __ \_/ __ \ 
2026-03-05T21:21:24.0160165Z /    |    \/    /|  |  /|  | \/\  ___/ 
2026-03-05T21:21:24.0160192Z \____|__  /_____ \____/ |__|    \___  >
2026-03-05T21:21:24.0160219Z         \/      \/                  \/ 
2026-03-05T21:21:24.0160245Z A P P   S E R V I C E   O N   L I N U X
2026-03-05T21:21:24.0160270Z 
2026-03-05T21:21:24.0160298Z Documentation       : http://aka.ms/webapp-linux
2026-03-05T21:21:24.0160326Z Dotnet quickstart   : https://aka.ms/dotnet-qs
2026-03-05T21:21:24.0160353Z ASP .NETCore Version: 10.0.2
2026-03-05T21:21:24.0160380Z Instance Name       : lw1sdlwk000AKC
2026-03-05T21:21:24.0160435Z Instance Id         : 14081d20018b15b1623fc720b48f16fa62465e5170c988d77c1ce70393fc7d40
2026-03-05T21:21:24.0160460Z 
2026-03-05T21:21:24.0160488Z Note: Any data outside '/home' is not persisted
2026-03-05T21:21:41.6559607Z  * Starting OpenBSD Secure Shell server sshd
2026-03-05T21:21:41.8269609Z    ...done.
2026-03-05T21:21:41.8645312Z WEBSITES_INCLUDE_CLOUD_CERTS is not set to true.
2026-03-05T21:21:42.1737185Z Updating certificates in /etc/ssl/certs...
2026-03-05T21:23:35.0816525Z rehash: warning: skipping duplicate certificate in SSLcom-TLS-Root-2022-ECC.pem
2026-03-05T21:23:35.1316858Z rehash: warning: skipping duplicate certificate in SSLcom-TLS-Root-2022-RSA.pem
2026-03-05T21:23:38.4264641Z rehash: warning: skipping ca-certificates.crt,it does not contain exactly one certificate or CRL
2026-03-05T21:23:38.6690438Z 4 added, 0 removed; done.
2026-03-05T21:23:38.6690854Z Running hooks in /etc/ca-certificates/update.d...
2026-03-05T21:23:38.8397571Z done.
2026-03-05T21:23:38.9322033Z CA certificates copied and updated successfully.
2026-03-05T21:23:39.7856271Z  * Starting periodic command scheduler cron
2026-03-05T21:23:39.9786593Z    ...done.
2026-03-05T21:23:40.0572977Z Running oryx create-script -appPath /home/site/wwwroot -output /opt/startup/startup.sh -defaultAppFilePath /defaulthome/hostingstart/hostingstart.dll     -bindPort 8080 -bindPort2 '' -userStartupCommand 'dotnet PoNovaWeight.Api.dll' 
2026-03-05T21:23:41.2946064Z Could not find build manifest file at '/home/site/wwwroot/oryx-manifest.toml'
2026-03-05T21:23:41.2970975Z Could not find operation ID in manifest. Generating an operation id...
2026-03-05T21:23:41.2971226Z Build Operation ID: 9e7dc7ac-8218-4f8b-abfd-7d4747bc4441
2026-03-05T21:23:45.3532263Z 
2026-03-05T21:23:45.3825552Z Agent extension 
2026-03-05T21:23:45.3825701Z Before if loop >> DotNet Runtime 
2026-03-05T21:23:45.3826263Z DotNet Runtime 10.0Writing output script to '/opt/startup/startup.sh'
2026-03-05T21:23:45.6427903Z Running user provided startup command...
2026-03-05T21:25:01.0833521Z [21:25:00 INF] Azure Key Vault configured: https://kv-poshared.vault.azure.net/
2026-03-05T21:25:08.1293549Z [21:25:08 INF] Data Protection configured with Azure Blob Storage: https://stponovaweight.blob.core.windows.net/dataprotection-keys/keys.xml
2026-03-05T21:25:09.6722641Z [21:25:09 INF] OpenTelemetry OTLP endpoint not configured - distributed tracing disabled
2026-03-05T21:25:11.4508053Z [21:25:11 INF] Table Storage configured with connection string.
2026-03-05T21:25:22.4410138Z [21:25:22 INF] Table Storage initialization starting in background…
2026-03-05T21:25:25.7216230Z [21:25:22 INF] Table Storage initialization starting in background…
2026-03-05T21:29:32.7196170Z    _____                               
2026-03-05T21:29:32.7749041Z   /  _  \ __________ _________   ____  
2026-03-05T21:29:32.7750271Z  /  /_\  \\___   /  |  \_  __ \_/ __ \ 
2026-03-05T21:29:32.7750323Z /    |    \/    /|  |  /|  | \/\  ___/ 
2026-03-05T21:29:32.7750362Z \____|__  /_____ \____/ |__|    \___  >
2026-03-05T21:29:32.7750401Z         \/      \/                  \/ 
2026-03-05T21:29:32.7750459Z A P P   S E R V I C E   O N   L I N U X
2026-03-05T21:29:32.7750496Z 
2026-03-05T21:29:32.7750564Z Documentation       : http://aka.ms/webapp-linux
2026-03-05T21:29:32.7750603Z Dotnet quickstart   : https://aka.ms/dotnet-qs
2026-03-05T21:29:32.7750647Z ASP .NETCore Version: 10.0.2
2026-03-05T21:29:32.7750686Z Instance Name       : lw1sdlwk000AKC
2026-03-05T21:29:32.7750737Z Instance Id         : 14081d20018b15b1623fc720b48f16fa62465e5170c988d77c1ce70393fc7d40
2026-03-05T21:29:32.7750773Z 
2026-03-05T21:29:32.7750827Z Note: Any data outside '/home' is not persisted
2026-03-05T21:29:43.8063750Z  * Starting OpenBSD Secure Shell server sshd
2026-03-05T21:29:44.0975786Z    ...done.
2026-03-05T21:29:44.1374752Z WEBSITES_INCLUDE_CLOUD_CERTS is not set to true.
2026-03-05T21:29:44.3492121Z Updating certificates in /etc/ssl/certs...
2026-03-05T21:31:29.2473037Z rehash: warning: skipping duplicate certificate in SSLcom-TLS-Root-2022-ECC.pem
2026-03-05T21:31:29.2473632Z rehash: warning: skipping duplicate certificate in SSLcom-TLS-Root-2022-RSA.pem
2026-03-05T21:31:32.7981844Z rehash: warning: skipping ca-certificates.crt,it does not contain exactly one certificate or CRL
2026-03-05T21:31:33.0155744Z 4 added, 0 removed; done.
2026-03-05T21:31:33.0156184Z Running hooks in /etc/ca-certificates/update.d...
2026-03-05T21:31:33.3064240Z done.
2026-03-05T21:31:33.9981616Z CA certificates copied and updated successfully.
2026-03-05T21:31:34.8331424Z  * Starting periodic command scheduler cron
2026-03-05T21:31:34.8793594Z    ...done.
2026-03-05T21:31:34.9001530Z Running oryx create-script -appPath /home/site/wwwroot -output /opt/startup/startup.sh -defaultAppFilePath /defaulthome/hostingstart/hostingstart.dll     -bindPort 8080 -bindPort2 '' -userStartupCommand 'dotnet PoNovaWeight.Api.dll' 
2026-03-05T21:31:35.8034549Z Could not find build manifest file at '/home/site/wwwroot/oryx-manifest.toml'
2026-03-05T21:31:35.8035114Z Could not find operation ID in manifest. Generating an operation id...
2026-03-05T21:31:35.8035203Z Build Operation ID: bdb42c53-8ef0-4009-847b-67c8d8cbbc25
2026-03-05T21:31:37.3670876Z 
2026-03-05T21:31:37.3671418Z Agent extension 
2026-03-05T21:31:37.3671602Z Before if loop >> DotNet Runtime 
2026-03-05T21:31:37.4742907Z DotNet Runtime 10.0Writing output script to '/opt/startup/startup.sh'
2026-03-05T21:31:37.6165981Z Running user provided startup command...
2026-03-05T21:32:50.7420844Z [21:32:49 INF] Azure Key Vault configured: https://kv-poshared.vault.azure.net/
2026-03-05T21:32:53.2166725Z [21:32:53 INF] Data Protection configured with Azure Blob Storage: https://stponovaweight.blob.core.windows.net/dataprotection-keys/keys.xml
2026-03-05T21:32:57.8970883Z [21:32:57 INF] OpenTelemetry OTLP endpoint not configured - distributed tracing disabled
2026-03-05T21:33:02.4543258Z [21:33:02 INF] Table Storage configured with connection string.
2026-03-05T21:33:27.9580241Z [21:33:27 INF] Table Storage initialization starting in background…
2026-03-05T21:33:29.5231607Z [21:33:27 INF] Table Storage initialization starting in background…
2026-03-05T21:33:33.6561262Z [21:33:33 INF] Table Storage initialization completed successfully.
2026-03-05T21:33:33.6991894Z [21:33:33 INF] Table Storage initialization completed successfully.
2026-03-05T21:36:35.4952067Z    _____                               
2026-03-05T21:36:35.4952508Z   /  _  \ __________ _________   ____  
2026-03-05T21:36:35.4952572Z  /  /_\  \\___   /  |  \_  __ \_/ __ \ 
2026-03-05T21:36:35.4952623Z /    |    \/    /|  |  /|  | \/\  ___/ 
2026-03-05T21:36:35.4952677Z \____|__  /_____ \____/ |__|    \___  >
2026-03-05T21:36:35.4952733Z         \/      \/                  \/ 
2026-03-05T21:36:35.4952787Z A P P   S E R V I C E   O N   L I N U X
2026-03-05T21:36:35.4952835Z 
2026-03-05T21:36:35.4952890Z Documentation       : http://aka.ms/webapp-linux
2026-03-05T21:36:35.4952942Z Dotnet quickstart   : https://aka.ms/dotnet-qs
2026-03-05T21:36:35.4952993Z ASP .NETCore Version: 10.0.2
2026-03-05T21:36:35.4953141Z Instance Name       : lw1sdlwk000AKC
2026-03-05T21:36:35.4953204Z Instance Id         : 14081d20018b15b1623fc720b48f16fa62465e5170c988d77c1ce70393fc7d40
2026-03-05T21:36:35.4953252Z 
2026-03-05T21:36:35.4953304Z Note: Any data outside '/home' is not persisted
2026-03-05T21:37:32.3264089Z  * Starting OpenBSD Secure Shell server sshd
2026-03-05T21:37:33.2711892Z    ...done.
2026-03-05T21:37:33.3645179Z WEBSITES_INCLUDE_CLOUD_CERTS is not set to true.
2026-03-05T21:37:33.6601323Z Updating certificates in /etc/ssl/certs...
2026-03-05T23:26:40.4908982Z    _____                               
2026-03-05T23:26:40.4914863Z   /  _  \ __________ _________   ____  
2026-03-05T23:26:40.4915001Z  /  /_\  \\___   /  |  \_  __ \_/ __ \ 
2026-03-05T23:26:40.4915057Z /    |    \/    /|  |  /|  | \/\  ___/ 
2026-03-05T23:26:40.4915109Z \____|__  /_____ \____/ |__|    \___  >
2026-03-05T23:26:40.4915160Z         \/      \/                  \/ 
2026-03-05T23:26:40.4915212Z A P P   S E R V I C E   O N   L I N U X
2026-03-05T23:26:40.4915261Z 
2026-03-05T23:26:40.4915315Z Documentation       : http://aka.ms/webapp-linux
2026-03-05T23:26:40.4915367Z Dotnet quickstart   : https://aka.ms/dotnet-qs
2026-03-05T23:26:40.4915418Z ASP .NETCore Version: 10.0.2
2026-03-05T23:26:40.4915470Z Instance Name       : lw1sdlwk000AKC
2026-03-05T23:26:40.4915575Z Instance Id         : 14081d20018b15b1623fc720b48f16fa62465e5170c988d77c1ce70393fc7d40
2026-03-05T23:26:40.4915625Z 
2026-03-05T23:26:40.4915678Z Note: Any data outside '/home' is not persisted
2026-03-05T23:27:24.1176447Z  * Starting OpenBSD Secure Shell server sshd
2026-03-05T23:27:24.9681297Z    ...done.
2026-03-05T23:27:25.0658044Z WEBSITES_INCLUDE_CLOUD_CERTS is not set to true.
2026-03-05T23:27:25.7412503Z Updating certificates in /etc/ssl/certs...
2026-03-05T23:30:57.2684399Z rehash: warning: skipping duplicate certificate in SSLcom-TLS-Root-2022-ECC.pem
2026-03-05T23:30:57.3380337Z rehash: warning: skipping duplicate certificate in SSLcom-TLS-Root-2022-RSA.pem
2026-03-05T23:31:01.4939630Z rehash: warning: skipping ca-certificates.crt,it does not contain exactly one certificate or CRL
2026-03-05T23:31:01.8467961Z 4 added, 0 removed; done.
2026-03-05T23:31:01.8468322Z Running hooks in /etc/ca-certificates/update.d...
2026-03-05T23:31:01.8468357Z done.
2026-03-05T23:31:02.3146114Z CA certificates copied and updated successfully.
2026-03-05T23:31:03.7206263Z  * Starting periodic command scheduler cron
2026-03-05T23:31:04.6326748Z    ...done.
2026-03-05T23:31:04.7128514Z Running oryx create-script -appPath /home/site/wwwroot -output /opt/startup/startup.sh -defaultAppFilePath /defaulthome/hostingstart/hostingstart.dll     -bindPort 8080 -bindPort2 '' -userStartupCommand 'dotnet PoNovaWeight.Api.dll' 
2026-03-05T23:31:05.6404311Z Could not find build manifest file at '/home/site/wwwroot/oryx-manifest.toml'
2026-03-05T23:31:05.6404850Z Could not find operation ID in manifest. Generating an operation id...
2026-03-05T23:31:05.6404927Z Build Operation ID: 48798a5c-1e4d-4eef-985e-f55e294a2870
2026-03-05T23:36:39.6251806Z    _____                               
2026-03-05T23:36:39.6448088Z   /  _  \ __________ _________   ____  
2026-03-05T23:36:39.6448472Z  /  /_\  \\___   /  |  \_  __ \_/ __ \ 
2026-03-05T23:36:39.6448573Z /    |    \/    /|  |  /|  | \/\  ___/ 
2026-03-05T23:36:39.6448703Z \____|__  /_____ \____/ |__|    \___  >
2026-03-05T23:36:39.6448831Z         \/      \/                  \/ 
2026-03-05T23:36:39.6448983Z A P P   S E R V I C E   O N   L I N U X
2026-03-05T23:36:39.6449071Z 
2026-03-05T23:36:39.6449308Z Documentation       : http://aka.ms/webapp-linux
2026-03-05T23:36:39.6449386Z Dotnet quickstart   : https://aka.ms/dotnet-qs
2026-03-05T23:36:39.6449453Z ASP .NETCore Version: 10.0.2
2026-03-05T23:36:39.6449520Z Instance Name       : lw1sdlwk000AKC
2026-03-05T23:36:39.6449624Z Instance Id         : 14081d20018b15b1623fc720b48f16fa62465e5170c988d77c1ce70393fc7d40
2026-03-05T23:36:39.6449689Z 
2026-03-05T23:36:39.6449755Z Note: Any data outside '/home' is not persisted
2026-03-05T23:38:09.9480262Z  * Starting OpenBSD Secure Shell server sshd
2026-03-05T23:38:12.7063470Z    ...done.
2026-03-05T23:38:14.3243275Z WEBSITES_INCLUDE_CLOUD_CERTS is not set to true.
2026-03-05T23:38:16.2593603Z Updating certificates in /etc/ssl/certs...
2026-03-05T23:43:00.8364385Z    _____                               
2026-03-05T23:43:00.8364861Z   /  _  \ __________ _________   ____  
2026-03-05T23:43:00.8364925Z  /  /_\  \\___   /  |  \_  __ \_/ __ \ 
2026-03-05T23:43:00.8364984Z /    |    \/    /|  |  /|  | \/\  ___/ 
2026-03-05T23:43:00.8365036Z \____|__  /_____ \____/ |__|    \___  >
2026-03-05T23:43:00.8365089Z         \/      \/                  \/ 
2026-03-05T23:43:00.8365139Z A P P   S E R V I C E   O N   L I N U X
2026-03-05T23:43:00.8365188Z 
2026-03-05T23:43:00.8365242Z Documentation       : http://aka.ms/webapp-linux
2026-03-05T23:43:00.8365296Z Dotnet quickstart   : https://aka.ms/dotnet-qs
2026-03-05T23:43:00.8365347Z ASP .NETCore Version: 10.0.2
2026-03-05T23:43:00.8365493Z Instance Name       : lw1sdlwk000AKC
2026-03-05T23:43:00.8365555Z Instance Id         : 14081d20018b15b1623fc720b48f16fa62465e5170c988d77c1ce70393fc7d40
2026-03-05T23:43:00.8365603Z 
2026-03-05T23:43:00.8365656Z Note: Any data outside '/home' is not persisted
2026-03-05T23:44:01.3049144Z  * Starting OpenBSD Secure Shell server sshd
2026-03-05T23:44:01.4032051Z    ...done.
2026-03-05T23:44:01.5908870Z WEBSITES_INCLUDE_CLOUD_CERTS is not set to true.
2026-03-05T23:44:02.0462386Z Updating certificates in /etc/ssl/certs...
2026-03-05T23:46:16.1413446Z rehash: warning: skipping duplicate certificate in SSLcom-TLS-Root-2022-ECC.pem
2026-03-05T23:46:16.1413883Z rehash: warning: skipping duplicate certificate in SSLcom-TLS-Root-2022-RSA.pem
2026-03-05T23:46:19.3409582Z rehash: warning: skipping ca-certificates.crt,it does not contain exactly one certificate or CRL
2026-03-05T23:46:19.5015610Z 4 added, 0 removed; done.
2026-03-05T23:46:19.5015991Z Running hooks in /etc/ca-certificates/update.d...
2026-03-05T23:46:19.5016051Z done.
2026-03-05T23:46:19.5842740Z CA certificates copied and updated successfully.
2026-03-05T23:46:20.0325707Z  * Starting periodic command scheduler cron
2026-03-05T23:46:20.1436810Z    ...done.
2026-03-05T23:46:20.2029175Z Running oryx create-script -appPath /home/site/wwwroot -output /opt/startup/startup.sh -defaultAppFilePath /defaulthome/hostingstart/hostingstart.dll     -bindPort 8080 -bindPort2 '' -userStartupCommand 'dotnet PoNovaWeight.Api.dll' 
2026-03-05T23:46:21.0459879Z Could not find build manifest file at '/home/site/wwwroot/oryx-manifest.toml'
2026-03-05T23:46:21.0460267Z Could not find operation ID in manifest. Generating an operation id...
2026-03-05T23:46:21.0460303Z Build Operation ID: 3ea2cadc-884d-4e84-961a-9cfabf644692
2026-03-05T23:46:23.7143516Z 
2026-03-05T23:46:23.7143980Z Agent extension 
2026-03-05T23:46:23.7144044Z Before if loop >> DotNet Runtime 
2026-03-05T23:46:23.8159954Z DotNet Runtime 10.0Writing output script to '/opt/startup/startup.sh'
2026-03-05T23:46:24.2473112Z Running user provided startup command...
2026-03-05T23:54:00.6447596Z    _____                               
2026-03-05T23:54:00.7606507Z   /  _  \ __________ _________   ____  
2026-03-05T23:54:00.7609235Z  /  /_\  \\___   /  |  \_  __ \_/ __ \ 
2026-03-05T23:54:00.7609353Z /    |    \/    /|  |  /|  | \/\  ___/ 
2026-03-05T23:54:00.7609420Z \____|__  /_____ \____/ |__|    \___  >
2026-03-05T23:54:00.7609490Z         \/      \/                  \/ 
2026-03-05T23:54:00.7616944Z A P P   S E R V I C E   O N   L I N U X
2026-03-05T23:54:00.7617700Z 
2026-03-05T23:54:00.7617797Z Documentation       : http://aka.ms/webapp-linux
2026-03-05T23:54:00.7617867Z Dotnet quickstart   : https://aka.ms/dotnet-qs
2026-03-05T23:54:00.7617953Z ASP .NETCore Version: 10.0.2
2026-03-05T23:54:00.7618022Z Instance Name       : lw1sdlwk000AKC
2026-03-05T23:54:00.7618104Z Instance Id         : 14081d20018b15b1623fc720b48f16fa62465e5170c988d77c1ce70393fc7d40
2026-03-05T23:54:00.7618411Z 
2026-03-05T23:54:00.7618485Z Note: Any data outside '/home' is not persisted
2026-03-05T23:56:35.3256808Z  * Starting OpenBSD Secure Shell server sshd
2026-03-05T23:56:35.3842087Z    ...done.
2026-03-05T23:56:35.4420912Z WEBSITES_INCLUDE_CLOUD_CERTS is not set to true.
2026-03-05T23:56:35.6339927Z Updating certificates in /etc/ssl/certs...
