2026-03-05T23:58:33.5405110Z State: Stopping, Action: UnmountingVolumes, LastError: ContainerTimeout, LastErrorTimestamp: 03/05/2026 23:58:18, LastErrorDetails: Container did not start within expected time limit of 230s. Please inspect your container logs for more details., Details: Site container: ponovaweight-app terminated during site startup. Cancelling site startup., DetailsLevel: ERR
2026-03-05T23:58:47.7045414Z Site container: ponovaweight-app_managedIdentity terminated during site startup.
2026-03-05T23:58:47.9013315Z State: Stopping, Action: UnmountingVolumes, LastError: ContainerTimeout, LastErrorTimestamp: 03/05/2026 23:58:18, LastErrorDetails: Container did not start within expected time limit of 230s. Please inspect your container logs for more details., Details: Site container: ponovaweight-app terminated during site startup. Cancelling site startup., DetailsLevel: ERR
2026-03-05T23:58:49.2369724Z State: Stopping, Action: StoppingSiteNetworks, LastError: ContainerTimeout, LastErrorTimestamp: 03/05/2026 23:58:18, LastErrorDetails: Container did not start within expected time limit of 230s. Please inspect your container logs for more details., Details: Site container: ponovaweight-app terminated during site startup. Cancelling site startup., DetailsLevel: ERR
2026-03-05T23:58:55.0778965Z State: Stopped, Action: None, LastError: ContainerTimeout, LastErrorTimestamp: 03/05/2026 23:58:18, LastErrorDetails: Container did not start within expected time limit of 230s. Please inspect your container logs for more details., Details: Site stopped at 03/05/2026 23:58:55 (UTC), DetailsLevel: ERR
2026-03-05T23:58:57.4526088Z State: Stopped, Action: None, LastError: ContainerTimeout, LastErrorTimestamp: 03/05/2026 23:58:18, LastErrorDetails: Container did not start within expected time limit of 230s. Please inspect your container logs for more details., Details: Site stopped at 03/05/2026 23:58:55 (UTC), DetailsLevel: ERR
2026-03-06T00:00:56.3400211Z State: Starting, Action: EstablishingSiteNetworks, LastError: ContainerTimeout, LastErrorTimestamp: 03/05/2026 23:58:18, LastErrorDetails: Container did not start within expected time limit of 230s. Please inspect your container logs for more details., Details: Site stopped at 03/05/2026 23:58:55 (UTC), DetailsLevel: ERR
2026-03-06T00:01:07.4120760Z State: Starting, Action: StartingMsiContainer, LastError: ContainerTimeout, LastErrorTimestamp: 03/05/2026 23:58:18, LastErrorDetails: Container did not start within expected time limit of 230s. Please inspect your container logs for more details., Details: Site stopped at 03/05/2026 23:58:55 (UTC), DetailsLevel: ERR
2026-03-06T00:01:38.2063727Z State: Starting, Action: StartingSiteContainers, LastError: ContainerTimeout, LastErrorTimestamp: 03/05/2026 23:58:18, LastErrorDetails: Container did not start within expected time limit of 230s. Please inspect your container logs for more details., Details: Site stopped at 03/05/2026 23:58:55 (UTC), DetailsLevel: ERR
2026-03-06T00:01:38.2070156Z Container start method called.
2026-03-06T00:01:38.2072246Z State: Starting, Action: PullingImage, LastError: ContainerTimeout, LastErrorTimestamp: 03/05/2026 23:58:18, LastErrorDetails: Container did not start within expected time limit of 230s. Please inspect your container logs for more details., Details: Pulling image 10.1.0.6:13209/appsvc/dotnetcore:10.0_20260115.4.tuxprod for ponovaweight-app., DetailsLevel: INFO
2026-03-06T00:01:38.2146447Z Establishing network.
2026-03-06T00:01:38.2159965Z Pulling image: appsvc/dotnetcore:10.0_20260115.4.tuxprod.
2026-03-06T00:01:39.6802928Z Container is starting.
2026-03-06T00:01:39.7186015Z State: Starting, Action: MountingVolumes, LastError: ContainerTimeout, LastErrorTimestamp: 03/05/2026 23:58:18, LastErrorDetails: Container did not start within expected time limit of 230s. Please inspect your container logs for more details., Details: Mounting volumes for ponovaweight-app., DetailsLevel: INFO
2026-03-06T00:01:39.7213637Z Establishing user namespace if not established already.
2026-03-06T00:01:39.7215876Z Establishing network if not established already.
2026-03-06T00:01:39.7217848Z Mounting volumes.
2026-03-06T00:01:39.7801282Z Nested mountpoint site/wwwroot
2026-03-06T00:01:40.2383315Z Nested mountpoint volatile/logs
2026-03-06T00:01:40.2846591Z Nested mountpoint 
2026-03-06T00:01:40.3845952Z Nested mountpoint 
2026-03-06T00:01:41.3396374Z Nested mountpoint 
2026-03-06T00:01:41.5010337Z Nested mountpoint 
2026-03-06T00:01:46.4820852Z State: Starting, Action: CreatingContainer, LastError: ContainerTimeout, LastErrorTimestamp: 03/05/2026 23:58:18, LastErrorDetails: Container did not start within expected time limit of 230s. Please inspect your container logs for more details., Details: Finished pulling container image and mounting volumes for ponovaweight-app. Allocatinng the rest of the container resources to finish container creation., DetailsLevel: INFO
2026-03-06T00:01:46.5617314Z Creating container.
2026-03-06T00:01:46.5994357Z Creating pipes for streaming container io.
2026-03-06T00:01:46.6118587Z Creating stdout named pipe at /podr/container/pipe/a6aa9e5c907b_ponovaweight-app/stdout_418d680432a14b36afad0f688978a868.
2026-03-06T00:01:46.6388192Z Successfully created stdout named pipe at: /podr/container/pipe/a6aa9e5c907b_ponovaweight-app/stdout_418d680432a14b36afad0f688978a868.
2026-03-06T00:01:46.7459586Z Opening named pipe /podr/container/pipe/a6aa9e5c907b_ponovaweight-app/stdout_418d680432a14b36afad0f688978a868 for reading in non-blocking mode.
2026-03-06T00:01:46.7486503Z Successfully opened named pipe: /podr/container/pipe/a6aa9e5c907b_ponovaweight-app/stdout_418d680432a14b36afad0f688978a868.
2026-03-06T00:01:46.7488786Z Successfully removed non-blocking flag from /podr/container/pipe/a6aa9e5c907b_ponovaweight-app/stdout_418d680432a14b36afad0f688978a868.
2026-03-06T00:01:46.7490627Z Creating stderr named pipe at /podr/container/pipe/a6aa9e5c907b_ponovaweight-app/stderr_17a67ab64b3c4e07889dbe7bb7ee45f0.
2026-03-06T00:01:46.7562967Z Successfully created stderr named pipe at: /podr/container/pipe/a6aa9e5c907b_ponovaweight-app/stderr_17a67ab64b3c4e07889dbe7bb7ee45f0.
2026-03-06T00:01:46.7564279Z Opening named pipe /podr/container/pipe/a6aa9e5c907b_ponovaweight-app/stderr_17a67ab64b3c4e07889dbe7bb7ee45f0 for reading in non-blocking mode.
2026-03-06T00:01:46.7565685Z Successfully opened named pipe: /podr/container/pipe/a6aa9e5c907b_ponovaweight-app/stderr_17a67ab64b3c4e07889dbe7bb7ee45f0.
2026-03-06T00:01:46.7566606Z Successfully removed non-blocking flag from /podr/container/pipe/a6aa9e5c907b_ponovaweight-app/stderr_17a67ab64b3c4e07889dbe7bb7ee45f0.
2026-03-06T00:01:46.7649692Z Creating container with image: appsvc/dotnetcore:10.0_20260115.4.tuxprod from registry: 10.1.0.6:13209 and fully qualified image name: 10.1.0.6:13209/appsvc/dotnetcore:10.0_20260115.4.tuxprod
2026-03-06T00:01:52.5137938Z Starting container: a6aa9e5c907b_ponovaweight-app.
2026-03-06T00:01:52.9968614Z Starting watchers and probes.
2026-03-06T00:01:53.1457907Z Starting metrics collection.
2026-03-06T00:01:53.2754065Z Container is running.
2026-03-06T00:01:53.2769783Z State: Starting, Action: CreatingContainer, LastError: ContainerTimeout, LastErrorTimestamp: 03/05/2026 23:58:18, LastErrorDetails: Container did not start within expected time limit of 230s. Please inspect your container logs for more details., Details: Container ponovaweight-app successfully created and is running., DetailsLevel: INFO
2026-03-06T00:01:55.0702606Z Container start method finished after 16863 ms.
2026-03-06T00:01:55.0706391Z State: Starting, Action: InitiatingSiteWarmUpProbe, LastError: ContainerTimeout, LastErrorTimestamp: 03/05/2026 23:58:18, LastErrorDetails: Container did not start within expected time limit of 230s. Please inspect your container logs for more details., Details: Container ponovaweight-app successfully created and is running., DetailsLevel: INFO
2026-03-06T00:01:55.0706760Z State: Starting, Action: WaitingForSiteWarmUpProbeSuccess, LastError: ContainerTimeout, LastErrorTimestamp: 03/05/2026 23:58:18, LastErrorDetails: Container did not start within expected time limit of 230s. Please inspect your container logs for more details., Details: Pinging warmup path to ensure container is ready to receive requests., DetailsLevel: INFO
2026-03-06T00:04:58.5407952Z Container has finished running with exit code: 0.
2026-03-06T00:04:58.5411727Z Container is terminating. Grace period: 5 seconds.
2026-03-06T00:04:58.5502004Z Stop and delete container. Retry count = 0
2026-03-06T00:04:58.5503083Z Stopping container: a6aa9e5c907b_ponovaweight-app.
2026-03-06T00:04:59.4092967Z Deleting container: a6aa9e5c907b_ponovaweight-app. Retry count = 0
2026-03-06T00:05:11.0531461Z Container spec TerminationMessagePolicy  path 
2026-03-06T00:05:11.3637498Z Container is terminated. Total time elapsed: 12527 ms.
2026-03-06T00:05:11.3821241Z Site container: ponovaweight-app terminated during site startup.
2026-03-06T00:05:11.4894026Z State: Stopping, Action: CancellingStartup, LastError: ContainerTimeout, LastErrorTimestamp: 03/05/2026 23:58:18, LastErrorDetails: Container did not start within expected time limit of 230s. Please inspect your container logs for more details., Details: Site container: ponovaweight-app terminated during site startup. Cancelling site startup., DetailsLevel: ERR
2026-03-06T00:05:14.5249744Z Site startup probe failed after 199.2246307 seconds.
2026-03-06T00:05:27.9722482Z State: Stopping, Action: CancellingStartup, LastError: ContainerTimeout, LastErrorTimestamp: 03/06/2026 00:05:27, LastErrorDetails: Container did not start within expected time limit of 230s. Please inspect your container logs for more details., Details: Site container: ponovaweight-app terminated during site startup. Cancelling site startup., DetailsLevel: ERR
2026-03-06T00:05:28.4891084Z Failed to start site. Revert by stopping site.
2026-03-06T00:05:28.5613473Z State: Stopping, Action: StoppingSite, LastError: ContainerTimeout, LastErrorTimestamp: 03/06/2026 00:05:27, LastErrorDetails: Container did not start within expected time limit of 230s. Please inspect your container logs for more details., Details: Site container: ponovaweight-app terminated during site startup. Cancelling site startup., DetailsLevel: ERR
2026-03-06T00:05:28.5819137Z State: Stopping, Action: StoppingSiteContainers, LastError: ContainerTimeout, LastErrorTimestamp: 03/06/2026 00:05:27, LastErrorDetails: Container did not start within expected time limit of 230s. Please inspect your container logs for more details., Details: Site container: ponovaweight-app terminated during site startup. Cancelling site startup., DetailsLevel: ERR
2026-03-06T00:05:28.5819464Z Site: ponovaweight-app stopped.
2026-03-06T00:05:28.8006656Z State: Stopping, Action: UnmountingVolumes, LastError: ContainerTimeout, LastErrorTimestamp: 03/06/2026 00:05:27, LastErrorDetails: Container did not start within expected time limit of 230s. Please inspect your container logs for more details., Details: Site container: ponovaweight-app terminated during site startup. Cancelling site startup., DetailsLevel: ERR
2026-03-06T00:05:40.4118808Z Site container: ponovaweight-app_managedIdentity terminated during site startup.
2026-03-06T00:05:40.4120759Z State: Stopping, Action: UnmountingVolumes, LastError: ContainerTimeout, LastErrorTimestamp: 03/06/2026 00:05:27, LastErrorDetails: Container did not start within expected time limit of 230s. Please inspect your container logs for more details., Details: Site container: ponovaweight-app terminated during site startup. Cancelling site startup., DetailsLevel: ERR
2026-03-06T00:05:41.6635724Z State: Stopping, Action: StoppingSiteNetworks, LastError: ContainerTimeout, LastErrorTimestamp: 03/06/2026 00:05:27, LastErrorDetails: Container did not start within expected time limit of 230s. Please inspect your container logs for more details., Details: Site container: ponovaweight-app terminated during site startup. Cancelling site startup., DetailsLevel: ERR
2026-03-06T00:05:47.3150858Z Site: ponovaweight-app will be blocked for 1 minutes till 03/06/2026 00:06:47
2026-03-06T00:05:47.4723396Z State: Blocked, Action: StoppingSiteNetworks, LastError: ContainerTimeout, LastErrorTimestamp: 03/06/2026 00:05:27, LastErrorDetails: Container did not start within expected time limit of 230s. Please inspect your container logs for more details., Details: Site: ponovaweight-app will be blocked for 1 minutes till 03/06/2026 00:06:47, DetailsLevel: WARN
2026-03-06T00:05:47.6716850Z State: Stopped, Action: None, LastError: ContainerTimeout, LastErrorTimestamp: 03/06/2026 00:05:27, LastErrorDetails: Container did not start within expected time limit of 230s. Please inspect your container logs for more details., Details: Site stopped at 03/06/2026 00:05:47 (UTC), DetailsLevel: WARN
2026-03-06T00:05:49.4094620Z State: Stopped, Action: None, LastError: ContainerTimeout, LastErrorTimestamp: 03/06/2026 00:05:27, LastErrorDetails: Container did not start within expected time limit of 230s. Please inspect your container logs for more details., Details: Site stopped at 03/06/2026 00:05:47 (UTC), DetailsLevel: WARN
2026-03-06T00:06:47.3208021Z Site: ponovaweight-app is unblocked.
2026-03-06T01:27:46.1651426Z State: Starting, Action: EstablishingSiteNetworks, LastError: ContainerTimeout, LastErrorTimestamp: 03/06/2026 00:05:27, LastErrorDetails: Container did not start within expected time limit of 230s. Please inspect your container logs for more details., Details: Site stopped at 03/06/2026 00:05:47 (UTC), DetailsLevel: WARN
2026-03-06T01:28:02.7749789Z State: Starting, Action: StartingMsiContainer, LastError: ContainerTimeout, LastErrorTimestamp: 03/06/2026 00:05:27, LastErrorDetails: Container did not start within expected time limit of 230s. Please inspect your container logs for more details., Details: Site stopped at 03/06/2026 00:05:47 (UTC), DetailsLevel: WARN
2026-03-06T01:28:47.6140520Z State: Starting, Action: StartingSiteContainers, LastError: ContainerTimeout, LastErrorTimestamp: 03/06/2026 00:05:27, LastErrorDetails: Container did not start within expected time limit of 230s. Please inspect your container logs for more details., Details: Site stopped at 03/06/2026 00:05:47 (UTC), DetailsLevel: WARN
2026-03-06T01:28:47.6212420Z Container start method called.
2026-03-06T01:28:47.6215388Z State: Starting, Action: PullingImage, LastError: ContainerTimeout, LastErrorTimestamp: 03/06/2026 00:05:27, LastErrorDetails: Container did not start within expected time limit of 230s. Please inspect your container logs for more details., Details: Pulling image 10.1.0.6:13209/appsvc/dotnetcore:10.0_20260115.4.tuxprod for ponovaweight-app., DetailsLevel: INFO
2026-03-06T01:28:47.6219660Z Establishing network.
2026-03-06T01:28:47.6240112Z Pulling image: appsvc/dotnetcore:10.0_20260115.4.tuxprod.
2026-03-06T01:28:48.4059402Z Container is starting.
2026-03-06T01:28:48.4061717Z State: Starting, Action: MountingVolumes, LastError: ContainerTimeout, LastErrorTimestamp: 03/06/2026 00:05:27, LastErrorDetails: Container did not start within expected time limit of 230s. Please inspect your container logs for more details., Details: Mounting volumes for ponovaweight-app., DetailsLevel: INFO
2026-03-06T01:28:48.5163457Z Establishing user namespace if not established already.
2026-03-06T01:28:48.5166665Z Establishing network if not established already.
2026-03-06T01:28:48.5175581Z Mounting volumes.
2026-03-06T01:28:48.5571633Z Nested mountpoint site/wwwroot
2026-03-06T01:28:48.8935120Z Nested mountpoint volatile/logs
2026-03-06T01:28:49.6462123Z Nested mountpoint 
2026-03-06T01:28:50.0387594Z Nested mountpoint 
2026-03-06T01:28:50.3382130Z Nested mountpoint 
2026-03-06T01:28:50.8712742Z Nested mountpoint 
2026-03-06T01:28:56.6755235Z State: Starting, Action: CreatingContainer, LastError: ContainerTimeout, LastErrorTimestamp: 03/06/2026 00:05:27, LastErrorDetails: Container did not start within expected time limit of 230s. Please inspect your container logs for more details., Details: Finished pulling container image and mounting volumes for ponovaweight-app. Allocatinng the rest of the container resources to finish container creation., DetailsLevel: INFO
2026-03-06T01:28:56.6756490Z Creating container.
2026-03-06T01:28:56.7030738Z Creating pipes for streaming container io.
2026-03-06T01:28:56.7034532Z Creating stdout named pipe at /podr/container/pipe/39f439c2dba3_ponovaweight-app/stdout_b399755f319948769260804987d7d0fe.
2026-03-06T01:28:56.9001626Z Successfully created stdout named pipe at: /podr/container/pipe/39f439c2dba3_ponovaweight-app/stdout_b399755f319948769260804987d7d0fe.
2026-03-06T01:28:56.9023992Z Opening named pipe /podr/container/pipe/39f439c2dba3_ponovaweight-app/stdout_b399755f319948769260804987d7d0fe for reading in non-blocking mode.
2026-03-06T01:28:56.9029977Z Successfully opened named pipe: /podr/container/pipe/39f439c2dba3_ponovaweight-app/stdout_b399755f319948769260804987d7d0fe.
2026-03-06T01:28:56.9396291Z Successfully removed non-blocking flag from /podr/container/pipe/39f439c2dba3_ponovaweight-app/stdout_b399755f319948769260804987d7d0fe.
2026-03-06T01:28:56.9503186Z Creating stderr named pipe at /podr/container/pipe/39f439c2dba3_ponovaweight-app/stderr_04afd3664b394e1bb30790076b31f029.
2026-03-06T01:28:56.9684628Z Successfully created stderr named pipe at: /podr/container/pipe/39f439c2dba3_ponovaweight-app/stderr_04afd3664b394e1bb30790076b31f029.
2026-03-06T01:28:56.9693239Z Opening named pipe /podr/container/pipe/39f439c2dba3_ponovaweight-app/stderr_04afd3664b394e1bb30790076b31f029 for reading in non-blocking mode.
2026-03-06T01:28:56.9697845Z Successfully opened named pipe: /podr/container/pipe/39f439c2dba3_ponovaweight-app/stderr_04afd3664b394e1bb30790076b31f029.
2026-03-06T01:28:56.9698999Z Successfully removed non-blocking flag from /podr/container/pipe/39f439c2dba3_ponovaweight-app/stderr_04afd3664b394e1bb30790076b31f029.
2026-03-06T01:28:56.9701736Z Creating container with image: appsvc/dotnetcore:10.0_20260115.4.tuxprod from registry: 10.1.0.6:13209 and fully qualified image name: 10.1.0.6:13209/appsvc/dotnetcore:10.0_20260115.4.tuxprod
2026-03-06T01:29:04.0771468Z Starting container: 39f439c2dba3_ponovaweight-app.
2026-03-06T01:29:04.8001343Z Starting watchers and probes.
2026-03-06T01:29:04.8112970Z Starting metrics collection.
2026-03-06T01:29:04.8515214Z Container is running.
2026-03-06T01:29:04.8518389Z State: Starting, Action: CreatingContainer, LastError: ContainerTimeout, LastErrorTimestamp: 03/06/2026 00:05:27, LastErrorDetails: Container did not start within expected time limit of 230s. Please inspect your container logs for more details., Details: Container ponovaweight-app successfully created and is running., DetailsLevel: INFO
2026-03-06T01:29:06.8052300Z Container start method finished after 19183 ms.
2026-03-06T01:29:08.5580602Z State: Starting, Action: InitiatingSiteWarmUpProbe, LastError: ContainerTimeout, LastErrorTimestamp: 03/06/2026 00:05:27, LastErrorDetails: Container did not start within expected time limit of 230s. Please inspect your container logs for more details., Details: Container ponovaweight-app successfully created and is running., DetailsLevel: INFO
2026-03-06T01:29:08.5600236Z State: Starting, Action: WaitingForSiteWarmUpProbeSuccess, LastError: ContainerTimeout, LastErrorTimestamp: 03/06/2026 00:05:27, LastErrorDetails: Container did not start within expected time limit of 230s. Please inspect your container logs for more details., Details: Pinging warmup path to ensure container is ready to receive requests., DetailsLevel: INFO
2026-03-06T01:31:33.0510834Z Container has finished running with exit code: 0.
2026-03-06T01:31:33.0592875Z Container is terminating. Grace period: 5 seconds.
2026-03-06T01:31:33.1271394Z Stop and delete container. Retry count = 0
2026-03-06T01:31:33.1272502Z Stopping container: 39f439c2dba3_ponovaweight-app.
2026-03-06T01:31:33.5647652Z Deleting container: 39f439c2dba3_ponovaweight-app. Retry count = 0
2026-03-06T01:31:34.6766942Z Container spec TerminationMessagePolicy  path 
2026-03-06T01:31:34.7030724Z Container is terminated. Total time elapsed: 1632 ms.
2026-03-06T01:31:34.7038924Z Site container: ponovaweight-app terminated during site startup.
2026-03-06T01:31:34.7309882Z State: Stopping, Action: CancellingStartup, LastError: ContainerTimeout, LastErrorTimestamp: 03/06/2026 00:05:27, LastErrorDetails: Container did not start within expected time limit of 230s. Please inspect your container logs for more details., Details: Site container: ponovaweight-app terminated during site startup. Cancelling site startup., DetailsLevel: ERR
2026-03-06T01:31:34.7742231Z Site startup probe failed after 146.0711708 seconds.
2026-03-06T01:31:35.7230408Z State: Stopping, Action: CancellingStartup, LastError: ContainerTimeout, LastErrorTimestamp: 03/06/2026 01:31:35, LastErrorDetails: Container did not start within expected time limit of 230s. Please inspect your container logs for more details., Details: Site container: ponovaweight-app terminated during site startup. Cancelling site startup., DetailsLevel: ERR
2026-03-06T01:31:35.9134646Z Failed to start site. Revert by stopping site.
2026-03-06T01:31:35.9637475Z State: Stopping, Action: StoppingSite, LastError: ContainerTimeout, LastErrorTimestamp: 03/06/2026 01:31:35, LastErrorDetails: Container did not start within expected time limit of 230s. Please inspect your container logs for more details., Details: Site container: ponovaweight-app terminated during site startup. Cancelling site startup., DetailsLevel: ERR
2026-03-06T01:31:35.9669296Z State: Stopping, Action: StoppingSiteContainers, LastError: ContainerTimeout, LastErrorTimestamp: 03/06/2026 01:31:35, LastErrorDetails: Container did not start within expected time limit of 230s. Please inspect your container logs for more details., Details: Site container: ponovaweight-app terminated during site startup. Cancelling site startup., DetailsLevel: ERR
2026-03-06T01:31:35.9831861Z Site: ponovaweight-app stopped.
2026-03-06T01:31:36.0138698Z State: Stopping, Action: UnmountingVolumes, LastError: ContainerTimeout, LastErrorTimestamp: 03/06/2026 01:31:35, LastErrorDetails: Container did not start within expected time limit of 230s. Please inspect your container logs for more details., Details: Site container: ponovaweight-app terminated during site startup. Cancelling site startup., DetailsLevel: ERR
2026-03-06T01:31:40.7184963Z Site container: ponovaweight-app_managedIdentity terminated during site startup.
2026-03-06T01:31:40.7256509Z State: Stopping, Action: UnmountingVolumes, LastError: ContainerTimeout, LastErrorTimestamp: 03/06/2026 01:31:35, LastErrorDetails: Container did not start within expected time limit of 230s. Please inspect your container logs for more details., Details: Site container: ponovaweight-app terminated during site startup. Cancelling site startup., DetailsLevel: ERR
2026-03-06T01:31:41.2709071Z State: Stopping, Action: StoppingSiteNetworks, LastError: ContainerTimeout, LastErrorTimestamp: 03/06/2026 01:31:35, LastErrorDetails: Container did not start within expected time limit of 230s. Please inspect your container logs for more details., Details: Site container: ponovaweight-app terminated during site startup. Cancelling site startup., DetailsLevel: ERR
2026-03-06T01:31:46.2096827Z Site: ponovaweight-app will be blocked for 1 minutes till 03/06/2026 01:32:46
2026-03-06T01:31:46.3074792Z State: Blocked, Action: StoppingSiteNetworks, LastError: ContainerTimeout, LastErrorTimestamp: 03/06/2026 01:31:35, LastErrorDetails: Container did not start within expected time limit of 230s. Please inspect your container logs for more details., Details: Site: ponovaweight-app will be blocked for 1 minutes till 03/06/2026 01:32:46, DetailsLevel: WARN
2026-03-06T01:31:46.4229217Z State: Stopped, Action: None, LastError: ContainerTimeout, LastErrorTimestamp: 03/06/2026 01:31:35, LastErrorDetails: Container did not start within expected time limit of 230s. Please inspect your container logs for more details., Details: Site stopped at 03/06/2026 01:31:46 (UTC), DetailsLevel: WARN
2026-03-06T01:31:47.9880304Z State: Stopped, Action: None, LastError: ContainerTimeout, LastErrorTimestamp: 03/06/2026 01:31:35, LastErrorDetails: Container did not start within expected time limit of 230s. Please inspect your container logs for more details., Details: Site stopped at 03/06/2026 01:31:46 (UTC), DetailsLevel: WARN
2026-03-06T01:32:46.2145525Z Site: ponovaweight-app is unblocked.
2026-03-06T01:33:11.5510694Z State: Starting, Action: EstablishingSiteNetworks, LastError: ContainerTimeout, LastErrorTimestamp: 03/06/2026 01:31:35, LastErrorDetails: Container did not start within expected time limit of 230s. Please inspect your container logs for more details., Details: Site stopped at 03/06/2026 01:31:46 (UTC), DetailsLevel: WARN
2026-03-06T01:33:21.7076117Z State: Starting, Action: StartingMsiContainer, LastError: ContainerTimeout, LastErrorTimestamp: 03/06/2026 01:31:35, LastErrorDetails: Container did not start within expected time limit of 230s. Please inspect your container logs for more details., Details: Site stopped at 03/06/2026 01:31:46 (UTC), DetailsLevel: WARN
2026-03-06T01:33:51.6394165Z State: Starting, Action: StartingSiteContainers, LastError: ContainerTimeout, LastErrorTimestamp: 03/06/2026 01:31:35, LastErrorDetails: Container did not start within expected time limit of 230s. Please inspect your container logs for more details., Details: Site stopped at 03/06/2026 01:31:46 (UTC), DetailsLevel: WARN
2026-03-06T01:33:51.6395439Z Container start method called.
2026-03-06T01:33:51.6395867Z State: Starting, Action: PullingImage, LastError: ContainerTimeout, LastErrorTimestamp: 03/06/2026 01:31:35, LastErrorDetails: Container did not start within expected time limit of 230s. Please inspect your container logs for more details., Details: Pulling image 10.1.0.6:13209/appsvc/dotnetcore:10.0_20260115.4.tuxprod for ponovaweight-app., DetailsLevel: INFO
2026-03-06T01:33:51.6396764Z Establishing network.
2026-03-06T01:33:51.6397712Z Pulling image: appsvc/dotnetcore:10.0_20260115.4.tuxprod.
2026-03-06T01:33:52.4492436Z Container is starting.
2026-03-06T01:33:52.4501803Z State: Starting, Action: MountingVolumes, LastError: ContainerTimeout, LastErrorTimestamp: 03/06/2026 01:31:35, LastErrorDetails: Container did not start within expected time limit of 230s. Please inspect your container logs for more details., Details: Mounting volumes for ponovaweight-app., DetailsLevel: INFO
2026-03-06T01:33:52.4505194Z Establishing user namespace if not established already.
2026-03-06T01:33:52.4508505Z Establishing network if not established already.
2026-03-06T01:33:52.4524421Z Mounting volumes.
2026-03-06T01:33:52.4528183Z Nested mountpoint site/wwwroot
2026-03-06T01:33:52.5568501Z Nested mountpoint volatile/logs
2026-03-06T01:33:52.6072483Z Nested mountpoint 
2026-03-06T01:33:52.6977827Z Nested mountpoint 
2026-03-06T01:33:52.8880008Z Nested mountpoint 
2026-03-06T01:33:53.0383034Z Nested mountpoint 
2026-03-06T01:33:59.3520732Z State: Starting, Action: CreatingContainer, LastError: ContainerTimeout, LastErrorTimestamp: 03/06/2026 01:31:35, LastErrorDetails: Container did not start within expected time limit of 230s. Please inspect your container logs for more details., Details: Finished pulling container image and mounting volumes for ponovaweight-app. Allocatinng the rest of the container resources to finish container creation., DetailsLevel: INFO
2026-03-06T01:33:59.3524601Z Creating container.
2026-03-06T01:33:59.3526439Z Creating pipes for streaming container io.
2026-03-06T01:33:59.3528069Z Creating stdout named pipe at /podr/container/pipe/6bb9abebe1f4_ponovaweight-app/stdout_4961b13bb4c044aaa3099df1a37b4db1.
2026-03-06T01:33:59.3538573Z Successfully created stdout named pipe at: /podr/container/pipe/6bb9abebe1f4_ponovaweight-app/stdout_4961b13bb4c044aaa3099df1a37b4db1.
2026-03-06T01:33:59.3540370Z Opening named pipe /podr/container/pipe/6bb9abebe1f4_ponovaweight-app/stdout_4961b13bb4c044aaa3099df1a37b4db1 for reading in non-blocking mode.
2026-03-06T01:33:59.5496003Z Successfully opened named pipe: /podr/container/pipe/6bb9abebe1f4_ponovaweight-app/stdout_4961b13bb4c044aaa3099df1a37b4db1.
2026-03-06T01:33:59.5628106Z Successfully removed non-blocking flag from /podr/container/pipe/6bb9abebe1f4_ponovaweight-app/stdout_4961b13bb4c044aaa3099df1a37b4db1.
2026-03-06T01:33:59.6003948Z Creating stderr named pipe at /podr/container/pipe/6bb9abebe1f4_ponovaweight-app/stderr_019aad4cb17c453c86fa4632169cc857.
2026-03-06T01:33:59.6190342Z Successfully created stderr named pipe at: /podr/container/pipe/6bb9abebe1f4_ponovaweight-app/stderr_019aad4cb17c453c86fa4632169cc857.
2026-03-06T01:33:59.6400463Z Opening named pipe /podr/container/pipe/6bb9abebe1f4_ponovaweight-app/stderr_019aad4cb17c453c86fa4632169cc857 for reading in non-blocking mode.
2026-03-06T01:33:59.6701384Z Successfully opened named pipe: /podr/container/pipe/6bb9abebe1f4_ponovaweight-app/stderr_019aad4cb17c453c86fa4632169cc857.
2026-03-06T01:33:59.6703753Z Successfully removed non-blocking flag from /podr/container/pipe/6bb9abebe1f4_ponovaweight-app/stderr_019aad4cb17c453c86fa4632169cc857.
2026-03-06T01:33:59.6706121Z Creating container with image: appsvc/dotnetcore:10.0_20260115.4.tuxprod from registry: 10.1.0.6:13209 and fully qualified image name: 10.1.0.6:13209/appsvc/dotnetcore:10.0_20260115.4.tuxprod
2026-03-06T01:34:03.3039302Z Starting container: 6bb9abebe1f4_ponovaweight-app.
2026-03-06T01:34:04.5260340Z Starting watchers and probes.
2026-03-06T01:34:04.5359982Z Starting metrics collection.
2026-03-06T01:34:04.5651793Z Container is running.
2026-03-06T01:34:04.5655452Z State: Starting, Action: CreatingContainer, LastError: ContainerTimeout, LastErrorTimestamp: 03/06/2026 01:31:35, LastErrorDetails: Container did not start within expected time limit of 230s. Please inspect your container logs for more details., Details: Container ponovaweight-app successfully created and is running., DetailsLevel: INFO
2026-03-06T01:34:06.1917765Z Container start method finished after 14552 ms.
2026-03-06T01:34:06.9729225Z State: Starting, Action: InitiatingSiteWarmUpProbe, LastError: ContainerTimeout, LastErrorTimestamp: 03/06/2026 01:31:35, LastErrorDetails: Container did not start within expected time limit of 230s. Please inspect your container logs for more details., Details: Container ponovaweight-app successfully created and is running., DetailsLevel: INFO
2026-03-06T01:34:06.9735067Z State: Starting, Action: WaitingForSiteWarmUpProbeSuccess, LastError: ContainerTimeout, LastErrorTimestamp: 03/06/2026 01:31:35, LastErrorDetails: Container did not start within expected time limit of 230s. Please inspect your container logs for more details., Details: Pinging warmup path to ensure container is ready to receive requests., DetailsLevel: INFO
2026-03-06T01:36:39.9590807Z Container has finished running with exit code: 0.
2026-03-06T01:36:39.9689605Z Container is terminating. Grace period: 5 seconds.
2026-03-06T01:36:40.0332890Z Stop and delete container. Retry count = 0
2026-03-06T01:36:40.0344017Z Stopping container: 6bb9abebe1f4_ponovaweight-app.
2026-03-06T01:36:40.1844567Z Deleting container: 6bb9abebe1f4_ponovaweight-app. Retry count = 0
2026-03-06T01:36:41.2096617Z Container spec TerminationMessagePolicy  path 
2026-03-06T01:36:41.2486774Z Container is terminated. Total time elapsed: 1259 ms.
2026-03-06T01:36:41.2581757Z Site container: ponovaweight-app terminated during site startup.
2026-03-06T01:36:41.2985220Z State: Stopping, Action: CancellingStartup, LastError: ContainerTimeout, LastErrorTimestamp: 03/06/2026 01:31:35, LastErrorDetails: Container did not start within expected time limit of 230s. Please inspect your container logs for more details., Details: Site container: ponovaweight-app terminated during site startup. Cancelling site startup., DetailsLevel: ERR
2026-03-06T01:36:41.3681398Z Site startup probe failed after 154.3931637 seconds.
2026-03-06T01:36:42.1577267Z State: Stopping, Action: CancellingStartup, LastError: ContainerTimeout, LastErrorTimestamp: 03/06/2026 01:36:42, LastErrorDetails: Container did not start within expected time limit of 230s. Please inspect your container logs for more details., Details: Site container: ponovaweight-app terminated during site startup. Cancelling site startup., DetailsLevel: ERR
2026-03-06T01:36:42.2281825Z Failed to start site. Revert by stopping site.
2026-03-06T01:36:42.2389287Z State: Stopping, Action: StoppingSite, LastError: ContainerTimeout, LastErrorTimestamp: 03/06/2026 01:36:42, LastErrorDetails: Container did not start within expected time limit of 230s. Please inspect your container logs for more details., Details: Site container: ponovaweight-app terminated during site startup. Cancelling site startup., DetailsLevel: ERR
2026-03-06T01:36:42.2585191Z State: Stopping, Action: StoppingSiteContainers, LastError: ContainerTimeout, LastErrorTimestamp: 03/06/2026 01:36:42, LastErrorDetails: Container did not start within expected time limit of 230s. Please inspect your container logs for more details., Details: Site container: ponovaweight-app terminated during site startup. Cancelling site startup., DetailsLevel: ERR
2026-03-06T01:36:42.2588004Z Site: ponovaweight-app stopped.
2026-03-06T01:36:42.2677581Z State: Stopping, Action: UnmountingVolumes, LastError: ContainerTimeout, LastErrorTimestamp: 03/06/2026 01:36:42, LastErrorDetails: Container did not start within expected time limit of 230s. Please inspect your container logs for more details., Details: Site container: ponovaweight-app terminated during site startup. Cancelling site startup., DetailsLevel: ERR
2026-03-06T01:36:47.5018879Z Site container: ponovaweight-app_managedIdentity terminated during site startup.
2026-03-06T01:36:47.5113273Z State: Stopping, Action: UnmountingVolumes, LastError: ContainerTimeout, LastErrorTimestamp: 03/06/2026 01:36:42, LastErrorDetails: Container did not start within expected time limit of 230s. Please inspect your container logs for more details., Details: Site container: ponovaweight-app terminated during site startup. Cancelling site startup., DetailsLevel: ERR
2026-03-06T01:36:47.7446466Z State: Stopping, Action: StoppingSiteNetworks, LastError: ContainerTimeout, LastErrorTimestamp: 03/06/2026 01:36:42, LastErrorDetails: Container did not start within expected time limit of 230s. Please inspect your container logs for more details., Details: Site container: ponovaweight-app terminated during site startup. Cancelling site startup., DetailsLevel: ERR
2026-03-06T01:36:52.8565804Z Site: ponovaweight-app will be blocked for 2 minutes till 03/06/2026 01:38:52
2026-03-06T01:36:52.8568363Z State: Blocked, Action: StoppingSiteNetworks, LastError: ContainerTimeout, LastErrorTimestamp: 03/06/2026 01:36:42, LastErrorDetails: Container did not start within expected time limit of 230s. Please inspect your container logs for more details., Details: Site: ponovaweight-app will be blocked for 2 minutes till 03/06/2026 01:38:52, DetailsLevel: WARN
2026-03-06T01:36:53.2625641Z State: Stopped, Action: None, LastError: ContainerTimeout, LastErrorTimestamp: 03/06/2026 01:36:42, LastErrorDetails: Container did not start within expected time limit of 230s. Please inspect your container logs for more details., Details: Site stopped at 03/06/2026 01:36:53 (UTC), DetailsLevel: WARN
2026-03-06T01:36:56.2280555Z State: Stopped, Action: None, LastError: ContainerTimeout, LastErrorTimestamp: 03/06/2026 01:36:42, LastErrorDetails: Container did not start within expected time limit of 230s. Please inspect your container logs for more details., Details: Site stopped at 03/06/2026 01:36:53 (UTC), DetailsLevel: WARN
2026-03-06T01:36:58.7945269Z State: Blocked, Action: None, LastError: ContainerTimeout, LastErrorTimestamp: 03/06/2026 01:36:42, LastErrorDetails: Container did not start within expected time limit of 230s. Please inspect your container logs for more details., Details: Site is blocked due to multiple, consecutive cold start failures. Site scheduled to be unblocked at 03/06/2026 01:38:52, DetailsLevel: WARN
2026-03-06T01:36:58.7945888Z Start site prohibitted because the site is being blocked.
2026-03-06T01:38:52.8781293Z Site: ponovaweight-app is unblocked.
2026-03-06T01:40:08.3785146Z State: Starting, Action: EstablishingSiteNetworks, LastError: ContainerTimeout, LastErrorTimestamp: 03/06/2026 01:36:42, LastErrorDetails: Container did not start within expected time limit of 230s. Please inspect your container logs for more details., Details: Site is blocked due to multiple, consecutive cold start failures. Site scheduled to be unblocked at 03/06/2026 01:38:52, DetailsLevel: WARN
2026-03-06T01:40:31.7690374Z State: Starting, Action: StartingMsiContainer, LastError: ContainerTimeout, LastErrorTimestamp: 03/06/2026 01:36:42, LastErrorDetails: Container did not start within expected time limit of 230s. Please inspect your container logs for more details., Details: Site is blocked due to multiple, consecutive cold start failures. Site scheduled to be unblocked at 03/06/2026 01:38:52, DetailsLevel: WARN
2026-03-06T01:41:05.5418565Z State: Starting, Action: StartingSiteContainers, LastError: ContainerTimeout, LastErrorTimestamp: 03/06/2026 01:36:42, LastErrorDetails: Container did not start within expected time limit of 230s. Please inspect your container logs for more details., Details: Site is blocked due to multiple, consecutive cold start failures. Site scheduled to be unblocked at 03/06/2026 01:38:52, DetailsLevel: WARN
2026-03-06T01:41:05.5422165Z Container start method called.
2026-03-06T01:41:05.5423049Z State: Starting, Action: PullingImage, LastError: ContainerTimeout, LastErrorTimestamp: 03/06/2026 01:36:42, LastErrorDetails: Container did not start within expected time limit of 230s. Please inspect your container logs for more details., Details: Pulling image 10.1.0.6:13209/appsvc/dotnetcore:10.0_20260115.4.tuxprod for ponovaweight-app., DetailsLevel: INFO
2026-03-06T01:41:05.5424811Z Establishing network.
2026-03-06T01:41:05.5426635Z Pulling image: appsvc/dotnetcore:10.0_20260115.4.tuxprod.
2026-03-06T01:41:08.6915062Z Container is starting.
2026-03-06T01:41:08.6916396Z State: Starting, Action: MountingVolumes, LastError: ContainerTimeout, LastErrorTimestamp: 03/06/2026 01:36:42, LastErrorDetails: Container did not start within expected time limit of 230s. Please inspect your container logs for more details., Details: Mounting volumes for ponovaweight-app., DetailsLevel: INFO
2026-03-06T01:41:08.6918044Z Establishing user namespace if not established already.
2026-03-06T01:41:08.7986626Z Establishing network if not established already.
2026-03-06T01:41:08.8878003Z Mounting volumes.
2026-03-06T01:41:08.9051041Z Nested mountpoint site/wwwroot
2026-03-06T01:41:10.0325300Z Nested mountpoint volatile/logs
2026-03-06T01:41:10.4798747Z Nested mountpoint 
2026-03-06T01:41:11.1358892Z Nested mountpoint 
2026-03-06T01:41:12.3994339Z Nested mountpoint 
2026-03-06T01:41:12.4281969Z Nested mountpoint 
2026-03-06T01:41:18.6802032Z State: Starting, Action: CreatingContainer, LastError: ContainerTimeout, LastErrorTimestamp: 03/06/2026 01:36:42, LastErrorDetails: Container did not start within expected time limit of 230s. Please inspect your container logs for more details., Details: Finished pulling container image and mounting volumes for ponovaweight-app. Allocatinng the rest of the container resources to finish container creation., DetailsLevel: INFO
2026-03-06T01:41:18.6870557Z Creating container.
2026-03-06T01:41:18.7876230Z Creating pipes for streaming container io.
2026-03-06T01:41:18.7878835Z Creating stdout named pipe at /podr/container/pipe/22c9d20260ed_ponovaweight-app/stdout_778d8567015843c2b2bde4715a152da3.
2026-03-06T01:41:18.7899509Z Successfully created stdout named pipe at: /podr/container/pipe/22c9d20260ed_ponovaweight-app/stdout_778d8567015843c2b2bde4715a152da3.
2026-03-06T01:41:18.7909140Z Opening named pipe /podr/container/pipe/22c9d20260ed_ponovaweight-app/stdout_778d8567015843c2b2bde4715a152da3 for reading in non-blocking mode.
2026-03-06T01:41:19.1132260Z Successfully opened named pipe: /podr/container/pipe/22c9d20260ed_ponovaweight-app/stdout_778d8567015843c2b2bde4715a152da3.
2026-03-06T01:41:19.1150280Z Successfully removed non-blocking flag from /podr/container/pipe/22c9d20260ed_ponovaweight-app/stdout_778d8567015843c2b2bde4715a152da3.
2026-03-06T01:41:19.1420596Z Creating stderr named pipe at /podr/container/pipe/22c9d20260ed_ponovaweight-app/stderr_a070e7e48c574d5c80735b6905523da3.
2026-03-06T01:41:19.1422864Z Successfully created stderr named pipe at: /podr/container/pipe/22c9d20260ed_ponovaweight-app/stderr_a070e7e48c574d5c80735b6905523da3.
2026-03-06T01:41:19.1423782Z Opening named pipe /podr/container/pipe/22c9d20260ed_ponovaweight-app/stderr_a070e7e48c574d5c80735b6905523da3 for reading in non-blocking mode.
2026-03-06T01:41:19.1424946Z Successfully opened named pipe: /podr/container/pipe/22c9d20260ed_ponovaweight-app/stderr_a070e7e48c574d5c80735b6905523da3.
2026-03-06T01:41:19.1425834Z Successfully removed non-blocking flag from /podr/container/pipe/22c9d20260ed_ponovaweight-app/stderr_a070e7e48c574d5c80735b6905523da3.
2026-03-06T01:41:19.1543386Z Creating container with image: appsvc/dotnetcore:10.0_20260115.4.tuxprod from registry: 10.1.0.6:13209 and fully qualified image name: 10.1.0.6:13209/appsvc/dotnetcore:10.0_20260115.4.tuxprod
2026-03-06T01:41:21.5919073Z Starting container: 22c9d20260ed_ponovaweight-app.
2026-03-06T01:41:22.5108869Z Starting watchers and probes.
2026-03-06T01:41:22.5117196Z Starting metrics collection.
2026-03-06T01:41:22.8533254Z Container is running.
2026-03-06T01:41:22.8836601Z State: Starting, Action: CreatingContainer, LastError: ContainerTimeout, LastErrorTimestamp: 03/06/2026 01:36:42, LastErrorDetails: Container did not start within expected time limit of 230s. Please inspect your container logs for more details., Details: Container ponovaweight-app successfully created and is running., DetailsLevel: INFO
2026-03-06T01:41:25.0541343Z Container start method finished after 19317 ms.
2026-03-06T01:41:25.0546684Z State: Starting, Action: InitiatingSiteWarmUpProbe, LastError: ContainerTimeout, LastErrorTimestamp: 03/06/2026 01:36:42, LastErrorDetails: Container did not start within expected time limit of 230s. Please inspect your container logs for more details., Details: Container ponovaweight-app successfully created and is running., DetailsLevel: INFO
2026-03-06T01:41:25.6298406Z State: Starting, Action: WaitingForSiteWarmUpProbeSuccess, LastError: ContainerTimeout, LastErrorTimestamp: 03/06/2026 01:36:42, LastErrorDetails: Container did not start within expected time limit of 230s. Please inspect your container logs for more details., Details: Pinging warmup path to ensure container is ready to receive requests., DetailsLevel: INFO
2026-03-06T01:45:17.3213222Z Site startup probe failed after 231.6212471 seconds.
2026-03-06T01:45:19.1962278Z Container has finished running with exit code: 0.
2026-03-06T01:45:19.1983636Z Container is terminating. Grace period: 5 seconds.
2026-03-06T01:45:19.2478560Z Stop and delete container. Retry count = 0
2026-03-06T01:45:19.2480599Z Stopping container: 22c9d20260ed_ponovaweight-app.
2026-03-06T01:45:20.1198473Z Deleting container: 22c9d20260ed_ponovaweight-app. Retry count = 0
2026-03-06T01:45:23.2493140Z Container spec TerminationMessagePolicy  path 
2026-03-06T01:45:23.3025871Z Container is terminated. Total time elapsed: 4082 ms.
2026-03-06T01:45:23.4501531Z State: Starting, Action: WaitingForSiteWarmUpProbeSuccess, LastError: ContainerTimeout, LastErrorTimestamp: 03/06/2026 01:45:23, LastErrorDetails: Container did not start within expected time limit of 230s. Please inspect your container logs for more details., Details: Pinging warmup path to ensure container is ready to receive requests., DetailsLevel: ERR
2026-03-06T01:45:23.5427565Z Site container: ponovaweight-app terminated during site startup.
2026-03-06T01:45:23.5821012Z State: Stopping, Action: CancellingStartup, LastError: ContainerTimeout, LastErrorTimestamp: 03/06/2026 01:45:23, LastErrorDetails: Container did not start within expected time limit of 230s. Please inspect your container logs for more details., Details: Site container: ponovaweight-app terminated during site startup. Cancelling site startup., DetailsLevel: ERR
2026-03-06T01:45:23.8801666Z Failed to start site. Revert by stopping site.
2026-03-06T01:45:24.3449370Z State: Stopping, Action: StoppingSite, LastError: ContainerTimeout, LastErrorTimestamp: 03/06/2026 01:45:23, LastErrorDetails: Container did not start within expected time limit of 230s. Please inspect your container logs for more details., Details: Site container: ponovaweight-app terminated during site startup. Cancelling site startup., DetailsLevel: ERR
2026-03-06T01:45:24.3934576Z State: Stopping, Action: StoppingSiteContainers, LastError: ContainerTimeout, LastErrorTimestamp: 03/06/2026 01:45:23, LastErrorDetails: Container did not start within expected time limit of 230s. Please inspect your container logs for more details., Details: Site container: ponovaweight-app terminated during site startup. Cancelling site startup., DetailsLevel: ERR
2026-03-06T01:45:24.3940823Z Site: ponovaweight-app stopped.
2026-03-06T01:45:24.4740124Z State: Stopping, Action: UnmountingVolumes, LastError: ContainerTimeout, LastErrorTimestamp: 03/06/2026 01:45:23, LastErrorDetails: Container did not start within expected time limit of 230s. Please inspect your container logs for more details., Details: Site container: ponovaweight-app terminated during site startup. Cancelling site startup., DetailsLevel: ERR
2026-03-06T01:45:40.3444642Z Site container: ponovaweight-app_managedIdentity terminated during site startup.
2026-03-06T01:45:40.3738380Z State: Stopping, Action: UnmountingVolumes, LastError: ContainerTimeout, LastErrorTimestamp: 03/06/2026 01:45:23, LastErrorDetails: Container did not start within expected time limit of 230s. Please inspect your container logs for more details., Details: Site container: ponovaweight-app terminated during site startup. Cancelling site startup., DetailsLevel: ERR
2026-03-06T01:45:42.6695929Z State: Stopping, Action: StoppingSiteNetworks, LastError: ContainerTimeout, LastErrorTimestamp: 03/06/2026 01:45:23, LastErrorDetails: Container did not start within expected time limit of 230s. Please inspect your container logs for more details., Details: Site container: ponovaweight-app terminated during site startup. Cancelling site startup., DetailsLevel: ERR
2026-03-06T01:45:47.9809839Z Site: ponovaweight-app will be blocked for 2 minutes till 03/06/2026 01:47:47
2026-03-06T01:45:47.9938378Z State: Blocked, Action: StoppingSiteNetworks, LastError: ContainerTimeout, LastErrorTimestamp: 03/06/2026 01:45:23, LastErrorDetails: Container did not start within expected time limit of 230s. Please inspect your container logs for more details., Details: Site: ponovaweight-app will be blocked for 2 minutes till 03/06/2026 01:47:47, DetailsLevel: WARN
2026-03-06T01:45:48.0419181Z State: Stopped, Action: None, LastError: ContainerTimeout, LastErrorTimestamp: 03/06/2026 01:45:23, LastErrorDetails: Container did not start within expected time limit of 230s. Please inspect your container logs for more details., Details: Site stopped at 03/06/2026 01:45:48 (UTC), DetailsLevel: WARN
2026-03-06T01:45:50.2584161Z State: Stopped, Action: None, LastError: ContainerTimeout, LastErrorTimestamp: 03/06/2026 01:45:23, LastErrorDetails: Container did not start within expected time limit of 230s. Please inspect your container logs for more details., Details: Site stopped at 03/06/2026 01:45:48 (UTC), DetailsLevel: WARN
2026-03-06T01:46:18.9401949Z State: Blocked, Action: None, LastError: ContainerTimeout, LastErrorTimestamp: 03/06/2026 01:45:23, LastErrorDetails: Container did not start within expected time limit of 230s. Please inspect your container logs for more details., Details: Site is blocked due to multiple, consecutive cold start failures. Site scheduled to be unblocked at 03/06/2026 01:47:47, DetailsLevel: WARN
2026-03-06T01:46:18.9416234Z Start site prohibitted because the site is being blocked.
2026-03-06T01:47:47.9494158Z Site: ponovaweight-app is unblocked.
2026-03-06T01:48:20.5708925Z State: Starting, Action: EstablishingSiteNetworks, LastError: ContainerTimeout, LastErrorTimestamp: 03/06/2026 01:45:23, LastErrorDetails: Container did not start within expected time limit of 230s. Please inspect your container logs for more details., Details: Site is blocked due to multiple, consecutive cold start failures. Site scheduled to be unblocked at 03/06/2026 01:47:47, DetailsLevel: WARN
2026-03-06T01:48:35.3102943Z State: Starting, Action: StartingMsiContainer, LastError: ContainerTimeout, LastErrorTimestamp: 03/06/2026 01:45:23, LastErrorDetails: Container did not start within expected time limit of 230s. Please inspect your container logs for more details., Details: Site is blocked due to multiple, consecutive cold start failures. Site scheduled to be unblocked at 03/06/2026 01:47:47, DetailsLevel: WARN
2026-03-06T01:49:10.7154400Z State: Starting, Action: StartingSiteContainers, LastError: ContainerTimeout, LastErrorTimestamp: 03/06/2026 01:45:23, LastErrorDetails: Container did not start within expected time limit of 230s. Please inspect your container logs for more details., Details: Site is blocked due to multiple, consecutive cold start failures. Site scheduled to be unblocked at 03/06/2026 01:47:47, DetailsLevel: WARN
2026-03-06T01:49:10.7159417Z Container start method called.
2026-03-06T01:49:10.7160600Z State: Starting, Action: PullingImage, LastError: ContainerTimeout, LastErrorTimestamp: 03/06/2026 01:45:23, LastErrorDetails: Container did not start within expected time limit of 230s. Please inspect your container logs for more details., Details: Pulling image 10.1.0.6:13209/appsvc/dotnetcore:10.0_20260115.4.tuxprod for ponovaweight-app., DetailsLevel: INFO
2026-03-06T01:49:10.7162260Z Establishing network.
2026-03-06T01:49:10.7243501Z Pulling image: appsvc/dotnetcore:10.0_20260115.4.tuxprod.
2026-03-06T01:49:11.8525943Z Container is starting.
2026-03-06T01:49:11.8527310Z State: Starting, Action: MountingVolumes, LastError: ContainerTimeout, LastErrorTimestamp: 03/06/2026 01:45:23, LastErrorDetails: Container did not start within expected time limit of 230s. Please inspect your container logs for more details., Details: Mounting volumes for ponovaweight-app., DetailsLevel: INFO
2026-03-06T01:49:11.8529013Z Establishing user namespace if not established already.
2026-03-06T01:49:11.8530570Z Establishing network if not established already.
2026-03-06T01:49:11.8532394Z Mounting volumes.
2026-03-06T01:49:11.8534515Z Nested mountpoint site/wwwroot
2026-03-06T01:49:11.8917572Z Nested mountpoint volatile/logs
2026-03-06T01:49:11.9915807Z Nested mountpoint 
2026-03-06T01:49:12.5264205Z Nested mountpoint 
2026-03-06T01:49:13.1059930Z Nested mountpoint 
2026-03-06T01:49:13.3349295Z Nested mountpoint 
2026-03-06T01:49:19.5702809Z State: Starting, Action: CreatingContainer, LastError: ContainerTimeout, LastErrorTimestamp: 03/06/2026 01:45:23, LastErrorDetails: Container did not start within expected time limit of 230s. Please inspect your container logs for more details., Details: Finished pulling container image and mounting volumes for ponovaweight-app. Allocatinng the rest of the container resources to finish container creation., DetailsLevel: INFO
2026-03-06T01:49:19.5705081Z Creating container.
2026-03-06T01:49:19.5794128Z Creating pipes for streaming container io.
2026-03-06T01:49:19.5797880Z Creating stdout named pipe at /podr/container/pipe/207acb43f34b_ponovaweight-app/stdout_8b763a72093e4f42b9817cd754933a30.
2026-03-06T01:49:19.6001990Z Successfully created stdout named pipe at: /podr/container/pipe/207acb43f34b_ponovaweight-app/stdout_8b763a72093e4f42b9817cd754933a30.
2026-03-06T01:49:19.6005610Z Opening named pipe /podr/container/pipe/207acb43f34b_ponovaweight-app/stdout_8b763a72093e4f42b9817cd754933a30 for reading in non-blocking mode.
2026-03-06T01:49:19.6008071Z Successfully opened named pipe: /podr/container/pipe/207acb43f34b_ponovaweight-app/stdout_8b763a72093e4f42b9817cd754933a30.
2026-03-06T01:49:19.6009886Z Successfully removed non-blocking flag from /podr/container/pipe/207acb43f34b_ponovaweight-app/stdout_8b763a72093e4f42b9817cd754933a30.
2026-03-06T01:49:19.6093363Z Creating stderr named pipe at /podr/container/pipe/207acb43f34b_ponovaweight-app/stderr_4cb2fbde5b3c485d96ded078b845be77.
2026-03-06T01:49:19.6096650Z Successfully created stderr named pipe at: /podr/container/pipe/207acb43f34b_ponovaweight-app/stderr_4cb2fbde5b3c485d96ded078b845be77.
2026-03-06T01:49:19.7373931Z Opening named pipe /podr/container/pipe/207acb43f34b_ponovaweight-app/stderr_4cb2fbde5b3c485d96ded078b845be77 for reading in non-blocking mode.
2026-03-06T01:49:19.7379431Z Successfully opened named pipe: /podr/container/pipe/207acb43f34b_ponovaweight-app/stderr_4cb2fbde5b3c485d96ded078b845be77.
2026-03-06T01:49:19.7391870Z Successfully removed non-blocking flag from /podr/container/pipe/207acb43f34b_ponovaweight-app/stderr_4cb2fbde5b3c485d96ded078b845be77.
2026-03-06T01:49:19.7394129Z Creating container with image: appsvc/dotnetcore:10.0_20260115.4.tuxprod from registry: 10.1.0.6:13209 and fully qualified image name: 10.1.0.6:13209/appsvc/dotnetcore:10.0_20260115.4.tuxprod
2026-03-06T01:49:22.8997508Z Starting container: 207acb43f34b_ponovaweight-app.
2026-03-06T01:49:24.0863937Z Starting watchers and probes.
2026-03-06T01:49:24.1726168Z Starting metrics collection.
2026-03-06T01:49:24.2137356Z Container is running.
2026-03-06T01:49:24.2322149Z State: Starting, Action: CreatingContainer, LastError: ContainerTimeout, LastErrorTimestamp: 03/06/2026 01:45:23, LastErrorDetails: Container did not start within expected time limit of 230s. Please inspect your container logs for more details., Details: Container ponovaweight-app successfully created and is running., DetailsLevel: INFO
2026-03-06T01:49:26.4797107Z Container start method finished after 15763 ms.
2026-03-06T01:49:26.4800553Z State: Starting, Action: InitiatingSiteWarmUpProbe, LastError: ContainerTimeout, LastErrorTimestamp: 03/06/2026 01:45:23, LastErrorDetails: Container did not start within expected time limit of 230s. Please inspect your container logs for more details., Details: Container ponovaweight-app successfully created and is running., DetailsLevel: INFO
2026-03-06T01:49:26.5078492Z State: Starting, Action: WaitingForSiteWarmUpProbeSuccess, LastError: ContainerTimeout, LastErrorTimestamp: 03/06/2026 01:45:23, LastErrorDetails: Container did not start within expected time limit of 230s. Please inspect your container logs for more details., Details: Pinging warmup path to ensure container is ready to receive requests., DetailsLevel: INFO
2026-03-06T01:51:39.7304090Z Container has finished running with exit code: 0.
2026-03-06T01:51:39.7488905Z Container is terminating. Grace period: 5 seconds.
2026-03-06T01:51:39.8709792Z Stop and delete container. Retry count = 0
2026-03-06T01:51:39.9000120Z Stopping container: 207acb43f34b_ponovaweight-app.
2026-03-06T01:51:40.2893648Z Deleting container: 207acb43f34b_ponovaweight-app. Retry count = 0
2026-03-06T01:51:41.8138933Z Container spec TerminationMessagePolicy  path 
2026-03-06T01:51:41.8838422Z Container is terminated. Total time elapsed: 2121 ms.
2026-03-06T01:51:41.8843430Z Site container: ponovaweight-app terminated during site startup.
2026-03-06T01:51:41.8928637Z State: Stopping, Action: CancellingStartup, LastError: ContainerTimeout, LastErrorTimestamp: 03/06/2026 01:45:23, LastErrorDetails: Container did not start within expected time limit of 230s. Please inspect your container logs for more details., Details: Site container: ponovaweight-app terminated during site startup. Cancelling site startup., DetailsLevel: ERR
2026-03-06T01:51:41.9125810Z Site startup probe failed after 135.4036073 seconds.
2026-03-06T01:51:45.4808396Z State: Stopping, Action: CancellingStartup, LastError: ContainerTimeout, LastErrorTimestamp: 03/06/2026 01:51:45, LastErrorDetails: Container did not start within expected time limit of 230s. Please inspect your container logs for more details., Details: Site container: ponovaweight-app terminated during site startup. Cancelling site startup., DetailsLevel: ERR
2026-03-06T01:51:45.7320289Z Failed to start site. Revert by stopping site.
2026-03-06T01:51:45.7498959Z State: Stopping, Action: StoppingSite, LastError: ContainerTimeout, LastErrorTimestamp: 03/06/2026 01:51:45, LastErrorDetails: Container did not start within expected time limit of 230s. Please inspect your container logs for more details., Details: Site container: ponovaweight-app terminated during site startup. Cancelling site startup., DetailsLevel: ERR
2026-03-06T01:51:45.7596258Z State: Stopping, Action: StoppingSiteContainers, LastError: ContainerTimeout, LastErrorTimestamp: 03/06/2026 01:51:45, LastErrorDetails: Container did not start within expected time limit of 230s. Please inspect your container logs for more details., Details: Site container: ponovaweight-app terminated during site startup. Cancelling site startup., DetailsLevel: ERR
2026-03-06T01:51:45.7596636Z Site: ponovaweight-app stopped.
2026-03-06T01:51:45.8303689Z State: Stopping, Action: UnmountingVolumes, LastError: ContainerTimeout, LastErrorTimestamp: 03/06/2026 01:51:45, LastErrorDetails: Container did not start within expected time limit of 230s. Please inspect your container logs for more details., Details: Site container: ponovaweight-app terminated during site startup. Cancelling site startup., DetailsLevel: ERR
2026-03-06T01:51:55.9671888Z Site container: ponovaweight-app_managedIdentity terminated during site startup.
2026-03-06T01:51:55.9674433Z State: Stopping, Action: UnmountingVolumes, LastError: ContainerTimeout, LastErrorTimestamp: 03/06/2026 01:51:45, LastErrorDetails: Container did not start within expected time limit of 230s. Please inspect your container logs for more details., Details: Site container: ponovaweight-app terminated during site startup. Cancelling site startup., DetailsLevel: ERR
2026-03-06T01:51:57.0004677Z State: Stopping, Action: StoppingSiteNetworks, LastError: ContainerTimeout, LastErrorTimestamp: 03/06/2026 01:51:45, LastErrorDetails: Container did not start within expected time limit of 230s. Please inspect your container logs for more details., Details: Site container: ponovaweight-app terminated during site startup. Cancelling site startup., DetailsLevel: ERR
2026-03-06T01:52:02.0026422Z Site: ponovaweight-app will be blocked for 2 minutes till 03/06/2026 01:54:02
2026-03-06T01:52:02.0500850Z State: Blocked, Action: StoppingSiteNetworks, LastError: ContainerTimeout, LastErrorTimestamp: 03/06/2026 01:51:45, LastErrorDetails: Container did not start within expected time limit of 230s. Please inspect your container logs for more details., Details: Site: ponovaweight-app will be blocked for 2 minutes till 03/06/2026 01:54:02, DetailsLevel: WARN
2026-03-06T01:52:02.0712014Z State: Stopped, Action: None, LastError: ContainerTimeout, LastErrorTimestamp: 03/06/2026 01:51:45, LastErrorDetails: Container did not start within expected time limit of 230s. Please inspect your container logs for more details., Details: Site stopped at 03/06/2026 01:52:02 (UTC), DetailsLevel: WARN
2026-03-06T01:52:04.3213407Z State: Stopped, Action: None, LastError: ContainerTimeout, LastErrorTimestamp: 03/06/2026 01:51:45, LastErrorDetails: Container did not start within expected time limit of 230s. Please inspect your container logs for more details., Details: Site stopped at 03/06/2026 01:52:02 (UTC), DetailsLevel: WARN
2026-03-06T01:52:21.3153856Z State: Blocked, Action: None, LastError: ContainerTimeout, LastErrorTimestamp: 03/06/2026 01:51:45, LastErrorDetails: Container did not start within expected time limit of 230s. Please inspect your container logs for more details., Details: Site is blocked due to multiple, consecutive cold start failures. Site scheduled to be unblocked at 03/06/2026 01:54:02, DetailsLevel: WARN
2026-03-06T01:52:21.3154852Z Start site prohibitted because the site is being blocked.
2026-03-06T01:54:02.0174753Z Site: ponovaweight-app is unblocked.
2026-03-06T02:05:39.2161213Z State: Starting, Action: EstablishingSiteNetworks, LastError: ContainerTimeout, LastErrorTimestamp: 03/06/2026 01:51:45, LastErrorDetails: Container did not start within expected time limit of 230s. Please inspect your container logs for more details., Details: Site is blocked due to multiple, consecutive cold start failures. Site scheduled to be unblocked at 03/06/2026 01:54:02, DetailsLevel: WARN
2026-03-06T02:05:52.8821090Z State: Starting, Action: StartingMsiContainer, LastError: ContainerTimeout, LastErrorTimestamp: 03/06/2026 01:51:45, LastErrorDetails: Container did not start within expected time limit of 230s. Please inspect your container logs for more details., Details: Site is blocked due to multiple, consecutive cold start failures. Site scheduled to be unblocked at 03/06/2026 01:54:02, DetailsLevel: WARN
2026-03-06T02:06:28.9958541Z State: Starting, Action: StartingSiteContainers, LastError: ContainerTimeout, LastErrorTimestamp: 03/06/2026 01:51:45, LastErrorDetails: Container did not start within expected time limit of 230s. Please inspect your container logs for more details., Details: Site is blocked due to multiple, consecutive cold start failures. Site scheduled to be unblocked at 03/06/2026 01:54:02, DetailsLevel: WARN
2026-03-06T02:06:28.9967709Z Container start method called.
2026-03-06T02:06:29.0640324Z State: Starting, Action: PullingImage, LastError: ContainerTimeout, LastErrorTimestamp: 03/06/2026 01:51:45, LastErrorDetails: Container did not start within expected time limit of 230s. Please inspect your container logs for more details., Details: Pulling image 10.1.0.6:13209/appsvc/dotnetcore:10.0_20260115.4.tuxprod for ponovaweight-app., DetailsLevel: INFO
2026-03-06T02:06:29.0646106Z Establishing network.
2026-03-06T02:06:29.0742661Z Pulling image: appsvc/dotnetcore:10.0_20260115.4.tuxprod.
2026-03-06T02:06:34.8119076Z Container is starting.
2026-03-06T02:06:34.8211156Z State: Starting, Action: MountingVolumes, LastError: ContainerTimeout, LastErrorTimestamp: 03/06/2026 01:51:45, LastErrorDetails: Container did not start within expected time limit of 230s. Please inspect your container logs for more details., Details: Mounting volumes for ponovaweight-app., DetailsLevel: INFO
2026-03-06T02:06:34.8229272Z Establishing user namespace if not established already.
2026-03-06T02:06:34.8327931Z Establishing network if not established already.
2026-03-06T02:06:34.8499236Z Mounting volumes.
2026-03-06T02:06:34.8505197Z Nested mountpoint site/wwwroot
2026-03-06T02:06:34.9636646Z Nested mountpoint volatile/logs
2026-03-06T02:06:35.4067833Z Nested mountpoint 
2026-03-06T02:06:35.8489407Z Nested mountpoint 
2026-03-06T02:06:36.9415489Z Nested mountpoint 
2026-03-06T02:06:37.1119818Z Nested mountpoint 
2026-03-06T02:06:45.3128074Z State: Starting, Action: CreatingContainer, LastError: ContainerTimeout, LastErrorTimestamp: 03/06/2026 01:51:45, LastErrorDetails: Container did not start within expected time limit of 230s. Please inspect your container logs for more details., Details: Finished pulling container image and mounting volumes for ponovaweight-app. Allocatinng the rest of the container resources to finish container creation., DetailsLevel: INFO
2026-03-06T02:06:45.3412177Z Creating container.
2026-03-06T02:06:45.3718332Z Creating pipes for streaming container io.
2026-03-06T02:06:45.3723188Z Creating stdout named pipe at /podr/container/pipe/0c4af711f383_ponovaweight-app/stdout_6fa7296fe0df46508b01aa6ca0bce067.
2026-03-06T02:06:45.5107470Z Successfully created stdout named pipe at: /podr/container/pipe/0c4af711f383_ponovaweight-app/stdout_6fa7296fe0df46508b01aa6ca0bce067.
2026-03-06T02:06:45.5113601Z Opening named pipe /podr/container/pipe/0c4af711f383_ponovaweight-app/stdout_6fa7296fe0df46508b01aa6ca0bce067 for reading in non-blocking mode.
2026-03-06T02:06:45.5196477Z Successfully opened named pipe: /podr/container/pipe/0c4af711f383_ponovaweight-app/stdout_6fa7296fe0df46508b01aa6ca0bce067.
2026-03-06T02:06:45.5213075Z Successfully removed non-blocking flag from /podr/container/pipe/0c4af711f383_ponovaweight-app/stdout_6fa7296fe0df46508b01aa6ca0bce067.
2026-03-06T02:06:45.5499832Z Creating stderr named pipe at /podr/container/pipe/0c4af711f383_ponovaweight-app/stderr_2fbc2743949d471eb40f6f94aaa243a2.
2026-03-06T02:06:45.5510302Z Successfully created stderr named pipe at: /podr/container/pipe/0c4af711f383_ponovaweight-app/stderr_2fbc2743949d471eb40f6f94aaa243a2.
2026-03-06T02:06:45.5513704Z Opening named pipe /podr/container/pipe/0c4af711f383_ponovaweight-app/stderr_2fbc2743949d471eb40f6f94aaa243a2 for reading in non-blocking mode.
2026-03-06T02:06:45.5595886Z Successfully opened named pipe: /podr/container/pipe/0c4af711f383_ponovaweight-app/stderr_2fbc2743949d471eb40f6f94aaa243a2.
2026-03-06T02:06:45.5607642Z Successfully removed non-blocking flag from /podr/container/pipe/0c4af711f383_ponovaweight-app/stderr_2fbc2743949d471eb40f6f94aaa243a2.
2026-03-06T02:06:45.5804601Z Creating container with image: appsvc/dotnetcore:10.0_20260115.4.tuxprod from registry: 10.1.0.6:13209 and fully qualified image name: 10.1.0.6:13209/appsvc/dotnetcore:10.0_20260115.4.tuxprod
2026-03-06T02:06:54.8188644Z Starting container: 0c4af711f383_ponovaweight-app.
2026-03-06T02:06:55.8707945Z Starting watchers and probes.
2026-03-06T02:06:55.8820356Z Starting metrics collection.
2026-03-06T02:06:55.9106736Z Container is running.
2026-03-06T02:06:55.9196127Z State: Starting, Action: CreatingContainer, LastError: ContainerTimeout, LastErrorTimestamp: 03/06/2026 01:51:45, LastErrorDetails: Container did not start within expected time limit of 230s. Please inspect your container logs for more details., Details: Container ponovaweight-app successfully created and is running., DetailsLevel: INFO
2026-03-06T02:06:56.5010855Z Container start method finished after 27494 ms.
2026-03-06T02:06:56.5119752Z State: Starting, Action: InitiatingSiteWarmUpProbe, LastError: ContainerTimeout, LastErrorTimestamp: 03/06/2026 01:51:45, LastErrorDetails: Container did not start within expected time limit of 230s. Please inspect your container logs for more details., Details: Container ponovaweight-app successfully created and is running., DetailsLevel: INFO
2026-03-06T02:06:56.5211173Z State: Starting, Action: WaitingForSiteWarmUpProbeSuccess, LastError: ContainerTimeout, LastErrorTimestamp: 03/06/2026 01:51:45, LastErrorDetails: Container did not start within expected time limit of 230s. Please inspect your container logs for more details., Details: Pinging warmup path to ensure container is ready to receive requests., DetailsLevel: INFO
