2026-02-20T16:52:17.9478811Z State: Starting, Action: EstablishingSiteNetworks, LastError: , LastErrorTimestamp: 01/01/0001 00:00:00, LastErrorDetails: , Details: , DetailsLevel: INFO
2026-02-20T16:52:49.0425104Z State: Starting, Action: StartingMsiContainer, LastError: , LastErrorTimestamp: 01/01/0001 00:00:00, LastErrorDetails: , Details: , DetailsLevel: INFO
2026-02-20T16:53:38.0312569Z State: Starting, Action: StartingSiteContainers, LastError: , LastErrorTimestamp: 01/01/0001 00:00:00, LastErrorDetails: , Details: , DetailsLevel: INFO
2026-02-20T16:53:38.1073039Z Container start method called.
2026-02-20T16:53:38.1168483Z State: Starting, Action: PullingImage, LastError: , LastErrorTimestamp: 01/01/0001 00:00:00, LastErrorDetails: , Details: Pulling image 10.1.0.6:13209/appsvc/dotnetcore:10.0_20260115.4.tuxprod for ponovaweight-app., DetailsLevel: INFO
2026-02-20T16:53:38.1187441Z Establishing network.
2026-02-20T16:53:38.1329881Z Pulling image: appsvc/dotnetcore:10.0_20260115.4.tuxprod.
2026-02-20T16:54:02.1481912Z Container is starting.
2026-02-20T16:54:02.1483349Z State: Starting, Action: MountingVolumes, LastError: , LastErrorTimestamp: 01/01/0001 00:00:00, LastErrorDetails: , Details: Mounting volumes for ponovaweight-app., DetailsLevel: INFO
2026-02-20T16:54:02.1492420Z Establishing user namespace if not established already.
2026-02-20T16:54:02.1494190Z Establishing network if not established already.
2026-02-20T16:54:02.1499734Z Mounting volumes.
2026-02-20T16:54:02.1502023Z Nested mountpoint site/wwwroot
2026-02-20T16:54:02.1527586Z Nested mountpoint volatile/logs
2026-02-20T16:54:02.1556766Z Nested mountpoint 
2026-02-20T16:54:02.1563326Z Nested mountpoint 
2026-02-20T16:54:02.8111924Z Nested mountpoint 
2026-02-20T16:54:02.8162454Z Nested mountpoint 
2026-02-20T16:54:06.7436062Z State: Starting, Action: CreatingContainer, LastError: , LastErrorTimestamp: 01/01/0001 00:00:00, LastErrorDetails: , Details: Finished pulling container image and mounting volumes for ponovaweight-app. Allocatinng the rest of the container resources to finish container creation., DetailsLevel: INFO
2026-02-20T16:54:06.7446211Z Creating container.
2026-02-20T16:54:06.7512109Z Creating pipes for streaming container io.
2026-02-20T16:54:06.7555868Z Creating stdout named pipe at /podr/container/pipe/360f5ba863b6_ponovaweight-app/stdout_d28973f0300149eca26bfc15ebfdda62.
2026-02-20T16:54:06.7674086Z Successfully created stdout named pipe at: /podr/container/pipe/360f5ba863b6_ponovaweight-app/stdout_d28973f0300149eca26bfc15ebfdda62.
2026-02-20T16:54:06.7701761Z Opening named pipe /podr/container/pipe/360f5ba863b6_ponovaweight-app/stdout_d28973f0300149eca26bfc15ebfdda62 for reading in non-blocking mode.
2026-02-20T16:54:06.7713870Z Successfully opened named pipe: /podr/container/pipe/360f5ba863b6_ponovaweight-app/stdout_d28973f0300149eca26bfc15ebfdda62.
2026-02-20T16:54:06.7737261Z Successfully removed non-blocking flag from /podr/container/pipe/360f5ba863b6_ponovaweight-app/stdout_d28973f0300149eca26bfc15ebfdda62.
2026-02-20T16:54:06.7753838Z Creating stderr named pipe at /podr/container/pipe/360f5ba863b6_ponovaweight-app/stderr_a24cad5ff5a44b9696dfef4aeb49a1c7.
2026-02-20T16:54:06.7780104Z Successfully created stderr named pipe at: /podr/container/pipe/360f5ba863b6_ponovaweight-app/stderr_a24cad5ff5a44b9696dfef4aeb49a1c7.
2026-02-20T16:54:06.7781489Z Opening named pipe /podr/container/pipe/360f5ba863b6_ponovaweight-app/stderr_a24cad5ff5a44b9696dfef4aeb49a1c7 for reading in non-blocking mode.
2026-02-20T16:54:06.7782890Z Successfully opened named pipe: /podr/container/pipe/360f5ba863b6_ponovaweight-app/stderr_a24cad5ff5a44b9696dfef4aeb49a1c7.
2026-02-20T16:54:06.7784043Z Successfully removed non-blocking flag from /podr/container/pipe/360f5ba863b6_ponovaweight-app/stderr_a24cad5ff5a44b9696dfef4aeb49a1c7.
2026-02-20T16:54:06.7786246Z Creating container with image: appsvc/dotnetcore:10.0_20260115.4.tuxprod from registry: 10.1.0.6:13209 and fully qualified image name: 10.1.0.6:13209/appsvc/dotnetcore:10.0_20260115.4.tuxprod
2026-02-20T16:54:08.4297829Z Starting container: 360f5ba863b6_ponovaweight-app.
2026-02-20T16:54:08.5484931Z Starting watchers and probes.
2026-02-20T16:54:08.6365675Z Starting metrics collection.
2026-02-20T16:54:08.6750834Z Container is running.
2026-02-20T16:54:08.6923034Z State: Starting, Action: CreatingContainer, LastError: , LastErrorTimestamp: 01/01/0001 00:00:00, LastErrorDetails: , Details: Container ponovaweight-app successfully created and is running., DetailsLevel: INFO
2026-02-20T16:54:08.9561489Z Container start method finished after 30848 ms.
2026-02-20T16:54:08.9565587Z State: Starting, Action: InitiatingSiteWarmUpProbe, LastError: , LastErrorTimestamp: 01/01/0001 00:00:00, LastErrorDetails: , Details: Container ponovaweight-app successfully created and is running., DetailsLevel: INFO
2026-02-20T16:54:09.0755750Z State: Starting, Action: WaitingForSiteWarmUpProbeSuccess, LastError: , LastErrorTimestamp: 01/01/0001 00:00:00, LastErrorDetails: , Details: Pinging warmup path to ensure container is ready to receive requests., DetailsLevel: INFO
2026-02-20T16:55:06.7196147Z Site startup probe succeeded after 57.5592584 seconds.
2026-02-20T16:55:06.9690856Z State: Starting, Action: WarmUpProbeSucceeded, LastError: , LastErrorTimestamp: 01/01/0001 00:00:00, LastErrorDetails: , Details: Site startup probe succeeded after 57.5592584 seconds., DetailsLevel: INFO
2026-02-20T16:55:07.0036091Z Site is running with deployment version: 4552be68-cbb0-4f2a-8451-ad6fa450873b
2026-02-20T16:55:07.0038519Z Site started.
2026-02-20T16:55:07.0040028Z State: Started, Action: None, LastError: , LastErrorTimestamp: 01/01/0001 00:00:00, LastErrorDetails: , Details: Site started at 02/20/2026 16:55:07 (UTC), DetailsLevel: INFO
2026-02-20T16:55:07.0197022Z Site is running with patch version DOTNETCORE 10.0.2
