2026-03-06T00:01:55.7035666Z    _____                               
2026-03-06T00:01:55.7036113Z   /  _  \ __________ _________   ____  
2026-03-06T00:01:55.7036177Z  /  /_\  \\___   /  |  \_  __ \_/ __ \ 
2026-03-06T00:01:55.7036230Z /    |    \/    /|  |  /|  | \/\  ___/ 
2026-03-06T00:01:55.7036280Z \____|__  /_____ \____/ |__|    \___  >
2026-03-06T00:01:55.7036331Z         \/      \/                  \/ 
2026-03-06T00:01:55.7036381Z A P P   S E R V I C E   O N   L I N U X
2026-03-06T00:01:55.7036429Z 
2026-03-06T00:01:55.7036481Z Documentation       : http://aka.ms/webapp-linux
2026-03-06T00:01:55.7036534Z Dotnet quickstart   : https://aka.ms/dotnet-qs
2026-03-06T00:01:55.7036584Z ASP .NETCore Version: 10.0.2
2026-03-06T00:01:55.7036665Z Instance Name       : lw1sdlwk000AKC
2026-03-06T00:01:55.7036727Z Instance Id         : 14081d20018b15b1623fc720b48f16fa62465e5170c988d77c1ce70393fc7d40
2026-03-06T00:01:55.7036773Z 
2026-03-06T00:01:55.7036828Z Note: Any data outside '/home' is not persisted
2026-03-06T00:02:32.2918357Z  * Starting OpenBSD Secure Shell server sshd
2026-03-06T00:02:32.6263488Z    ...done.
2026-03-06T00:02:32.7187479Z WEBSITES_INCLUDE_CLOUD_CERTS is not set to true.
2026-03-06T00:02:32.9469957Z Updating certificates in /etc/ssl/certs...
2026-03-06T00:04:32.7617850Z rehash: warning: skipping duplicate certificate in SSLcom-TLS-Root-2022-ECC.pem
2026-03-06T00:04:32.8370808Z rehash: warning: skipping duplicate certificate in SSLcom-TLS-Root-2022-RSA.pem
2026-03-06T00:04:37.0458485Z rehash: warning: skipping ca-certificates.crt,it does not contain exactly one certificate or CRL
2026-03-06T00:04:37.2548090Z 4 added, 0 removed; done.
2026-03-06T00:04:37.2548548Z Running hooks in /etc/ca-certificates/update.d...
2026-03-06T00:04:37.3051639Z done.
2026-03-06T00:04:37.4813188Z CA certificates copied and updated successfully.
2026-03-06T00:04:37.8744064Z  * Starting periodic command scheduler cron
2026-03-06T00:04:38.1541722Z    ...done.
2026-03-06T00:04:38.1542150Z Running oryx create-script -appPath /home/site/wwwroot -output /opt/startup/startup.sh -defaultAppFilePath /defaulthome/hostingstart/hostingstart.dll     -bindPort 8080 -bindPort2 '' -userStartupCommand 'dotnet PoNovaWeight.Api.dll' 
2026-03-06T00:04:38.8775536Z Could not find build manifest file at '/home/site/wwwroot/oryx-manifest.toml'
2026-03-06T00:04:38.8776381Z Could not find operation ID in manifest. Generating an operation id...
2026-03-06T00:04:38.8776460Z Build Operation ID: 3292c374-28ca-45dd-9a82-36f1f1b70d80
2026-03-06T00:04:40.0018575Z 
2026-03-06T00:04:40.0102246Z Agent extension 
2026-03-06T00:04:40.0102567Z Before if loop >> DotNet Runtime 
2026-03-06T00:04:40.1313498Z DotNet Runtime 10.0Writing output script to '/opt/startup/startup.sh'
2026-03-06T00:04:40.4311994Z Running user provided startup command...
2026-03-06T00:04:47.2196776Z [00:04:46 INF] Key Vault not configured - using user secrets and environment variables only
2026-03-06T00:04:49.6166306Z [00:04:49 INF] Data Protection configured with Azure Blob Storage: https://stponovaweight.blob.core.windows.net/dataprotection-keys/keys.xml
2026-03-06T00:04:51.5465508Z [00:04:51 INF] OpenTelemetry OTLP endpoint not configured - distributed tracing disabled
2026-03-06T00:04:54.3425799Z [00:04:54 INF] Table Storage configured with URI + DefaultAzureCredential: https://stponovaweight.table.core.windows.net/
2026-03-06T00:04:56.9364353Z [00:04:54 FTL] Application terminated unexpectedly
2026-03-06T00:04:56.9364828Z System.InvalidOperationException: Google Client ID is required in production. Set Google:ClientId in configuration.
2026-03-06T00:04:56.9364961Z    at PoNovaWeight.Api.Infrastructure.AuthenticationExtensions.AddNovaAuthentication(IServiceCollection services, IConfiguration configuration, IWebHostEnvironment environment) in /home/runner/work/PoNovaWeight/PoNovaWeight/src/PoNovaWeight.Api/Infrastructure/AuthenticationExtensions.cs:line 40
2026-03-06T00:04:56.9365102Z    at Program.<Main>$(String[] args) in /home/runner/work/PoNovaWeight/PoNovaWeight/src/PoNovaWeight.Api/Program.cs:line 224
2026-03-06T01:29:06.1411228Z    _____                               
2026-03-06T01:29:06.1411560Z   /  _  \ __________ _________   ____  
2026-03-06T01:29:06.1411599Z  /  /_\  \\___   /  |  \_  __ \_/ __ \ 
2026-03-06T01:29:06.1411636Z /    |    \/    /|  |  /|  | \/\  ___/ 
2026-03-06T01:29:06.1411665Z \____|__  /_____ \____/ |__|    \___  >
2026-03-06T01:29:06.1411694Z         \/      \/                  \/ 
2026-03-06T01:29:06.1411722Z A P P   S E R V I C E   O N   L I N U X
2026-03-06T01:29:06.1411753Z 
2026-03-06T01:29:06.1411784Z Documentation       : http://aka.ms/webapp-linux
2026-03-06T01:29:06.1411816Z Dotnet quickstart   : https://aka.ms/dotnet-qs
2026-03-06T01:29:06.1411931Z ASP .NETCore Version: 10.0.2
2026-03-06T01:29:06.1411962Z Instance Name       : lw1sdlwk000AKC
2026-03-06T01:29:06.1411995Z Instance Id         : 14081d20018b15b1623fc720b48f16fa62465e5170c988d77c1ce70393fc7d40
2026-03-06T01:29:06.1412022Z 
2026-03-06T01:29:06.1412051Z Note: Any data outside '/home' is not persisted
2026-03-06T01:29:24.8105114Z  * Starting OpenBSD Secure Shell server sshd
2026-03-06T01:29:25.1549196Z    ...done.
2026-03-06T01:29:25.2343112Z WEBSITES_INCLUDE_CLOUD_CERTS is not set to true.
2026-03-06T01:29:25.4097839Z Updating certificates in /etc/ssl/certs...
2026-03-06T01:30:56.0790197Z rehash: warning: skipping duplicate certificate in SSLcom-TLS-Root-2022-ECC.pem
2026-03-06T01:30:56.0790631Z rehash: warning: skipping duplicate certificate in SSLcom-TLS-Root-2022-RSA.pem
2026-03-06T01:30:57.8055482Z rehash: warning: skipping ca-certificates.crt,it does not contain exactly one certificate or CRL
2026-03-06T01:30:57.9324726Z 4 added, 0 removed; done.
2026-03-06T01:30:57.9325139Z Running hooks in /etc/ca-certificates/update.d...
2026-03-06T01:30:58.0370255Z done.
2026-03-06T01:30:58.2458855Z CA certificates copied and updated successfully.
2026-03-06T01:30:58.6950375Z  * Starting periodic command scheduler cron
2026-03-06T01:30:58.7601727Z    ...done.
2026-03-06T01:30:58.7894653Z Running oryx create-script -appPath /home/site/wwwroot -output /opt/startup/startup.sh -defaultAppFilePath /defaulthome/hostingstart/hostingstart.dll     -bindPort 8080 -bindPort2 '' -userStartupCommand 'dotnet PoNovaWeight.Api.dll' 
2026-03-06T01:30:59.8570023Z Could not find build manifest file at '/home/site/wwwroot/oryx-manifest.toml'
2026-03-06T01:30:59.8570536Z Could not find operation ID in manifest. Generating an operation id...
2026-03-06T01:30:59.8570608Z Build Operation ID: 8d698f6d-a78d-4c60-9e71-0f32d68684b3
2026-03-06T01:31:03.4680501Z 
2026-03-06T01:31:03.4680799Z Agent extension 
2026-03-06T01:31:03.4680837Z Before if loop >> DotNet Runtime 
2026-03-06T01:31:03.9082130Z DotNet Runtime 10.0Writing output script to '/opt/startup/startup.sh'
2026-03-06T01:31:03.9082552Z Running user provided startup command...
2026-03-06T01:31:20.7051401Z [01:31:20 INF] Key Vault not configured - using user secrets and environment variables only
2026-03-06T01:31:24.9873254Z [01:31:23 INF] Data Protection configured with Azure Blob Storage: https://stponovaweight.blob.core.windows.net/dataprotection-keys/keys.xml
2026-03-06T01:31:26.6413636Z [01:31:26 INF] OpenTelemetry OTLP endpoint not configured - distributed tracing disabled
2026-03-06T01:31:31.6129213Z [01:31:31 INF] Table Storage configured with URI + DefaultAzureCredential: https://stponovaweight.table.core.windows.net/
2026-03-06T01:31:32.5806842Z [01:31:31 FTL] Application terminated unexpectedly
2026-03-06T01:31:32.5807216Z System.InvalidOperationException: Google Client ID is required in production. Set Google:ClientId in configuration.
2026-03-06T01:31:32.5807300Z    at PoNovaWeight.Api.Infrastructure.AuthenticationExtensions.AddNovaAuthentication(IServiceCollection services, IConfiguration configuration, IWebHostEnvironment environment) in /home/runner/work/PoNovaWeight/PoNovaWeight/src/PoNovaWeight.Api/Infrastructure/AuthenticationExtensions.cs:line 40
2026-03-06T01:31:32.5807341Z    at Program.<Main>$(String[] args) in /home/runner/work/PoNovaWeight/PoNovaWeight/src/PoNovaWeight.Api/Program.cs:line 224
2026-03-06T01:34:05.8880757Z    _____                               
2026-03-06T01:34:05.8881201Z   /  _  \ __________ _________   ____  
2026-03-06T01:34:05.8881265Z  /  /_\  \\___   /  |  \_  __ \_/ __ \ 
2026-03-06T01:34:05.8881316Z /    |    \/    /|  |  /|  | \/\  ___/ 
2026-03-06T01:34:05.8881370Z \____|__  /_____ \____/ |__|    \___  >
2026-03-06T01:34:05.8881421Z         \/      \/                  \/ 
2026-03-06T01:34:05.8881472Z A P P   S E R V I C E   O N   L I N U X
2026-03-06T01:34:05.8881519Z 
2026-03-06T01:34:05.8881572Z Documentation       : http://aka.ms/webapp-linux
2026-03-06T01:34:05.8881624Z Dotnet quickstart   : https://aka.ms/dotnet-qs
2026-03-06T01:34:05.8881675Z ASP .NETCore Version: 10.0.2
2026-03-06T01:34:05.8881749Z Instance Name       : lw1sdlwk000AKC
2026-03-06T01:34:05.8881809Z Instance Id         : 14081d20018b15b1623fc720b48f16fa62465e5170c988d77c1ce70393fc7d40
2026-03-06T01:34:05.8881855Z 
2026-03-06T01:34:05.8881908Z Note: Any data outside '/home' is not persisted
2026-03-06T01:34:33.3495255Z  * Starting OpenBSD Secure Shell server sshd
2026-03-06T01:34:33.5720029Z    ...done.
2026-03-06T01:34:33.6565830Z WEBSITES_INCLUDE_CLOUD_CERTS is not set to true.
2026-03-06T01:34:33.8363396Z Updating certificates in /etc/ssl/certs...
2026-03-06T01:36:05.8117649Z rehash: warning: skipping duplicate certificate in SSLcom-TLS-Root-2022-ECC.pem
2026-03-06T01:36:05.8118091Z rehash: warning: skipping duplicate certificate in SSLcom-TLS-Root-2022-RSA.pem
2026-03-06T01:36:08.1399815Z rehash: warning: skipping ca-certificates.crt,it does not contain exactly one certificate or CRL
2026-03-06T01:36:08.5853839Z 4 added, 0 removed; done.
2026-03-06T01:36:08.5854214Z Running hooks in /etc/ca-certificates/update.d...
2026-03-06T01:36:08.6747956Z done.
2026-03-06T01:36:08.7590123Z CA certificates copied and updated successfully.
2026-03-06T01:36:10.5233067Z  * Starting periodic command scheduler cron
2026-03-06T01:36:10.5233795Z    ...done.
2026-03-06T01:36:10.5233905Z Running oryx create-script -appPath /home/site/wwwroot -output /opt/startup/startup.sh -defaultAppFilePath /defaulthome/hostingstart/hostingstart.dll     -bindPort 8080 -bindPort2 '' -userStartupCommand 'dotnet PoNovaWeight.Api.dll' 
2026-03-06T01:36:11.1181709Z Could not find build manifest file at '/home/site/wwwroot/oryx-manifest.toml'
2026-03-06T01:36:11.1182149Z Could not find operation ID in manifest. Generating an operation id...
2026-03-06T01:36:11.1182216Z Build Operation ID: 704f0802-f16d-435d-bded-f77de7e31917
2026-03-06T01:36:16.6699045Z 
2026-03-06T01:36:16.6699460Z Agent extension 
2026-03-06T01:36:16.6699526Z Before if loop >> DotNet Runtime 
2026-03-06T01:36:16.6699675Z DotNet Runtime 10.0Writing output script to '/opt/startup/startup.sh'
2026-03-06T01:36:17.0280267Z Running user provided startup command...
2026-03-06T01:36:33.7261218Z [01:36:33 INF] Key Vault not configured - using user secrets and environment variables only
2026-03-06T01:36:35.7957810Z [01:36:35 INF] Data Protection configured with Azure Blob Storage: https://stponovaweight.blob.core.windows.net/dataprotection-keys/keys.xml
2026-03-06T01:36:36.9072873Z [01:36:36 INF] OpenTelemetry OTLP endpoint not configured - distributed tracing disabled
2026-03-06T01:36:38.8064198Z [01:36:38 INF] Table Storage configured with URI + DefaultAzureCredential: https://stponovaweight.table.core.windows.net/
2026-03-06T01:36:39.5264039Z [01:36:38 FTL] Application terminated unexpectedly
2026-03-06T01:36:39.5264811Z System.InvalidOperationException: Google Client ID is required in production. Set Google:ClientId in configuration.
2026-03-06T01:36:39.5264943Z    at PoNovaWeight.Api.Infrastructure.AuthenticationExtensions.AddNovaAuthentication(IServiceCollection services, IConfiguration configuration, IWebHostEnvironment environment) in /home/runner/work/PoNovaWeight/PoNovaWeight/src/PoNovaWeight.Api/Infrastructure/AuthenticationExtensions.cs:line 40
2026-03-06T01:36:39.5265007Z    at Program.<Main>$(String[] args) in /home/runner/work/PoNovaWeight/PoNovaWeight/src/PoNovaWeight.Api/Program.cs:line 224
2026-03-06T01:41:22.8505941Z    _____                               
2026-03-06T01:41:22.8506279Z   /  _  \ __________ _________   ____  
2026-03-06T01:41:22.8506341Z  /  /_\  \\___   /  |  \_  __ \_/ __ \ 
2026-03-06T01:41:22.8506394Z /    |    \/    /|  |  /|  | \/\  ___/ 
2026-03-06T01:41:22.8506444Z \____|__  /_____ \____/ |__|    \___  >
2026-03-06T01:41:22.8506495Z         \/      \/                  \/ 
2026-03-06T01:41:22.8506545Z A P P   S E R V I C E   O N   L I N U X
2026-03-06T01:41:22.8506594Z 
2026-03-06T01:41:22.8506649Z Documentation       : http://aka.ms/webapp-linux
2026-03-06T01:41:22.8506701Z Dotnet quickstart   : https://aka.ms/dotnet-qs
2026-03-06T01:41:22.8506751Z ASP .NETCore Version: 10.0.2
2026-03-06T01:41:22.8507161Z Instance Name       : lw1sdlwk000AKC
2026-03-06T01:41:22.8507232Z Instance Id         : 14081d20018b15b1623fc720b48f16fa62465e5170c988d77c1ce70393fc7d40
2026-03-06T01:41:22.8507280Z 
2026-03-06T01:41:22.8507333Z Note: Any data outside '/home' is not persisted
2026-03-06T01:41:37.4388794Z  * Starting OpenBSD Secure Shell server sshd
2026-03-06T01:41:38.5540384Z    ...done.
2026-03-06T01:41:38.9065026Z WEBSITES_INCLUDE_CLOUD_CERTS is not set to true.
2026-03-06T01:41:39.2736263Z Updating certificates in /etc/ssl/certs...
2026-03-06T01:44:23.6296346Z rehash: warning: skipping duplicate certificate in SSLcom-TLS-Root-2022-ECC.pem
2026-03-06T01:44:23.6296840Z rehash: warning: skipping duplicate certificate in SSLcom-TLS-Root-2022-RSA.pem
2026-03-06T01:44:27.0988793Z rehash: warning: skipping ca-certificates.crt,it does not contain exactly one certificate or CRL
2026-03-06T01:44:27.5509588Z 4 added, 0 removed; done.
2026-03-06T01:44:27.5579327Z Running hooks in /etc/ca-certificates/update.d...
2026-03-06T01:44:27.6420833Z done.
2026-03-06T01:44:27.8175012Z CA certificates copied and updated successfully.
2026-03-06T01:44:28.8369531Z  * Starting periodic command scheduler cron
2026-03-06T01:44:29.1763797Z    ...done.
2026-03-06T01:44:29.4044660Z Running oryx create-script -appPath /home/site/wwwroot -output /opt/startup/startup.sh -defaultAppFilePath /defaulthome/hostingstart/hostingstart.dll     -bindPort 8080 -bindPort2 '' -userStartupCommand 'dotnet PoNovaWeight.Api.dll' 
2026-03-06T01:44:30.6352618Z Could not find build manifest file at '/home/site/wwwroot/oryx-manifest.toml'
2026-03-06T01:44:30.6353327Z Could not find operation ID in manifest. Generating an operation id...
2026-03-06T01:44:30.6353397Z Build Operation ID: ccf49c73-f020-46f3-aca9-f154cb72bb1b
2026-03-06T01:44:32.9918484Z 
2026-03-06T01:44:33.0297100Z Agent extension 
2026-03-06T01:44:33.0297245Z Before if loop >> DotNet Runtime 
2026-03-06T01:44:33.3168717Z DotNet Runtime 10.0Writing output script to '/opt/startup/startup.sh'
2026-03-06T01:44:34.0595742Z Running user provided startup command...
2026-03-06T01:44:58.9441300Z [01:44:57 INF] Key Vault not configured - using user secrets and environment variables only
2026-03-06T01:45:10.2978409Z [01:45:10 INF] Data Protection configured with Azure Blob Storage: https://stponovaweight.blob.core.windows.net/dataprotection-keys/keys.xml
2026-03-06T01:45:12.8490921Z [01:45:12 INF] OpenTelemetry OTLP endpoint not configured - distributed tracing disabled
2026-03-06T01:45:16.7285197Z [01:45:16 INF] Table Storage configured with URI + DefaultAzureCredential: https://stponovaweight.table.core.windows.net/
2026-03-06T01:45:17.9961143Z [01:45:17 FTL] Application terminated unexpectedly
2026-03-06T01:45:17.9961599Z System.InvalidOperationException: Google Client ID is required in production. Set Google:ClientId in configuration.
2026-03-06T01:45:18.0046521Z    at PoNovaWeight.Api.Infrastructure.AuthenticationExtensions.AddNovaAuthentication(IServiceCollection services, IConfiguration configuration, IWebHostEnvironment environment) in /home/runner/work/PoNovaWeight/PoNovaWeight/src/PoNovaWeight.Api/Infrastructure/AuthenticationExtensions.cs:line 40
2026-03-06T01:45:18.0046979Z    at Program.<Main>$(String[] args) in /home/runner/work/PoNovaWeight/PoNovaWeight/src/PoNovaWeight.Api/Program.cs:line 224
2026-03-06T01:49:24.3505998Z    _____                               
2026-03-06T01:49:24.3506388Z   /  _  \ __________ _________   ____  
2026-03-06T01:49:24.3506455Z  /  /_\  \\___   /  |  \_  __ \_/ __ \ 
2026-03-06T01:49:24.3506507Z /    |    \/    /|  |  /|  | \/\  ___/ 
2026-03-06T01:49:24.3506562Z \____|__  /_____ \____/ |__|    \___  >
2026-03-06T01:49:24.3506613Z         \/      \/                  \/ 
2026-03-06T01:49:24.3506696Z A P P   S E R V I C E   O N   L I N U X
2026-03-06T01:49:24.3506747Z 
2026-03-06T01:49:24.3506800Z Documentation       : http://aka.ms/webapp-linux
2026-03-06T01:49:24.3507401Z Dotnet quickstart   : https://aka.ms/dotnet-qs
2026-03-06T01:49:24.3507458Z ASP .NETCore Version: 10.0.2
2026-03-06T01:49:24.3507510Z Instance Name       : lw1sdlwk000AKC
2026-03-06T01:49:24.3507569Z Instance Id         : 14081d20018b15b1623fc720b48f16fa62465e5170c988d77c1ce70393fc7d40
2026-03-06T01:49:24.3507615Z 
2026-03-06T01:49:24.3507666Z Note: Any data outside '/home' is not persisted
2026-03-06T01:49:32.0899069Z  * Starting OpenBSD Secure Shell server sshd
2026-03-06T01:49:32.2406476Z    ...done.
2026-03-06T01:49:32.2722522Z WEBSITES_INCLUDE_CLOUD_CERTS is not set to true.
2026-03-06T01:49:32.3712883Z Updating certificates in /etc/ssl/certs...
2026-03-06T01:51:03.8070732Z rehash: warning: skipping duplicate certificate in SSLcom-TLS-Root-2022-ECC.pem
2026-03-06T01:51:03.8071225Z rehash: warning: skipping duplicate certificate in SSLcom-TLS-Root-2022-RSA.pem
2026-03-06T01:51:05.4708036Z rehash: warning: skipping ca-certificates.crt,it does not contain exactly one certificate or CRL
2026-03-06T01:51:05.6788149Z 4 added, 0 removed; done.
2026-03-06T01:51:05.6788519Z Running hooks in /etc/ca-certificates/update.d...
2026-03-06T01:51:05.6788575Z done.
2026-03-06T01:51:05.7693605Z CA certificates copied and updated successfully.
2026-03-06T01:51:06.7842790Z  * Starting periodic command scheduler cron
2026-03-06T01:51:07.0699550Z    ...done.
2026-03-06T01:51:07.1394326Z Running oryx create-script -appPath /home/site/wwwroot -output /opt/startup/startup.sh -defaultAppFilePath /defaulthome/hostingstart/hostingstart.dll     -bindPort 8080 -bindPort2 '' -userStartupCommand 'dotnet PoNovaWeight.Api.dll' 
2026-03-06T01:51:08.0066719Z Could not find build manifest file at '/home/site/wwwroot/oryx-manifest.toml'
2026-03-06T01:51:08.0067522Z Could not find operation ID in manifest. Generating an operation id...
2026-03-06T01:51:08.0067567Z Build Operation ID: a9a982e9-bd09-4c63-81cd-2e3f09f7a2b6
2026-03-06T01:51:10.1357243Z 
2026-03-06T01:51:10.1357677Z Agent extension 
2026-03-06T01:51:10.1357743Z Before if loop >> DotNet Runtime 
2026-03-06T01:51:10.4766505Z DotNet Runtime 10.0Writing output script to '/opt/startup/startup.sh'
2026-03-06T01:51:10.7620311Z Running user provided startup command...
2026-03-06T01:51:26.2403068Z [01:51:24 INF] Key Vault not configured - using user secrets and environment variables only
2026-03-06T01:51:31.9632928Z [01:51:31 INF] Data Protection configured with Azure Blob Storage: https://stponovaweight.blob.core.windows.net/dataprotection-keys/keys.xml
2026-03-06T01:51:34.5076077Z [01:51:34 INF] OpenTelemetry OTLP endpoint not configured - distributed tracing disabled
2026-03-06T01:51:37.3418976Z [01:51:37 INF] Table Storage configured with URI + DefaultAzureCredential: https://stponovaweight.table.core.windows.net/
2026-03-06T01:51:38.3398261Z [01:51:37 FTL] Application terminated unexpectedly
2026-03-06T01:51:38.3398716Z System.InvalidOperationException: Google Client ID is required in production. Set Google:ClientId in configuration.
2026-03-06T01:51:38.3795739Z    at PoNovaWeight.Api.Infrastructure.AuthenticationExtensions.AddNovaAuthentication(IServiceCollection services, IConfiguration configuration, IWebHostEnvironment environment) in /home/runner/work/PoNovaWeight/PoNovaWeight/src/PoNovaWeight.Api/Infrastructure/AuthenticationExtensions.cs:line 40
2026-03-06T01:51:38.3909095Z    at Program.<Main>$(String[] args) in /home/runner/work/PoNovaWeight/PoNovaWeight/src/PoNovaWeight.Api/Program.cs:line 224
2026-03-06T02:06:58.3649630Z    _____                               
2026-03-06T02:06:58.3650044Z   /  _  \ __________ _________   ____  
2026-03-06T02:06:58.3650108Z  /  /_\  \\___   /  |  \_  __ \_/ __ \ 
2026-03-06T02:06:58.3650166Z /    |    \/    /|  |  /|  | \/\  ___/ 
2026-03-06T02:06:58.3650217Z \____|__  /_____ \____/ |__|    \___  >
2026-03-06T02:06:58.3650268Z         \/      \/                  \/ 
2026-03-06T02:06:58.3650317Z A P P   S E R V I C E   O N   L I N U X
2026-03-06T02:06:58.3650365Z 
2026-03-06T02:06:58.3650421Z Documentation       : http://aka.ms/webapp-linux
2026-03-06T02:06:58.3650477Z Dotnet quickstart   : https://aka.ms/dotnet-qs
2026-03-06T02:06:58.3650531Z ASP .NETCore Version: 10.0.2
2026-03-06T02:06:58.3650609Z Instance Name       : lw1sdlwk000AKC
2026-03-06T02:06:58.3650674Z Instance Id         : 14081d20018b15b1623fc720b48f16fa62465e5170c988d77c1ce70393fc7d40
2026-03-06T02:06:58.3650724Z 
2026-03-06T02:06:58.3650777Z Note: Any data outside '/home' is not persisted
2026-03-06T02:08:50.2168954Z  * Starting OpenBSD Secure Shell server sshd
2026-03-06T02:08:52.8917675Z    ...done.
2026-03-06T02:08:55.0316007Z WEBSITES_INCLUDE_CLOUD_CERTS is not set to true.
2026-03-06T02:08:59.1197850Z Updating certificates in /etc/ssl/certs...
